══════════════════════════════════════════════════════════════════════
  Log started : 2026-03-01 11:53:39
  Step        : calculate_direct_twf
  Log file    : /Users/kumar.aniket/Documents/personal/research/tourism-water-footprint/twf-calculation/logs/direct_twf/calculate_direct_twf_20260301_115339.log
══════════════════════════════════════════════════════════════════════

══════════════════════════════════════════════════════════════════════
  CALCULATE DIRECT TWF (Activity-Based, 4-Sector Model)
══════════════════════════════════════════════════════════════════════

  ── Water coefficients by year ──
     Hotel coefficients (L/room/night):

    Year  LOW    BASE    HIGH  
    ────  ─────  ──────  ──────
    2015  953.0  1251.0  1797.0
    2019  700.0  1000.0  1400.0
    2022  497.0  818.0   1247.0

     Restaurant (L/meal)  Rail (L/pkm)  Air (L/pax):
       Rail  — LOW:2.6  BASE:3.5  HIGH:4.4
       Air   — LOW:13.0  BASE:18.0  HIGH:23.0

══════════════════════════════════════════════════════════════════════
  Direct TWF — FY 2015
══════════════════════════════════════════════════════════════════════

  ── Activity inputs ──

    Parameter               Value        Source             
    ──────────────────────  ───────────  ───────────────────
    Domestic tourists       1432.0 M     MoT Annual Report  
    Inbound tourists        8.03 M       MoT/UNWTO          
    Avg stay (domestic)     3.5 days     NSSO Tourism Survey
    Avg stay (inbound)      21.0 days    MoT                
    Classified hotel rooms  113,622      MoT Hotel Survey   
    Hotel occupancy rate    63%          MoT Hotel Survey   
    Rail pkm                115.0 B pkm  MoR Annual Report  
    Air passengers          85.0 M       DGCA               
    Tourist rail share      25%          NSSO Tourism Survey
    Tourist air share       60%          DGCA/NSSO          


  ── BASE scenario breakdown ──

    Sector       Volume       Share   Coefficient        
    ───────────  ───────────  ──────  ───────────────────
    Hotels       32.69 M m³   6.3%    1251.0 L/room/night
    Restaurants  388.54 M m³  74.3%   30.0 L/meal        
    Rail         100.62 M m³  19.2%   3.5 L/pkm          
    Air          0.92 M m³    0.2%    18.0 L/passenger   
    TOTAL        522.8 M m³   100.0%                     


  ── Sensitivity range ──
  ✓  LOW:  359.3 M m³
  ✓  BASE: 522.8 M m³
  ✓  HIGH: 757.4 M m³  (range: ±38.1% around BASE)
  ✓  Saved Direct TWF 2015  (3 rows → direct_twf_2015.csv)
  ✓  Summary written: direct_twf_2015_summary.txt

══════════════════════════════════════════════════════════════════════
  Direct TWF — FY 2019
══════════════════════════════════════════════════════════════════════

  ── Activity inputs ──

    Parameter               Value        Source             
    ──────────────────────  ───────────  ───────────────────
    Domestic tourists       2321.0 M     MoT Annual Report  
    Inbound tourists        10.93 M      MoT/UNWTO          
    Avg stay (domestic)     4.2 days     NSSO Tourism Survey
    Avg stay (inbound)      22.0 days    MoT                
    Classified hotel rooms  140,111      MoT Hotel Survey   
    Hotel occupancy rate    61%          MoT Hotel Survey   
    Rail pkm                141.0 B pkm  MoR Annual Report  
    Air passengers          145.0 M      DGCA               
    Tourist rail share      25%          NSSO Tourism Survey
    Tourist air share       60%          DGCA/NSSO          


  ── BASE scenario breakdown ──

    Sector       Volume       Share   Coefficient        
    ───────────  ───────────  ──────  ───────────────────
    Hotels       31.20 M m³   3.4%    1000.0 L/room/night
    Restaurants  774.12 M m³  83.2%   31.0 L/meal        
    Rail         123.38 M m³  13.3%   3.5 L/pkm          
    Air          1.57 M m³    0.2%    18.0 L/passenger   
    TOTAL        930.3 M m³   100.0%                     


  ── Sensitivity range ──
  ✓  LOW:  614.1 M m³
  ✓  BASE: 930.3 M m³
  ✓  HIGH: 1.324 bn m³  (range: ±38.2% around BASE)
  ✓  Saved Direct TWF 2019  (3 rows → direct_twf_2019.csv)
  ✓  Summary written: direct_twf_2019_summary.txt

══════════════════════════════════════════════════════════════════════
  Direct TWF — FY 2022
══════════════════════════════════════════════════════════════════════

  ── Activity inputs ──

    Parameter               Value        Source             
    ──────────────────────  ───────────  ───────────────────
    Domestic tourists       1731.0 M     MoT Annual Report  
    Inbound tourists        8.58 M       MoT/UNWTO          
    Avg stay (domestic)     5.0 days     NSSO Tourism Survey
    Avg stay (inbound)      20.5 days    MoT                
    Classified hotel rooms  152,945      MoT Hotel Survey   
    Hotel occupancy rate    66%          MoT Hotel Survey   
    Rail pkm                135.0 B pkm  MoR Annual Report  
    Air passengers          130.0 M      DGCA               
    Tourist rail share      25%          NSSO Tourism Survey
    Tourist air share       60%          DGCA/NSSO          


  ── BASE scenario breakdown ──

    Sector       Volume       Share   Coefficient       
    ───────────  ───────────  ──────  ──────────────────
    Hotels       30.14 M m³   3.5%    818.0 L/room/night
    Restaurants  706.47 M m³  82.5%   32.0 L/meal       
    Rail         118.12 M m³  13.8%   3.5 L/pkm         
    Air          1.40 M m³    0.2%    18.0 L/passenger  
    TOTAL        856.1 M m³   100.0%                    


  ── Sensitivity range ──
  ✓  LOW:  548.6 M m³
  ✓  BASE: 856.1 M m³
  ✓  HIGH: 1.190 bn m³  (range: ±37.4% around BASE)
  ✓  Saved Direct TWF 2022  (3 rows → direct_twf_2022.csv)
  ✓  Summary written: direct_twf_2022_summary.txt
  ✓  Saved Direct TWF all years  (9 rows → direct_twf_all_years.csv)

══════════════════════════════════════════════════════════════════════
  Cross-Year Direct TWF Comparison
══════════════════════════════════════════════════════════════════════

  Direct TWF BASE (billion m³)
  Year               Value       Abs_Chg     Pct_Chg          CAGR
  ──────────────────────────────────────────────────────────────
  2015              0.5228 bn m³        (base)
  2019              0.9303 bn m³  ↑    0.4075      +77.9%      +15.5%/yr
  2022              0.8561 bn m³  ↑    0.3333      +63.8%       +7.3%/yr
  ✓  Hotel water efficiency: 1251.0 → 818.0 L/room/night  (-34.6% change, 2015→2022)
  ✓  Done in 0.0s

──────────────────────────────────────────────────────────────────────
  Step 'calculate_direct_twf' finished  |  elapsed: 0.0s
  Warnings: 0  |  Errors: 0
