══════════════════════════════════════════════════════════════════════
  Log started : 2026-03-04 06:39:21
  Step        : calculate_direct_twf
  Log file    : /Users/kumar.aniket/Documents/personal/research/tourism-water-footprint/twf-calculation/logs/direct_twf/calculate_direct_twf_20260304_063921.log
══════════════════════════════════════════════════════════════════════

══════════════════════════════════════════════════════════════════════
  CALCULATE DIRECT TWF (Activity-Based, 4-Sector Model)
══════════════════════════════════════════════════════════════════════

  ── Water coefficients by year ──
     Hotel coefficients (L/room/night):

    Year  LOW    BASE    HIGH  
    ────  ─────  ──────  ──────
    2015  953.0  1251.0  1797.0
    2019  700.0  1000.0  1400.0
    2022  497.0  818.0   1247.0

     Restaurant (L/meal)  Rail (L/pkm)  Air (L/pax):
       Rail  — LOW:2.6  BASE:3.5  HIGH:4.4
       Air   — LOW:13.0  BASE:18.0  HIGH:23.0

══════════════════════════════════════════════════════════════════════
  Direct TWF — FY 2015
══════════════════════════════════════════════════════════════════════

  ── Activity inputs ──

    Parameter            Value        Source             
    ───────────────────  ───────────  ───────────────────
    Domestic tourists    1432.0 M     MoT Annual Report  
    Inbound tourists     8.03 M       MoT/UNWTO          
    Avg stay (domestic)  3.5 days     NSSO Tourism Survey
    Avg stay (inbound)   21.0 days    MoT                
    Rail pkm             115.0 B pkm  MoR Annual Report  
    Air passengers       85.0 M       DGCA               
    Tourist rail share   25%          NSSO Tourism Survey
    Tourist air share    60%          DGCA/NSSO          


  ── BASE scenario breakdown ──

    Sector       Volume        Share   Coefficient                                                             
    ───────────  ────────────  ──────  ────────────────────────────────────────────────────────────────────────
    Hotels       6480.84 M m³  93.0%   1251.0 L/room/night  (5180.5 M tourist-nights: 5011.9M dom + 168.6M inb)
    Restaurants  388.54 M m³   5.6%    30.0 L/meal                                                             
    Rail         100.62 M m³   1.4%    3.5 L/pkm                                                               
    Air          0.92 M m³     0.0%    18.0 L/passenger                                                        
    TOTAL        6.971 bn m³   100.0%                                                                          


  ── Sensitivity range ──
  ✓  LOW:  5.271 bn m³
  ✓  BASE: 6.971 bn m³
  ✓  HIGH: 10.020 bn m³  (range: ±34.1% around BASE)
  ⚠  BASE direct TWF = 6.971 bn m³ — unusually high (>5 bn m³). Verify activity data coefficients.
  ✓  Saved Direct TWF 2015  (3 rows → direct_twf_2015.csv)
  ✓  Summary written: direct_twf_2015_summary.txt

══════════════════════════════════════════════════════════════════════
  Direct TWF — FY 2019
══════════════════════════════════════════════════════════════════════

  ── Activity inputs ──

    Parameter            Value        Source             
    ───────────────────  ───────────  ───────────────────
    Domestic tourists    2321.0 M     MoT Annual Report  
    Inbound tourists     10.93 M      MoT/UNWTO          
    Avg stay (domestic)  4.2 days     NSSO Tourism Survey
    Avg stay (inbound)   22.0 days    MoT                
    Rail pkm             141.0 B pkm  MoR Annual Report  
    Air passengers       145.0 M      DGCA               
    Tourist rail share   25%          NSSO Tourism Survey
    Tourist air share    60%          DGCA/NSSO          


  ── BASE scenario breakdown ──

    Sector       Volume        Share   Coefficient                                                             
    ───────────  ────────────  ──────  ────────────────────────────────────────────────────────────────────────
    Hotels       9988.66 M m³  91.7%   1000.0 L/room/night  (9988.7 M tourist-nights: 9748.2M dom + 240.5M inb)
    Restaurants  774.12 M m³   7.1%    31.0 L/meal                                                             
    Rail         123.38 M m³   1.1%    3.5 L/pkm                                                               
    Air          1.57 M m³     0.0%    18.0 L/passenger                                                        
    TOTAL        10.888 bn m³  100.0%                                                                          


  ── Sensitivity range ──
  ✓  LOW:  7.584 bn m³
  ✓  BASE: 10.888 bn m³
  ✓  HIGH: 15.265 bn m³  (range: ±35.3% around BASE)
  ⚠  BASE direct TWF = 10.888 bn m³ — unusually high (>5 bn m³). Verify activity data coefficients.
  ✓  Saved Direct TWF 2019  (3 rows → direct_twf_2019.csv)
  ✓  Summary written: direct_twf_2019_summary.txt

══════════════════════════════════════════════════════════════════════
  Direct TWF — FY 2022
══════════════════════════════════════════════════════════════════════

  ── Activity inputs ──

    Parameter            Value        Source             
    ───────────────────  ───────────  ───────────────────
    Domestic tourists    1731.0 M     MoT Annual Report  
    Inbound tourists     8.58 M       MoT/UNWTO          
    Avg stay (domestic)  5.0 days     NSSO Tourism Survey
    Avg stay (inbound)   20.5 days    MoT                
    Rail pkm             135.0 B pkm  MoR Annual Report  
    Air passengers       130.0 M      DGCA               
    Tourist rail share   25%          NSSO Tourism Survey
    Tourist air share    60%          DGCA/NSSO          


  ── BASE scenario breakdown ──

    Sector       Volume        Share   Coefficient                                                            
    ───────────  ────────────  ──────  ───────────────────────────────────────────────────────────────────────
    Hotels       7223.67 M m³  89.7%   818.0 L/room/night  (8830.9 M tourist-nights: 8655.0M dom + 175.9M inb)
    Restaurants  706.47 M m³   8.8%    32.0 L/meal                                                            
    Rail         118.12 M m³   1.5%    3.5 L/pkm                                                              
    Air          1.40 M m³     0.0%    18.0 L/passenger                                                       
    TOTAL        8.050 bn m³   100.0%                                                                         


  ── Sensitivity range ──
  ✓  LOW:  4.919 bn m³
  ✓  BASE: 8.050 bn m³
  ✓  HIGH: 12.156 bn m³  (range: ±44.9% around BASE)
  ⚠  BASE direct TWF = 8.050 bn m³ — unusually high (>5 bn m³). Verify activity data coefficients.
  ✓  Saved Direct TWF 2022  (3 rows → direct_twf_2022.csv)
  ✓  Summary written: direct_twf_2022_summary.txt
  ✓  Saved Direct TWF all years  (9 rows → direct_twf_all_years.csv)

══════════════════════════════════════════════════════════════════════
  Cross-Year Direct TWF Comparison
══════════════════════════════════════════════════════════════════════

  Direct TWF BASE (billion m³)
  Year               Value       Abs_Chg     Pct_Chg          CAGR
  ──────────────────────────────────────────────────────────────
  2015              6.9709 bn m³        (base)
  2019             10.8877 bn m³  ↑    3.9168      +56.2%      +11.8%/yr
  2022              8.0497 bn m³  ↑    1.0788      +15.5%       +2.1%/yr
  ✓  Hotel water efficiency: 1251.0 → 818.0 L/room/night  (-34.6% change, 2015→2022)
  ✓  Done in 0.0s

──────────────────────────────────────────────────────────────────────
  Step 'calculate_direct_twf' finished  |  elapsed: 0.0s
  Warnings: 3  |  Errors: 0
    ⚠  BASE direct TWF = 6.971 bn m³ — unusually high (>5 bn m³). Verify activity data coefficients.
    ⚠  BASE direct TWF = 10.888 bn m³ — unusually high (>5 bn m³). Verify activity data coefficients.
    ⚠  BASE direct TWF = 8.050 bn m³ — unusually high (>5 bn m³). Verify activity data coefficients.
