# Log started: 2026-02-23T07:47:04.961800

======================================================================
  BUILD IO TABLES (SUT → PTA → L)
======================================================================
  ✓ Years to process: ['2015-16', '2019-20', '2021-22']

======================================================================
  Processing SUT → IO: 2015-16
======================================================================
  ✓ Products: 140,  Industries: 66,  Scale: ×0.01
  ⚠ Row mismatch — trimming to 140
  ✓ Final demand: ₹242,835 crore  [PFCE, GFCE, GFCF, CIS, Valuables, Export]
  ✓ V total: ₹25,241,782 cr | Z: ₹527,161 cr | x: ₹769,996 cr

  ── Validation
  ✓ Output balance: 769,996 ≈ 769,996  (Δ 0.000% — PASS)
  ⚠ Demand-side x vs supply-side q: 769,996 vs 25,241,782  (Δ 96.95% — CHECK)
  ✓ A: shape=(140, 140), non-zero=10288, max=0.8518, neg=0, diag_mean=0.0253
  ✓ L: shape=(140, 140), non-zero=19183, max=1.7317, neg=0, diag_mean=1.0426
  ✓ Spectral radius ρ(A_2015-16) = 0.692949  < 1  ✓ Hawkins-Simon holds
  ✓ All diagonal L ≥ 1
  ⚠ 2 A column sums ≥ 1 — economy may be infeasible

  Top 10 by Output:
  Rank  Product                                                   Output        %
  ────────────────────────────────────────────────────────────────────────────────
  1     Construction and construction services                    58,024 cr     7.5%
  2     Public administration and defence                         18,339 cr     2.4%
  3     Petroleum products                                        17,242 cr     2.2%
  4     Computer related services                                 15,621 cr     2.0%
  5     Motor vehicles                                            14,807 cr     1.9%
  6     Education services                                        12,740 cr     1.7%
  7     Land transport                                            12,462 cr     1.6%
  8     Ownership of dwellings                                    12,072 cr     1.6%
  9     Coal tar products                                         11,588 cr     1.5%
  10    Iron and steel casting and forging                        10,416 cr     1.4%
  ✓ Saved io_Z_2015_16  (140 rows)
  ✓ Saved io_A_2015_16  (140 rows)
  ✓ Saved io_L_2015_16  (140 rows)
  ✓ Saved output 2015-16  (140 rows)
  ✓ Saved products 2015-16  (140 rows)
  ✓ Saved generic product list  (140 rows)

======================================================================
  Processing SUT → IO: 2019-20
======================================================================
  ✓ Products: 140,  Industries: 66,  Scale: ×1.0
  ⚠ Row mismatch — trimming to 140
  ✓ Final demand: ₹24,283,531 crore  [PFCE, GFCE, GFCF, CIS, Valuables, Export]
  ✓ V total: ₹36,486,545 cr | Z: ₹55,251,606 cr | x: ₹79,535,137 cr

  ── Validation
  ✓ Output balance: 79,535,137 ≈ 79,535,137  (Δ 0.000% — PASS)
  ⚠ Demand-side x vs supply-side q: 79,535,137 vs 36,486,545  (Δ 117.98% — CHECK)
  ✓ A: shape=(140, 140), non-zero=9148, max=0.8485, neg=0, diag_mean=0.0340
  ✓ L: shape=(140, 140), non-zero=19183, max=8.8126, neg=0, diag_mean=1.1062
  ✓ Spectral radius ρ(A_2019-20) = 0.900528  < 1  ✓ Hawkins-Simon holds
  ✓ All diagonal L ≥ 1
  ⚠ 1 A column sums ≥ 1 — economy may be infeasible

  ── A-matrix stability: 2015-16 → 2019-20
  ✓ Column-sum Δ: mean=24.3%  max=2008.5%  n_>30.0%: 5/140
  ⚠ 5 sectors shifted >30.0% — review NAS scaling

  Top 10 by Output:
  Rank  Product                                                   Output        %
  ────────────────────────────────────────────────────────────────────────────────
  1     Construction and construction services                 5,739,696 cr     7.2%
  2     Public administration and defence                      1,833,915 cr     2.3%
  3     Petroleum products                                     1,724,252 cr     2.2%
  4     Computer related services                              1,607,341 cr     2.0%
  5     Motor vehicles                                         1,490,682 cr     1.9%
  6     Education services                                     1,273,996 cr     1.6%
  7     Land transport                                         1,246,158 cr     1.6%
  8     Ownership of dwellings                                 1,207,229 cr     1.5%
  9     Coal tar products                                      1,148,045 cr     1.4%
  10    Organic chemicals                                      1,078,678 cr     1.4%
  ✓ Saved io_Z_2019_20  (140 rows)
  ✓ Saved io_A_2019_20  (140 rows)
  ✓ Saved io_L_2019_20  (140 rows)
  ✓ Saved output 2019-20  (140 rows)
  ✓ Saved products 2019-20  (140 rows)
  ✓ Saved generic product list  (140 rows)

======================================================================
  Processing SUT → IO: 2021-22
======================================================================
  ✓ Products: 140,  Industries: 66,  Scale: ×1.0
  ⚠ Row mismatch — trimming to 140
  ✓ Final demand: ₹29,129,347 crore  [PFCE, GFCE, GFCF, CIS, Valuables, Export]
  ✓ V total: ₹44,814,555 cr | Z: ₹69,995,449 cr | x: ₹99,124,796 cr

  ── Validation
  ✓ Output balance: 99,124,796 ≈ 99,124,796  (Δ 0.000% — PASS)
  ⚠ Demand-side x vs supply-side q: 99,124,796 vs 44,814,555  (Δ 121.19% — CHECK)
  ✓ A: shape=(140, 140), non-zero=7787, max=0.8484, neg=0, diag_mean=0.0267
  ✓ L: shape=(140, 140), non-zero=18909, max=1.5742, neg=0, diag_mean=1.0447
  ✓ Spectral radius ρ(A_2021-22) = 0.722213  < 1  ✓ Hawkins-Simon holds
  ✓ All diagonal L ≥ 1
  ⚠ 3 A column sums ≥ 1 — economy may be infeasible

  ── A-matrix stability: 2019-20 → 2021-22
  ✓ Column-sum Δ: mean=6.5%  max=100.0%  n_>30.0%: 4/140
  ⚠ 4 sectors shifted >30.0% — review NAS scaling

  Top 10 by Output:
  Rank  Product                                                   Output        %
  ────────────────────────────────────────────────────────────────────────────────
  1     Construction and construction services                 7,372,844 cr     7.4%
  2     Petroleum products                                     2,655,474 cr     2.7%
  3     Public administration and defence                      2,118,337 cr     2.1%
  4     Computer related services                              1,965,331 cr     2.0%
  5     Motor vehicles                                         1,778,310 cr     1.8%
  6     Iron and steel casting and forging                     1,642,921 cr     1.7%
  7     Iron and steel foundries                               1,620,215 cr     1.6%
  8     Iron and steel Ferro alloys                            1,600,220 cr     1.6%
  9     Coal tar products                                      1,467,311 cr     1.5%
  10    Ownership of dwellings                                 1,416,532 cr     1.4%
  ✓ Saved io_Z_2021_22  (140 rows)
  ✓ Saved io_A_2021_22  (140 rows)
  ✓ Saved io_L_2021_22  (140 rows)
  ✓ Saved output 2021-22  (140 rows)
  ✓ Saved products 2021-22  (140 rows)
  ✓ Saved generic product list  (140 rows)

======================================================================
  Cross-Year IO Summary
======================================================================

  Real output (2015-16 ₹ crore)
  Year               Value       Abs_Chg     Pct_Chg          CAGR
  ──────────────────────────────────────────────────────────────
  2015-16      769996.0000 cr        (base)
  2019-20    67792424.0000 cr  ↑67022428.0000    +8704.3%     +206.3%/yr
  2021-22    75463138.0000 cr  ↑74693142.0000    +9700.5%     +114.7%/yr

  Year              Output (cr)     Intermediate      FinalDemand   Bal.Err%       ρ(A)
  ──────────────────────────────────────────────────────────────────────────────────
  2015-16               769,996          527,161          242,835      0.000   0.692949
  2019-20            79,535,137       55,251,606       24,283,531      0.000   0.900528
  2021-22            99,124,796       69,995,449       29,129,347      0.000   0.722213
  ✓ Saved IO summary all years  (3 rows)
  ✓ Done in 0.1s
