# Log started: 2026-02-23T10:52:37.508636

======================================================================
  BUILD IO TABLES (SUT → PTA → L)
======================================================================
  ✓ Years to process: ['2015-16', '2019-20', '2021-22']

======================================================================
  Processing SUT → IO: 2015-16
======================================================================
  ✓ Products: 140,  Industries: 66,  Scale: ×1.0
  ⚠ Row mismatch — trimming to 140
  ✓ Final demand: ₹1,401,363,935 crore  [PFCE, GFCE, GFCF, Valuables, CIS]
  ⚠ 4 A column sums >= 1.0 — scaling to 0.95 (Hawkins-Simon enforcement)
      col  22 (Wool): A_sum 1.0000 → 0.9500
      col 130 (Real estate services): A_sum 1.0000 → 0.9500
      col 131 (Renting of machinery & equipment): A_sum 1.0000 → 0.9500
  ⚠ 1 columns still >= 1.0 after cleaning — check data
  ✓ V total: ₹2,524,178,200 cr | Z: ₹3,757,870,938 cr | x: ₹5,159,234,873 cr

  ── Validation
  ✓ Output balance: 5,159,234,873 ≈ 5,159,234,873  (Δ 0.000% — PASS)
  ⚠ Demand-side x vs supply-side q: 5,159,234,873 vs 2,524,178,200  (Δ 104.39% — CHECK)
  ✓ A: shape=(140, 140), non-zero=9049, max=0.5696, neg=0, diag_mean=0.0298
  ✓ L: shape=(140, 140), non-zero=19044, max=1.7402, neg=0, diag_mean=1.0772
  ✓ Spectral radius ρ(A_2015-16) = 0.854720  < 1  ✓ Hawkins-Simon holds
  ✓ All diagonal L ≥ 1
  ⚠ 1 A column sums ≥ 1 — review cleaning step

  Top 10 by Output:
  Rank  Product                                                   Output        %
  ────────────────────────────────────────────────────────────────────────────────
  1     Construction and construction services               408,486,274 cr     7.9%
  2     Petroleum products                                   139,284,764 cr     2.7%
  3     Public administration and defence                    123,497,600 cr     2.4%
  4     Motor vehicles                                       109,816,302 cr     2.1%
  5     Coal tar products                                    108,720,198 cr     2.1%
  6     Ownership of dwellings                                89,502,102 cr     1.7%
  7     Land transport                                        87,335,525 cr     1.7%
  8     Inorganic chemicals                                   73,922,712 cr     1.4%
  9     Education services                                    69,309,999 cr     1.3%
  10    Other food crops                                      67,661,268 cr     1.3%
  ✓ Saved io_Z_2015_16  (140 rows)
  ✓ Saved io_A_2015_16  (140 rows)
  ✓ Saved io_L_2015_16  (140 rows)
  ✓ Saved output 2015-16  (140 rows)
  ✓ Saved products 2015-16  (140 rows)
  ✓ Saved generic product list  (140 rows)

======================================================================
  Processing SUT → IO: 2019-20
======================================================================
  ✓ Products: 140,  Industries: 66,  Scale: ×1.0
  ⚠ Row mismatch — trimming to 140
  ✓ Final demand: ₹24,283,531 crore  [PFCE, GFCE, GFCF, CIS, Valuables, Export]
  ⚠ 1 A column sums >= 1.0 — scaling to 0.95 (Hawkins-Simon enforcement)
      col 117 (Trade): A_sum 1.0000 → 0.9500
  ✓ All A column sums < 1.0 after cleaning (Hawkins-Simon satisfied)
  ✓ V total: ₹36,486,545 cr | Z: ₹55,251,606 cr | x: ₹79,535,137 cr

  ── Validation
  ✓ Output balance: 79,535,137 ≈ 79,535,137  (Δ 0.000% — PASS)
  ⚠ Demand-side x vs supply-side q: 79,535,137 vs 36,486,545  (Δ 117.98% — CHECK)
  ✓ A: shape=(140, 140), non-zero=9148, max=0.8485, neg=0, diag_mean=0.0340
  ✓ L: shape=(140, 140), non-zero=19183, max=8.8126, neg=0, diag_mean=1.1062
  ✓ Spectral radius ρ(A_2019-20) = 0.900528  < 1  ✓ Hawkins-Simon holds
  ✓ All diagonal L ≥ 1
  ✓ All A column sums < 1 (Hawkins-Simon satisfied)

  ── A-matrix stability: 2015-16 → 2019-20
  ✓ Column-sum Δ: mean=13.3%  max=124.2%  n_>30.0%: 16/140
  ⚠ 16 sectors shifted >30.0% — review NAS scaling

  Top 10 by Output:
  Rank  Product                                                   Output        %
  ────────────────────────────────────────────────────────────────────────────────
  1     Construction and construction services                 5,739,696 cr     7.2%
  2     Public administration and defence                      1,833,915 cr     2.3%
  3     Petroleum products                                     1,724,252 cr     2.2%
  4     Computer related services                              1,607,341 cr     2.0%
  5     Motor vehicles                                         1,490,682 cr     1.9%
  6     Education services                                     1,273,996 cr     1.6%
  7     Land transport                                         1,246,158 cr     1.6%
  8     Ownership of dwellings                                 1,207,229 cr     1.5%
  9     Coal tar products                                      1,148,045 cr     1.4%
  10    Organic chemicals                                      1,078,678 cr     1.4%
  ✓ Saved io_Z_2019_20  (140 rows)
  ✓ Saved io_A_2019_20  (140 rows)
  ✓ Saved io_L_2019_20  (140 rows)
  ✓ Saved output 2019-20  (140 rows)
  ✓ Saved products 2019-20  (140 rows)
  ✓ Saved generic product list  (140 rows)

======================================================================
  Processing SUT → IO: 2021-22
======================================================================
  ✓ Products: 140,  Industries: 66,  Scale: ×1.0
  ⚠ Row mismatch — trimming to 140
  ✓ Final demand: ₹29,129,347 crore  [PFCE, GFCE, GFCF, CIS, Valuables, Export]
  ⚠ 1 products have negative total output — taking absolute value
      product 39 (Mica): x = -1,024.0
  ⚠ 3 A column sums >= 1.0 — scaling to 0.95 (Hawkins-Simon enforcement)
      col  22 (Wool): A_sum 1.0004 → 0.9500
      col  32 (Crude petroleum): A_sum 1.5477 → 0.9500
      col 125 (Storage and warehousing): A_sum 1.0000 → 0.9500
  ✓ All A column sums < 1.0 after cleaning (Hawkins-Simon satisfied)
  ✓ V total: ₹44,814,555 cr | Z: ₹69,995,449 cr | x: ₹99,126,844 cr

  ── Validation
  ✓ Output balance: 99,126,844 ≈ 99,124,796  (Δ 0.002% — PASS)
  ⚠ Demand-side x vs supply-side q: 99,126,844 vs 44,814,555  (Δ 121.19% — CHECK)
  ✓ A: shape=(140, 140), non-zero=7787, max=0.8484, neg=0, diag_mean=0.0267
  ✓ L: shape=(140, 140), non-zero=18909, max=1.5681, neg=0, diag_mean=1.0428
  ✓ Spectral radius ρ(A_2021-22) = 0.694761  < 1  ✓ Hawkins-Simon holds
  ✓ All diagonal L ≥ 1
  ✓ All A column sums < 1 (Hawkins-Simon satisfied)

  ── A-matrix stability: 2019-20 → 2021-22
  ✓ Column-sum Δ: mean=6.2%  max=100.0%  n_>30.0%: 3/140
  ⚠ 3 sectors shifted >30.0% — review NAS scaling

  Top 10 by Output:
  Rank  Product                                                   Output        %
  ────────────────────────────────────────────────────────────────────────────────
  1     Construction and construction services                 7,372,844 cr     7.4%
  2     Petroleum products                                     2,655,474 cr     2.7%
  3     Public administration and defence                      2,118,337 cr     2.1%
  4     Computer related services                              1,965,331 cr     2.0%
  5     Motor vehicles                                         1,778,310 cr     1.8%
  6     Iron and steel casting and forging                     1,642,921 cr     1.7%
  7     Iron and steel foundries                               1,620,215 cr     1.6%
  8     Iron and steel Ferro alloys                            1,600,220 cr     1.6%
  9     Coal tar products                                      1,467,311 cr     1.5%
  10    Ownership of dwellings                                 1,416,532 cr     1.4%
  ✓ Saved io_Z_2021_22  (140 rows)
  ✓ Saved io_A_2021_22  (140 rows)
  ✓ Saved io_L_2021_22  (140 rows)
  ✓ Saved output 2021-22  (140 rows)
  ✓ Saved products 2021-22  (140 rows)
  ✓ Saved generic product list  (140 rows)

======================================================================
  Cross-Year IO Summary
======================================================================

  Real output (2015-16 ₹ crore)
  Year               Value       Abs_Chg     Pct_Chg          CAGR
  ──────────────────────────────────────────────────────────────
  2015-16   5159234873.0000 cr        (base)
  2019-20    67792424.0000 cr  ↓5091442449.0000      -98.7%      -66.1%/yr
  2021-22    75464697.0000 cr  ↓5083770176.0000      -98.5%      -50.5%/yr

  Year              Output (cr)     Intermediate      FinalDemand   Bal.Err%       ρ(A)
  ──────────────────────────────────────────────────────────────────────────────────
  2015-16         5,159,234,873    3,757,870,938    1,401,363,935      0.000   0.854720
  2019-20            79,535,137       55,251,606       24,283,531      0.000   0.900528
  2021-22            99,126,844       69,995,449       29,129,347      0.028   0.694761
  ✓ Saved IO summary all years  (3 rows)
  ✓ Done in 0.1s
