# Log started: 2026-02-22T08:32:48.383549

======================================================================
  BUILD TOURISM DEMAND VECTORS (TSA → NAS scale → EXIOBASE Y)
======================================================================

======================================================================
  NAS Growth Rates (Constant Prices, Statement 6.1)
======================================================================
  ✓ Loading from config.NAS_GROWTH_RATES (pre-computed from reference_data.md)

  Sector              NAS S.No.      ×2019      ×2022
  ────────────────────────────────────────────────────
  Hotels                    6.2     1.3769     0.8712
  Trade                     6.1     1.4569     1.3197
  Railway                   7.1     0.9631     0.9342
  Road                      7.2     1.2594     1.2435
  Water_Trans               7.3     1.6079     1.6125
  Air                       7.4     1.5130     0.8992
  Transport_Svcs            7.5     1.1257     1.0416
  Food_Mfg                  3.1     1.1886     1.1361
  Textiles                  3.2     1.1235     1.2086
  Other_Mfg                 3.5     1.0982     1.2781
  Real_Estate                 9     1.3032     1.4128
  Finance                     8     1.1661     1.2356

======================================================================
  Scaling TSA 2015-16 → 2019, 2022
======================================================================
  ✓ CPI multipliers: 2019=1.1732  2022=1.3136
  
  Category                                                         NAS  real×2019   nom×2019  real×2022   nom×2022
  ────────────────────────────────────────────────────────────────────────────────────────────────────────────────
    Accommodation services/hotels                                 Hotels     1.3769     1.6155     0.8712     1.1444
    Food and beverage serving services/restaurants                 Trade     1.4569     1.7093     1.3197     1.7335
    Railway passenger transport services                         Railway     0.9631     1.1300     0.9342     1.2271
    Road passenger transport services                               Road     1.2594     1.4775     1.2435     1.6334
    Water passenger transport services                       Water_Trans     1.6079     1.8864     1.6125     2.1181
    Air passenger transport services                                 Air     1.5130     1.7750     0.8992     1.1812
    Transport equipment rental services                     Transport_Svcs     1.1257     1.3207     1.0416     1.3682
    Travel agencies and other reservation services          Transport_Svcs     1.1257     1.3207     1.0416     1.3682
    Cultural and religious services                          Real_Estate     1.3032     1.5289     1.4128     1.8558
    Sports and other recreational services                   Real_Estate     1.3032     1.5289     1.4128     1.8558
    Health and medical related services                      Real_Estate     1.3032     1.5289     1.4128     1.8558
    Readymade garments                                          Textiles     1.1235     1.3181     1.2086     1.5876
    Processed Food                                              Food_Mfg     1.1886     1.3945     1.1361     1.4923
    Alcohol and tobacco products                                Food_Mfg     1.1886     1.3945     1.1361     1.4923
    Travel related consumer goods                              Other_Mfg     1.0982     1.2884     1.2781     1.6788
    Footwear                                                    Textiles     1.1235     1.3181     1.2086     1.5876
    Soaps, cosmetics and glycerine                             Other_Mfg     1.0982     1.2884     1.2781     1.6788
    Gems and jewellery                                         Other_Mfg     1.0982     1.2884     1.2781     1.6788
    Books, journals, magazines, stationery                     Other_Mfg     1.0982     1.2884     1.2781     1.6788
    Vacation homes                                           Real_Estate     1.3032     1.5289     1.4128     1.8558
    Social transfers in kind                                 Real_Estate     1.3032     1.5289     1.4128     1.8558
    FISIM                                                        Finance     1.1661     1.3681     1.2356     1.6230
    Producers guest houses                                   Real_Estate     1.3032     1.5289     1.4128     1.8558
    Imputed expenditures on food                                Food_Mfg     1.1886     1.3945     1.1361     1.4923

  Total tourism spending (₹ crore nominal)
  Year               Value       Abs_Chg     Pct_Chg          CAGR
  ──────────────────────────────────────────────────────────────
  2015         929805.0000 cr        (base)
  2019        1405015.4557 cr  ↑475210.4557      +51.1%      +10.9%/yr
  2022        1499192.4000 cr  ↑569387.4000      +61.2%       +7.1%/yr
  ✓ CAGR 2015→2019: 10.9%/yr  |  CAGR 2019→2022: 2.2%/yr
  ✓ Saved TSA all years  (24 rows)
  ✓ Saved TSA 2015  (24 rows)
  ✓ Y_tourism 2015 [Total_2015]: ₹929,805 crore  non-zero sectors: 25/163
  ✓ Saved Y_tourism 2015  (163 rows)
  ✓ Saved Y_tourism 2015 real  (163 rows)
  ✓ Y_tourism 2015 [Inbound_2015]: ₹235,331 crore  non-zero sectors: 21/163
  ✓ Saved Y_tourism 2015 inbound  (163 rows)
  ✓ Y_tourism 2015 [Domestic_2015]: ₹694,474 crore  non-zero sectors: 25/163
  ✓ Saved Y_tourism 2015 domestic  (163 rows)
  ✓ 2015: nominal total ₹929,805 cr  |  real total ₹929,805 cr  |  non-zero sectors: 25/163
  ✓ Saved TSA 2019  (24 rows)
  ✓ Y_tourism 2019 [Total_2019]: ₹1,405,015 crore  non-zero sectors: 25/163
  ✓ Saved Y_tourism 2019  (163 rows)
  ✓ Saved Y_tourism 2019 real  (163 rows)
  ✓ Y_tourism 2019 [Inbound_2019]: ₹364,325 crore  non-zero sectors: 21/163
  ✓ Saved Y_tourism 2019 inbound  (163 rows)
  ✓ Y_tourism 2019 [Domestic_2019]: ₹1,040,690 crore  non-zero sectors: 25/163
  ✓ Saved Y_tourism 2019 domestic  (163 rows)
  ✓ 2019: nominal total ₹1,405,015 cr  |  real total ₹1,197,576 cr  |  non-zero sectors: 25/163
  ✓ Saved TSA 2022  (24 rows)
  ✓ Y_tourism 2022 [Total_2022]: ₹1,499,192 crore  non-zero sectors: 25/163
  ✓ Saved Y_tourism 2022  (163 rows)
  ✓ Saved Y_tourism 2022 real  (163 rows)
  ✓ Y_tourism 2022 [Inbound_2022]: ₹367,018 crore  non-zero sectors: 21/163
  ✓ Saved Y_tourism 2022 inbound  (163 rows)
  ✓ Y_tourism 2022 [Domestic_2022]: ₹1,132,174 crore  non-zero sectors: 25/163
  ✓ Saved Y_tourism 2022 domestic  (163 rows)
  ✓ 2022: nominal total ₹1,499,192 cr  |  real total ₹1,141,327 cr  |  non-zero sectors: 25/163

======================================================================
  Tourism Demand Cross-Year Comparison
======================================================================

  Tourism demand (₹ crore nominal)
  Year               Value       Abs_Chg     Pct_Chg          CAGR
  ──────────────────────────────────────────────────────────────
  2015         929805.0000 cr        (base)
  2019        1405015.4557 cr  ↑475210.4557      +51.1%      +10.9%/yr
  2022        1499192.4000 cr  ↑569387.4000      +61.2%       +7.1%/yr

  Tourism demand (₹ crore real 2015-16)
  Year               Value       Abs_Chg     Pct_Chg          CAGR
  ──────────────────────────────────────────────────────────────
  2015         929805.0000 cr        (base)
  2019        1197576.4000 cr  ↑267771.4000      +28.8%       +6.5%/yr
  2022        1141326.5707 cr  ↑211521.5707      +22.7%       +3.0%/yr
  ✓ Saved Demand comparison  (6 rows)
  ✓ Done in 0.0s
