# Log started: 2026-02-21T07:50:21.320520

======================================================================
  BUILD TOURISM DEMAND VECTORS (TSA → NAS scale → EXIOBASE Y)
======================================================================

======================================================================
  NAS Growth Rates (Constant Prices, Table 1.6)
======================================================================
  ✓ NAS year columns detected: 2015-16=col19, 2019-20=col23, 2021-22=col25
  ⚠ NAS label for 'Hotels' not found — using default
  ⚠ NAS label for 'Trade' not found — using default
  ⚠ NAS label for 'Railway' not found — using default
  ⚠ NAS label for 'Road' not found — using default
  ⚠ NAS label for 'Water_Trans' not found — using default
  ⚠ NAS label for 'Air' not found — using default
  ⚠ NAS label for 'Transport_Svcs' not found — using default
  ⚠ NAS label for 'Food_Mfg' not found — using default
  ⚠ NAS label for 'Textiles' not found — using default
  ⚠ NAS label for 'Other_Mfg' not found — using default
  ⚠ NAS label for 'Real_Estate' not found — using default
  ⚠ NAS label for 'Finance' not found — using default
  ⚠ Hotels (2019) value None implausible → default 1.2500
  ⚠ Hotels (2022) value None implausible → default 1.0800
  ⚠ Trade (2019) value None implausible → default 1.1800
  ⚠ Trade (2022) value None implausible → default 1.1200
  ⚠ Railway (2019) value None implausible → default 1.1500
  ⚠ Railway (2022) value None implausible → default 1.0500
  ⚠ Road (2019) value None implausible → default 1.2000
  ⚠ Road (2022) value None implausible → default 1.1000
  ⚠ Water_Trans (2019) value None implausible → default 1.1000
  ⚠ Water_Trans (2022) value None implausible → default 0.9500
  ⚠ Air (2019) value None implausible → default 1.3000
  ⚠ Air (2022) value None implausible → default 0.8500
  ⚠ Transport_Svcs (2019) value None implausible → default 1.2200
  ⚠ Transport_Svcs (2022) value None implausible → default 1.0800
  ⚠ Food_Mfg (2019) value None implausible → default 1.1800
  ⚠ Food_Mfg (2022) value None implausible → default 1.1200
  ⚠ Textiles (2019) value None implausible → default 1.1200
  ⚠ Textiles (2022) value None implausible → default 1.0800
  ⚠ Other_Mfg (2019) value None implausible → default 1.1500
  ⚠ Other_Mfg (2022) value None implausible → default 1.1000
  ⚠ Real_Estate (2019) value None implausible → default 1.2000
  ⚠ Real_Estate (2022) value None implausible → default 1.1500
  ⚠ Finance (2019) value None implausible → default 1.2500
  ⚠ Finance (2022) value None implausible → default 1.1800

======================================================================
  Scaling TSA 2015-16 → 2019, 2022
======================================================================
  ✓ CPI multipliers: 2019=1.1732  2022=1.3136
  
  Category                                                         NAS      ×2019      ×2022
  ────────────────────────────────────────────────────────────────────────────────────────────
    Accommodation services/hotels                                 Hotels     1.4665     1.4186
    Food and beverage serving services/restaurants                 Trade     1.3844     1.4712
    Railway passenger transport services                         Railway     1.3492     1.3792
    Road passenger transport services                               Road     1.4079     1.4449
    Water passenger transport services                       Water_Trans     1.2905     1.2479
    Air passenger transport services                                 Air     1.5252     1.1165
    Transport equipment rental services                     Transport_Svcs     1.4313     1.4186
    Travel agencies and other reservation services          Transport_Svcs     1.4313     1.4186
    Cultural and religious services                          Real_Estate     1.4079     1.5106
    Sports and other recreational services                   Real_Estate     1.4079     1.5106
    Health and medical related services                      Real_Estate     1.4079     1.5106
    Readymade garments                                          Textiles     1.3140     1.4186
    Processed Food                                              Food_Mfg     1.3844     1.4712
    Alcohol and tobacco products                                Food_Mfg     1.3844     1.4712
    Travel related consumer goods                              Other_Mfg     1.3492     1.4449
    Footwear                                                    Textiles     1.3140     1.4186
    Soaps, cosmetics and glycerine                             Other_Mfg     1.3492     1.4449
    Gems and jewellery                                         Other_Mfg     1.3492     1.4449
    Books, journals, magazines, stationery                     Other_Mfg     1.3492     1.4449
    Vacation homes                                           Real_Estate     1.4079     1.5106
    Social transfers in kind                                 Real_Estate     1.4079     1.5106
    FISIM                                                        Finance     1.4665     1.5500
    Producers guest houses                                   Real_Estate     1.4079     1.5106
    Imputed expenditures on food                                Food_Mfg     1.3844     1.4712

  Total tourism spending (₹ crore nominal)
  Year               Value       Abs_Chg     Pct_Chg          CAGR
  ──────────────────────────────────────────────────────────────
  2015         929805.0000 cr        (base)
  2019        1304930.9921 cr  ↑375125.9921      +40.3%       +8.8%/yr
  2022        1335731.3613 cr  ↑405926.3613      +43.7%       +5.3%/yr
  ✓ CAGR 2015→2019: 8.8%/yr  |  CAGR 2019→2022: 0.8%/yr
  ✓ Saved TSA all years  (24 rows)
  ✓ Saved TSA 2015  (24 rows)
  ✗ Exception: All arrays must be of the same length
Traceback (most recent call last):
  File "/Users/kumar.aniket/Downloads/surveydata/tourism-water-footprint/twf-calculation/5-scripts/build_tourism_demand.py", line 399, in run
    y_df = pd.DataFrame({
        "Sector_Index": range(163),
        "Sector_Code": codes,
        "Tourism_Demand_crore": Y,
    })
  File "/Library/Frameworks/Python.framework/Versions/3.13/lib/python3.13/site-packages/pandas/core/frame.py", line 782, in __init__
    mgr = dict_to_mgr(data, index, columns, dtype=dtype, copy=copy, typ=manager)
  File "/Library/Frameworks/Python.framework/Versions/3.13/lib/python3.13/site-packages/pandas/core/internals/construction.py", line 503, in dict_to_mgr
    return arrays_to_mgr(arrays, columns, index, dtype=dtype, typ=typ, consolidate=copy)
  File "/Library/Frameworks/Python.framework/Versions/3.13/lib/python3.13/site-packages/pandas/core/internals/construction.py", line 114, in arrays_to_mgr
    index = _extract_index(arrays)
  File "/Library/Frameworks/Python.framework/Versions/3.13/lib/python3.13/site-packages/pandas/core/internals/construction.py", line 677, in _extract_index
    raise ValueError("All arrays must be of the same length")
ValueError: All arrays must be of the same length

