# Log started: 2026-02-28T13:11:23.553406

======================================================================
  BUILD IO TABLES (SUT → PTA → L)
======================================================================
  ✓ Years to process: ['2015-16', '2019-20', '2021-22']

======================================================================
  Processing SUT → IO: 2015-16
======================================================================
  ✓ Products: 140,  Industries: 66,  Scale: ×0.01
  ⚠ Row mismatch — trimming to 140
  ✓ Final demand: ₹185,609 cr ($28.56B)  [PFCE, GFCE, GFCF, CIS, Valuables, Export]
  ⚠ 3 A column sums >= 1.0 — scaling to 0.95 (Hawkins-Simon enforcement)
      col  25 (Industry Wood): A_sum 1.0000 → 0.9500
      col  80 (Synthetic fibres, resin): A_sum 1.0002 → 0.9500
      col 117 (Trade): A_sum 1.0000 → 0.9500
  ✓ All A column sums < 1.0 after cleaning (Hawkins-Simon satisfied)
  ✓ V total: ₹277,649 cr ($42.72B) | Z: ₹422,289 cr ($64.97B) | x: ₹607,898 cr ($93.52B)

  ── Validation
  ✓ Output balance: 607,898 ≈ 607,898  (Δ 0.000% — PASS)
  ⚠ Demand-side x vs supply-side q: 607,898 vs 277,649  (Δ 118.95% — CHECK)
  ✓ A: shape=(140, 140), non-zero=8100, max=0.8405, neg=0, diag_mean=0.0366
  ✓ L: shape=(140, 140), non-zero=19322, max=3.2042, neg=0, diag_mean=1.0711
  ✓ Spectral radius ρ(A_2015-16) = 0.794560  < 1  ✓ Hawkins-Simon holds
  ✓ All diagonal L ≥ 1
  ✓ All A column sums < 1 (Hawkins-Simon satisfied)

  Top 10 by Output:
  Rank  Product                                                   Output        %
  ────────────────────────────────────────────────────────────────────────────────
  1     Construction and construction services                    43,366 cr     7.1%
  2     Public administration and defence                         13,711 cr     2.3%
  3     Petroleum products                                        12,047 cr     2.0%
  4     Computer related services                                 11,791 cr     1.9%
  5     Motor vehicles                                            10,432 cr     1.7%
  6     Ownership of dwellings                                     9,583 cr     1.6%
  7     Land transport                                             9,290 cr     1.5%
  8     Milk                                                       8,552 cr     1.4%
  9     Education services                                         8,340 cr     1.4%
  10    Cotton Yarn and Cotton Textiles                            8,098 cr     1.3%
  ✓ Saved io_Z_2015_16  (140 rows)
  ✓ Saved io_A_2015_16  (140 rows)
  ✓ Saved io_L_2015_16  (140 rows)
  ✓ Saved output 2015-16  (140 rows)
  ✓ Saved products 2015-16  (140 rows)
  ✓ Saved generic product list  (140 rows)

======================================================================
  Processing SUT → IO: 2019-20
======================================================================
  ✓ Products: 140,  Industries: 66,  Scale: ×1.0
  ⚠ Row mismatch — trimming to 140
  ✓ Final demand: ₹24,283,531 cr ($3,469.08B)  [PFCE, GFCE, GFCF, CIS, Valuables, Export]
  ⚠ 1 A column sums >= 1.0 — scaling to 0.95 (Hawkins-Simon enforcement)
      col 117 (Trade): A_sum 1.0000 → 0.9500
  ✓ All A column sums < 1.0 after cleaning (Hawkins-Simon satisfied)
  ✓ V total: ₹36,486,545 cr ($5,212.36B) | Z: ₹55,251,606 cr ($7,893.09B) | x: ₹79,535,137 cr ($11,362.16B)

  ── Validation
  ✓ Output balance: 79,535,137 ≈ 79,535,137  (Δ 0.000% — PASS)
  ⚠ Demand-side x vs supply-side q: 79,535,137 vs 36,486,545  (Δ 117.98% — CHECK)
  ✓ A: shape=(140, 140), non-zero=9148, max=0.8485, neg=0, diag_mean=0.0340
  ✓ L: shape=(140, 140), non-zero=19183, max=8.8126, neg=0, diag_mean=1.1062
  ✓ Spectral radius ρ(A_2019-20) = 0.900528  < 1  ✓ Hawkins-Simon holds
  ✓ All diagonal L ≥ 1
  ✓ All A column sums < 1 (Hawkins-Simon satisfied)

  ── A-matrix stability: 2015-16 → 2019-20
  ✓ Column-sum Δ: mean=5.6%  max=47.8%  n_>30.0%: 3/140
  ⚠ 3 sectors shifted >30.0% — review NAS scaling

  Top 10 by Output:
  Rank  Product                                                   Output        %
  ────────────────────────────────────────────────────────────────────────────────
  1     Construction and construction services                 5,739,696 cr     7.2%
  2     Public administration and defence                      1,833,915 cr     2.3%
  3     Petroleum products                                     1,724,252 cr     2.2%
  4     Computer related services                              1,607,341 cr     2.0%
  5     Motor vehicles                                         1,490,682 cr     1.9%
  6     Education services                                     1,273,996 cr     1.6%
  7     Land transport                                         1,246,158 cr     1.6%
  8     Ownership of dwellings                                 1,207,229 cr     1.5%
  9     Coal tar products                                      1,148,045 cr     1.4%
  10    Organic chemicals                                      1,078,678 cr     1.4%
  ✓ Saved io_Z_2019_20  (140 rows)
  ✓ Saved io_A_2019_20  (140 rows)
  ✓ Saved io_L_2019_20  (140 rows)
  ✓ Saved output 2019-20  (140 rows)
  ✓ Saved products 2019-20  (140 rows)
  ✓ Saved generic product list  (140 rows)

======================================================================
  Processing SUT → IO: 2021-22
======================================================================
  ✓ Products: 140,  Industries: 66,  Scale: ×1.0
  ⚠ Row mismatch — trimming to 140
  ✓ Final demand: ₹29,129,347 cr ($3,664.07B)  [PFCE, GFCE, GFCF, CIS, Valuables, Export]
  ⚠ 1 products have negative total output — taking absolute value
      product 39 (Mica): x = -1,024.0
  ⚠ 3 A column sums >= 1.0 — scaling to 0.95 (Hawkins-Simon enforcement)
      col  22 (Wool): A_sum 1.0004 → 0.9500
      col  32 (Crude petroleum): A_sum 1.5477 → 0.9500
      col 125 (Storage and warehousing): A_sum 1.0000 → 0.9500
  ✓ All A column sums < 1.0 after cleaning (Hawkins-Simon satisfied)
  ✓ V total: ₹44,814,555 cr ($5,637.05B) | Z: ₹69,995,449 cr ($8,804.46B) | x: ₹99,126,844 cr ($12,468.79B)

  ── Validation
  ✓ Output balance: 99,126,844 ≈ 99,124,796  (Δ 0.002% — PASS)
  ⚠ Demand-side x vs supply-side q: 99,126,844 vs 44,814,555  (Δ 121.19% — CHECK)
  ✓ A: shape=(140, 140), non-zero=7787, max=0.8484, neg=0, diag_mean=0.0267
  ✓ L: shape=(140, 140), non-zero=18909, max=1.5681, neg=0, diag_mean=1.0428
  ✓ Spectral radius ρ(A_2021-22) = 0.694761  < 1  ✓ Hawkins-Simon holds
  ✓ All diagonal L ≥ 1
  ✓ All A column sums < 1 (Hawkins-Simon satisfied)

  ── A-matrix stability: 2019-20 → 2021-22
  ✓ Column-sum Δ: mean=6.2%  max=100.0%  n_>30.0%: 3/140
  ⚠ 3 sectors shifted >30.0% — review NAS scaling

  Top 10 by Output:
  Rank  Product                                                   Output        %
  ────────────────────────────────────────────────────────────────────────────────
  1     Construction and construction services                 7,372,844 cr     7.4%
  2     Petroleum products                                     2,655,474 cr     2.7%
  3     Public administration and defence                      2,118,337 cr     2.1%
  4     Computer related services                              1,965,331 cr     2.0%
  5     Motor vehicles                                         1,778,310 cr     1.8%
  6     Iron and steel casting and forging                     1,642,921 cr     1.7%
  7     Iron and steel foundries                               1,620,215 cr     1.6%
  8     Iron and steel Ferro alloys                            1,600,220 cr     1.6%
  9     Coal tar products                                      1,467,311 cr     1.5%
  10    Ownership of dwellings                                 1,416,532 cr     1.4%
  ✓ Saved io_Z_2021_22  (140 rows)
  ✓ Saved io_A_2021_22  (140 rows)
  ✓ Saved io_L_2021_22  (140 rows)
  ✓ Saved output 2021-22  (140 rows)
  ✓ Saved products 2021-22  (140 rows)
  ✓ Saved generic product list  (140 rows)

======================================================================
  Cross-Year IO Summary
======================================================================

  Real output (2015-16 ₹ crore)
  Year               Value       Abs_Chg     Pct_Chg          CAGR
  ──────────────────────────────────────────────────────────────
  2015-16      607898.0000 cr        (base)
  2019-20    67792424.0000 cr  ↑67184526.0000   +11051.9%     +225.0%/yr
  2021-22    75464697.0000 cr  ↑74856799.0000   +12314.0%     +123.3%/yr

  Year              Output (cr)  Output ($M)     Intermediate      FinalDemand    FD ($M)   Bal.Err%       ρ(A)
  ────────────────────────────────────────────────────────────────────────────────────────────────────
  2015-16               607,898       93,523          422,289          185,609     28,555      0.000   0.794560
  2019-20            79,535,137   11,362,162       55,251,606       24,283,531  3,469,076      0.000   0.900528
  2021-22            99,126,844   12,468,785       69,995,449       29,129,347  3,664,069      0.028   0.694761
  ✓ Saved IO summary all years  (3 rows)
  ✓ Done in 0.2s
