# Log started: 2026-02-23T07:58:27.816331

======================================================================
  BUILD IO TABLES (SUT → PTA → L)
======================================================================
  ✓ Years to process: ['2015-16', '2019-20', '2021-22']

======================================================================
  Processing SUT → IO: 2015-16
======================================================================
  ✓ Products: 140,  Industries: 66,  Scale: ×0.01
  ⚠ Row mismatch — trimming to 140
  ✓ Final demand: ₹16,742,280 crore  [PFCE, GFCE, GFCF, Valuables, CIS, Export]
  ✓ V total: ₹25,241,782 cr | Z: ₹37,578,709 cr | x: ₹54,320,990 cr

  ── Validation
  ✓ Output balance: 54,320,990 ≈ 54,320,990  (Δ 0.000% — PASS)
  ⚠ Demand-side x vs supply-side q: 54,320,990 vs 25,241,782  (Δ 115.20% — CHECK)
  ✓ A: shape=(140, 140), non-zero=9049, max=0.5696, neg=0, diag_mean=0.0263
  ✓ L: shape=(140, 140), non-zero=19044, max=1.6298, neg=0, diag_mean=1.0575
  ✓ Spectral radius ρ(A_2015-16) = 0.799196  < 1  ✓ Hawkins-Simon holds
  ✓ All diagonal L ≥ 1
  ⚠ 7 A column sums ≥ 1 — economy may be infeasible

  Top 10 by Output:
  Rank  Product                                                   Output        %
  ────────────────────────────────────────────────────────────────────────────────
  1     Construction and construction services                 4,090,846 cr     7.5%
  2     Petroleum products                                     1,668,578 cr     3.1%
  3     Public administration and defence                      1,234,976 cr     2.3%
  4     Motor vehicles                                         1,167,891 cr     2.1%
  5     Coal tar products                                      1,087,295 cr     2.0%
  6     Computer related services                                968,746 cr     1.8%
  7     Ownership of dwellings                                   895,021 cr     1.6%
  8     Land transport                                           873,355 cr     1.6%
  9     Inorganic chemicals                                      748,595 cr     1.4%
  10    Organic chemicals                                        708,886 cr     1.3%
  ✓ Saved io_Z_2015_16  (140 rows)
  ✓ Saved io_A_2015_16  (140 rows)
  ✓ Saved io_L_2015_16  (140 rows)
  ✓ Saved output 2015-16  (140 rows)
  ✓ Saved products 2015-16  (140 rows)
  ✓ Saved generic product list  (140 rows)

======================================================================
  Processing SUT → IO: 2019-20
======================================================================
  ✓ Products: 140,  Industries: 66,  Scale: ×1.0
  ⚠ Row mismatch — trimming to 140
  ✓ Final demand: ₹24,283,531 crore  [PFCE, GFCE, GFCF, CIS, Valuables, Export]
  ✓ V total: ₹36,486,545 cr | Z: ₹55,251,606 cr | x: ₹79,535,137 cr

  ── Validation
  ✓ Output balance: 79,535,137 ≈ 79,535,137  (Δ 0.000% — PASS)
  ⚠ Demand-side x vs supply-side q: 79,535,137 vs 36,486,545  (Δ 117.98% — CHECK)
  ✓ A: shape=(140, 140), non-zero=9148, max=0.8485, neg=0, diag_mean=0.0340
  ✓ L: shape=(140, 140), non-zero=19183, max=8.8126, neg=0, diag_mean=1.1062
  ✓ Spectral radius ρ(A_2019-20) = 0.900528  < 1  ✓ Hawkins-Simon holds
  ✓ All diagonal L ≥ 1
  ⚠ 1 A column sums ≥ 1 — economy may be infeasible

  ── A-matrix stability: 2015-16 → 2019-20
  ✓ Column-sum Δ: mean=12.0%  max=150.6%  n_>30.0%: 14/140
  ⚠ 14 sectors shifted >30.0% — review NAS scaling

  Top 10 by Output:
  Rank  Product                                                   Output        %
  ────────────────────────────────────────────────────────────────────────────────
  1     Construction and construction services                 5,739,696 cr     7.2%
  2     Public administration and defence                      1,833,915 cr     2.3%
  3     Petroleum products                                     1,724,252 cr     2.2%
  4     Computer related services                              1,607,341 cr     2.0%
  5     Motor vehicles                                         1,490,682 cr     1.9%
  6     Education services                                     1,273,996 cr     1.6%
  7     Land transport                                         1,246,158 cr     1.6%
  8     Ownership of dwellings                                 1,207,229 cr     1.5%
  9     Coal tar products                                      1,148,045 cr     1.4%
  10    Organic chemicals                                      1,078,678 cr     1.4%
  ✓ Saved io_Z_2019_20  (140 rows)
  ✓ Saved io_A_2019_20  (140 rows)
  ✓ Saved io_L_2019_20  (140 rows)
  ✓ Saved output 2019-20  (140 rows)
  ✓ Saved products 2019-20  (140 rows)
  ✓ Saved generic product list  (140 rows)

======================================================================
  Processing SUT → IO: 2021-22
======================================================================
  ✓ Products: 140,  Industries: 66,  Scale: ×1.0
  ⚠ Row mismatch — trimming to 140
  ✓ Final demand: ₹29,129,347 crore  [PFCE, GFCE, GFCF, CIS, Valuables, Export]
  ✓ V total: ₹44,814,555 cr | Z: ₹69,995,449 cr | x: ₹99,124,796 cr

  ── Validation
  ✓ Output balance: 99,124,796 ≈ 99,124,796  (Δ 0.000% — PASS)
  ⚠ Demand-side x vs supply-side q: 99,124,796 vs 44,814,555  (Δ 121.19% — CHECK)
  ✓ A: shape=(140, 140), non-zero=7787, max=0.8484, neg=0, diag_mean=0.0267
  ✓ L: shape=(140, 140), non-zero=18909, max=1.5742, neg=0, diag_mean=1.0447
  ✓ Spectral radius ρ(A_2021-22) = 0.722213  < 1  ✓ Hawkins-Simon holds
  ✓ All diagonal L ≥ 1
  ⚠ 3 A column sums ≥ 1 — economy may be infeasible

  ── A-matrix stability: 2019-20 → 2021-22
  ✓ Column-sum Δ: mean=6.5%  max=100.0%  n_>30.0%: 4/140
  ⚠ 4 sectors shifted >30.0% — review NAS scaling

  Top 10 by Output:
  Rank  Product                                                   Output        %
  ────────────────────────────────────────────────────────────────────────────────
  1     Construction and construction services                 7,372,844 cr     7.4%
  2     Petroleum products                                     2,655,474 cr     2.7%
  3     Public administration and defence                      2,118,337 cr     2.1%
  4     Computer related services                              1,965,331 cr     2.0%
  5     Motor vehicles                                         1,778,310 cr     1.8%
  6     Iron and steel casting and forging                     1,642,921 cr     1.7%
  7     Iron and steel foundries                               1,620,215 cr     1.6%
  8     Iron and steel Ferro alloys                            1,600,220 cr     1.6%
  9     Coal tar products                                      1,467,311 cr     1.5%
  10    Ownership of dwellings                                 1,416,532 cr     1.4%
  ✓ Saved io_Z_2021_22  (140 rows)
  ✓ Saved io_A_2021_22  (140 rows)
  ✓ Saved io_L_2021_22  (140 rows)
  ✓ Saved output 2021-22  (140 rows)
  ✓ Saved products 2021-22  (140 rows)
  ✓ Saved generic product list  (140 rows)

======================================================================
  Cross-Year IO Summary
======================================================================

  Real output (2015-16 ₹ crore)
  Year               Value       Abs_Chg     Pct_Chg          CAGR
  ──────────────────────────────────────────────────────────────
  2015-16    54320990.0000 cr        (base)
  2019-20    67792424.0000 cr  ↑13471434.0000      +24.8%       +5.7%/yr
  2021-22    75463138.0000 cr  ↑21142148.0000      +38.9%       +5.6%/yr

  Year              Output (cr)     Intermediate      FinalDemand   Bal.Err%       ρ(A)
  ──────────────────────────────────────────────────────────────────────────────────
  2015-16            54,320,990       37,578,709       16,742,280      0.000   0.799196
  2019-20            79,535,137       55,251,606       24,283,531      0.000   0.900528
  2021-22            99,124,796       69,995,449       29,129,347      0.000   0.722213
  ✓ Saved IO summary all years  (3 rows)
  ✓ Done in 0.1s
