# Log started: 2026-02-23T06:42:45.711236

======================================================================
  BUILD IO TABLES (SUT → PTA → L)
======================================================================
  ✓ Years to process: ['2015-16', '2019-20', '2021-22']

======================================================================
  Processing SUT → IO: 2015-16
======================================================================
  ✓   supply-table-2015-16.csv: 69 industry columns detected (first='Agriculture', last='OP at PP')
  ✓ Products: 140,  Industries: 69,  Scale: ×0.01
  ✓   USE-TABLE-2015-16.csv: 70 industry columns detected (first='Agriculture', last='OP at PP')
  ✓ Aligned to 67 common industry columns
  ⚠ Row mismatch — trimming to 140
  ✓ Final demand: ₹14,013,639 crore  [PFCE, GFCE, GFCF, Valuables, CIS]
  ✓ V total: ₹54,659,197 cr | Z: ₹2,427,832,387 cr | x: ₹2,441,846,027 cr

  ── Validation
  ✓ Output balance: 2,441,846,027 ≈ 2,441,846,027  (Δ 0.000% — PASS)
  ⚠ Demand-side x vs supply-side q: 2,441,846,027 vs 54,659,197  (Δ 4367.40% — CHECK)
  ✓ A: shape=(140, 140), non-zero=19454, max=0.1552, neg=0, diag_mean=0.0071
  ✓ L: shape=(140, 140), non-zero=19461, max=4.3169, neg=0, diag_mean=1.2948
  ✓ Spectral radius ρ(A_2015-16) = 0.976329  < 1  ✓ Hawkins-Simon holds
  ✓ All diagonal L ≥ 1
  ⚠ 6 A column sums ≥ 1 — economy may be infeasible

  Top 10 by Output:
  Rank  Product                                                   Output        %
  ────────────────────────────────────────────────────────────────────────────────
  1     Copper ore                                            27,841,549 cr     1.1%
  2     Aircrafts & Spacecrafts                               26,279,793 cr     1.1%
  3     Communication equipment                               25,197,437 cr     1.0%
  4     Fertilizers                                           25,002,453 cr     1.0%
  5     Crude petroleum                                       23,819,974 cr     1.0%
  6     Ships and boats                                       23,381,609 cr     1.0%
  7     Other electrical machinery                            23,097,580 cr     0.9%
  8     Gems & jewellery                                      22,778,353 cr     0.9%
  9     Industrial machinery for food and textile in          22,545,219 cr     0.9%
  10    Machine tools                                         22,298,400 cr     0.9%
  ✓ Saved io_Z_2015_16  (140 rows)
  ✓ Saved io_A_2015_16  (140 rows)
  ✓ Saved io_L_2015_16  (140 rows)
  ✓ Saved output 2015-16  (140 rows)
  ✓ Saved products 2015-16  (140 rows)
  ✓ Saved generic product list  (140 rows)

======================================================================
  Processing SUT → IO: 2019-20
======================================================================
  ✓   supply-table-2019-20.csv: 69 industry columns detected (first='Agriculture', last='Supply at PP')
  ✓ Products: 140,  Industries: 69,  Scale: ×1.0
  ✓   USE-TABLE-2019-20.csv: 67 industry columns detected (first='Agriculture', last='Inter-Industry Consumption')
  ✓ Aligned to 66 common industry columns
  ⚠ Row mismatch — trimming to 140
  ✓ Final demand: ₹24,283,531 crore  [PFCE, GFCE, GFCF, CIS, Valuables, Export]
  ✓ V total: ₹36,486,545 cr | Z: ₹55,251,606 cr | x: ₹79,535,137 cr

  ── Validation
  ✓ Output balance: 79,535,137 ≈ 79,535,137  (Δ 0.000% — PASS)
  ⚠ Demand-side x vs supply-side q: 79,535,137 vs 36,486,545  (Δ 117.98% — CHECK)
  ✓ A: shape=(140, 140), non-zero=9148, max=0.8485, neg=0, diag_mean=0.0340
  ✓ L: shape=(140, 140), non-zero=19183, max=8.8126, neg=0, diag_mean=1.1062
  ✓ Spectral radius ρ(A_2019-20) = 0.900528  < 1  ✓ Hawkins-Simon holds
  ✓ All diagonal L ≥ 1
  ⚠ 1 A column sums ≥ 1 — economy may be infeasible

  ── A-matrix stability: 2015-16 → 2019-20
  ✓ Column-sum Δ: mean=26.0%  max=96.5%  n_>30.0%: 55/140
  ⚠ 55 sectors shifted >30.0% — review NAS scaling

  Top 10 by Output:
  Rank  Product                                                   Output        %
  ────────────────────────────────────────────────────────────────────────────────
  1     Construction and construction services                 5,739,696 cr     7.2%
  2     Public administration and defence                      1,833,915 cr     2.3%
  3     Petroleum products                                     1,724,252 cr     2.2%
  4     Computer related services                              1,607,341 cr     2.0%
  5     Motor vehicles                                         1,490,682 cr     1.9%
  6     Education services                                     1,273,996 cr     1.6%
  7     Land transport                                         1,246,158 cr     1.6%
  8     Ownership of dwellings                                 1,207,229 cr     1.5%
  9     Coal tar products                                      1,148,045 cr     1.4%
  10    Organic chemicals                                      1,078,678 cr     1.4%
  ✓ Saved io_Z_2019_20  (140 rows)
  ✓ Saved io_A_2019_20  (140 rows)
  ✓ Saved io_L_2019_20  (140 rows)
  ✓ Saved output 2019-20  (140 rows)
  ✓ Saved products 2019-20  (140 rows)
  ✓ Saved generic product list  (140 rows)

======================================================================
  Processing SUT → IO: 2021-22
======================================================================
  ✓   supply-table-2021-22.csv: 66 industry columns detected (first='Agriculture', last='Public administration. & defence')
  ✓ Products: 140,  Industries: 66,  Scale: ×1.0
  ✓   USE-TABLE-2021-22.csv: 67 industry columns detected (first='Agriculture', last='Intermediate Consumption')
  ✓ Aligned to 66 common industry columns
  ⚠ Row mismatch — trimming to 140
  ✓ Final demand: ₹29,129,347 crore  [PFCE, GFCE, GFCF, CIS, Valuables, Export]
  ✓ V total: ₹44,814,555 cr | Z: ₹69,995,449 cr | x: ₹99,124,796 cr

  ── Validation
  ✓ Output balance: 99,124,796 ≈ 99,124,796  (Δ 0.000% — PASS)
  ⚠ Demand-side x vs supply-side q: 99,124,796 vs 44,814,555  (Δ 121.19% — CHECK)
  ✓ A: shape=(140, 140), non-zero=7787, max=0.8484, neg=0, diag_mean=0.0267
  ✓ L: shape=(140, 140), non-zero=18909, max=1.5742, neg=0, diag_mean=1.0447
  ✓ Spectral radius ρ(A_2021-22) = 0.722213  < 1  ✓ Hawkins-Simon holds
  ✓ All diagonal L ≥ 1
  ⚠ 3 A column sums ≥ 1 — economy may be infeasible

  ── A-matrix stability: 2019-20 → 2021-22
  ✓ Column-sum Δ: mean=6.5%  max=100.0%  n_>30.0%: 4/140
  ⚠ 4 sectors shifted >30.0% — review NAS scaling

  Top 10 by Output:
  Rank  Product                                                   Output        %
  ────────────────────────────────────────────────────────────────────────────────
  1     Construction and construction services                 7,372,844 cr     7.4%
  2     Petroleum products                                     2,655,474 cr     2.7%
  3     Public administration and defence                      2,118,337 cr     2.1%
  4     Computer related services                              1,965,331 cr     2.0%
  5     Motor vehicles                                         1,778,310 cr     1.8%
  6     Iron and steel casting and forging                     1,642,921 cr     1.7%
  7     Iron and steel foundries                               1,620,215 cr     1.6%
  8     Iron and steel Ferro alloys                            1,600,220 cr     1.6%
  9     Coal tar products                                      1,467,311 cr     1.5%
  10    Ownership of dwellings                                 1,416,532 cr     1.4%
  ✓ Saved io_Z_2021_22  (140 rows)
  ✓ Saved io_A_2021_22  (140 rows)
  ✓ Saved io_L_2021_22  (140 rows)
  ✓ Saved output 2021-22  (140 rows)
  ✓ Saved products 2021-22  (140 rows)
  ✓ Saved generic product list  (140 rows)

======================================================================
  Cross-Year IO Summary
======================================================================

  Real output (2015-16 ₹ crore)
  Year               Value       Abs_Chg     Pct_Chg          CAGR
  ──────────────────────────────────────────────────────────────
  2015-16   2441846027.0000 cr        (base)
  2019-20    67792424.0000 cr  ↓2374053603.0000      -97.2%      -59.2%/yr
  2021-22    75463138.0000 cr  ↓2366382889.0000      -96.9%      -44.0%/yr

  Year              Output (cr)     Intermediate      FinalDemand   Bal.Err%       ρ(A)
  ──────────────────────────────────────────────────────────────────────────────────
  2015-16         2,441,846,027    2,427,832,387       14,013,639      0.000   0.976329
  2019-20            79,535,137       55,251,606       24,283,531      0.000   0.900528
  2021-22            99,124,796       69,995,449       29,129,347      0.000   0.722213
  ✓ Saved IO summary all years  (3 rows)
  ✓ Done in 0.2s
