# Log started: 2026-02-22T15:12:15.300966

======================================================================
  SDA + MONTE CARLO + SUPPLY-CHAIN ANALYSIS
======================================================================

======================================================================
  STRUCTURAL DECOMPOSITION ANALYSIS (SDA)
======================================================================
  ✓ W 2015: shape=(140,)  non-zero=60
  ✓ L 2015: shape=(140, 140)  diag_mean=1.0774
  ✓ Y 2015 (from sut results): ₹928,841 cr  non-zero=38
  ✓ W 2019: shape=(140,)  non-zero=60
  ✓ L 2019: shape=(140, 140)  diag_mean=1.1062
  ✓ Y 2019 (from sut results): ₹1,196,491 cr  non-zero=38
  ✓ W 2022: shape=(140,)  non-zero=60
  ✓ L 2022: shape=(140, 140)  diag_mean=1.0447
  ✓ Y 2022 (from sut results): ₹1,140,322 cr  non-zero=38

  ── SDA: 2015 → 2019
  ✓ TWF: 557.9119 → 671.2662 bn m³  (Δ +113.3543 bn m³)
  ✓   W effect (technology):     +154.7757 bn m³  (+136.5% of |ΔTWF|)
  ✓   L effect (structure):      -200.0536 bn m³  (-176.5% of |ΔTWF|)
  ✓   Y effect (demand):         +153.8907 bn m³  (+135.8% of |ΔTWF|)
  ✓   Residual (should be ~0):   +4.741425 bn m³  (+4.183%)
  ✓ Saved SDA 2015→2019  (1 rows)
  ✓ Summary: sda_2015_2019_summary.txt

  ── SDA: 2019 → 2022
  ✓ TWF: 671.2662 → 610.7020 bn m³  (Δ -60.5642 bn m³)
  ✓   W effect (technology):     +12.9926 bn m³  (+21.5% of |ΔTWF|)
  ✓   L effect (structure):      -35.6967 bn m³  (-58.9% of |ΔTWF|)
  ✓   Y effect (demand):         -37.9165 bn m³  (-62.6% of |ΔTWF|)
  ✓   Residual (should be ~0):   +0.056374 bn m³  (+0.093%)
  ✓ Saved SDA 2019→2022  (1 rows)
  ✓ Summary: sda_2019_2022_summary.txt
  ✓ Saved SDA all periods  (2 rows)

======================================================================
  MONTE CARLO SENSITIVITY ANALYSIS
======================================================================

  ── Monte Carlo — 2015  (n=10,000)
  ✓ W 2015: shape=(140,)  non-zero=60
  ✓ L 2015: shape=(140, 140)  diag_mean=1.0774
  ✓ Y 2015 (from sut results): ₹928,841 cr  non-zero=38
  ✓   BASE:    559.1219 bn m³
  ✓   Median:  557.0192 bn m³
  ✓   5th–95th: 352.1227 – 893.1165 bn m³  (range ±60.3%)
  ✓ Saved MC results 2015  (10,000 rows)

  ── Top variance contributors — 2015
  ✓   agr_water_mult                  r=+1.000  share=100.0%
  ✓   hotel_coeff_mult                r=-0.011  share=0.0%
  ✓   rail_coeff_mult                 r=-0.009  share=0.0%
  ✓   rest_coeff_mult                 r=-0.002  share=0.0%
  ✓   dom_tourist_mult                r=+0.001  share=0.0%
  ✓ Summary: mc_2015_summary.txt

  ── Monte Carlo — 2019  (n=10,000)
  ✓ W 2019: shape=(140,)  non-zero=60
  ✓ L 2019: shape=(140, 140)  diag_mean=1.1062
  ✓ Y 2019 (from sut results): ₹1,196,491 cr  non-zero=38
  ✓   BASE:    673.5907 bn m³
  ✓   Median:  668.0732 bn m³
  ✓   5th–95th: 419.3962 – 1079.4268 bn m³  (range ±61.6%)
  ✓ Saved MC results 2019  (10,000 rows)

  ── Top variance contributors — 2019
  ✓   agr_water_mult                  r=+1.000  share=100.0%
  ✓   dom_tourist_mult                r=+0.011  share=0.0%
  ✓   air_coeff_mult                  r=+0.006  share=0.0%
  ✓   hotel_coeff_mult                r=-0.005  share=0.0%
  ✓   rail_coeff_mult                 r=+0.004  share=0.0%
  ✓ Summary: mc_2019_summary.txt

  ── Monte Carlo — 2022  (n=10,000)
  ✓ W 2022: shape=(140,)  non-zero=60
  ✓ L 2022: shape=(140, 140)  diag_mean=1.0447
  ✓ Y 2022 (from sut results): ₹1,140,322 cr  non-zero=38
  ✓   BASE:    612.8596 bn m³
  ✓   Median:  610.9376 bn m³
  ✓   5th–95th: 384.3785 – 977.9617 bn m³  (range ±60.1%)
  ✓ Saved MC results 2022  (10,000 rows)

  ── Top variance contributors — 2022
  ✓   agr_water_mult                  r=+1.000  share=100.0%
  ✓   dom_tourist_mult                r=-0.012  share=0.0%
  ✓   inb_tourist_mult                r=-0.010  share=0.0%
  ✓   air_coeff_mult                  r=-0.008  share=0.0%
  ✓   hotel_coeff_mult                r=+0.008  share=0.0%
  ✓ Summary: mc_2022_summary.txt
  ✓ Saved MC summary all years  (3 rows)
  ✓ Saved MC variance decomposition  (21 rows)

======================================================================
  SUPPLY-CHAIN PATH ANALYSIS + HEM
======================================================================

  ── Year: 2015
  ✓ W 2015: shape=(140,)  non-zero=60
  ✓ L 2015: shape=(140, 140)  diag_mean=1.0774
  ✓ Y 2015 (from sut results): ₹928,841 cr  non-zero=38

  ── Supply-chain path analysis — 2015
  ✓ Total pull cells: 2,280  |  Top 50 shown
  ✓ Top-5 paths:
  ✓   #1: Coarse cereals → Coarse cereals                                           56066.66M m³  (10.05%)
  ✓   #2: Paddy → Paddy                                                             52956.28M m³  (9.49%)
  ✓   #3: Wheat → Wheat                                                             35823.02M m³  (6.42%)
  ✓   #4: Other food crops → Coarse cereals                                         33643.95M m³  (6.03%)
  ✓   #5: Other pulses → Other pulses                                               24990.53M m³  (4.48%)

  ── Hypothetical Extraction Method (HEM) — 2015
  ✓ Top-5 tourism-dependent sectors:
  ✓   #1: Petroleum products                             dep=8.805%  water=20953.56M m³
  ✓   #2: Crude petroleum                                dep=7.404%  water=0.00M m³
  ✓   #3: Organic chemicals                              dep=5.062%  water=1.41M m³
  ✓   #4: Electricity                                    dep=4.634%  water=9862.50M m³
  ✓   #5: Financial services                             dep=4.529%  water=0.00M m³
  ✓ Saved SC paths 2015  (50 rows)
  ✓ Saved SC HEM 2015  (140 rows)
  ✓ Summary: sc_paths_2015_summary.txt
  ✓ Supply-chain MD: supply_chain_analysis_2015.md

  ── Year: 2019
  ✓ W 2019: shape=(140,)  non-zero=60
  ✓ L 2019: shape=(140, 140)  diag_mean=1.1062
  ✓ Y 2019 (from sut results): ₹1,196,491 cr  non-zero=38

  ── Supply-chain path analysis — 2019
  ✓ Total pull cells: 2,280  |  Top 50 shown
  ✓ Top-5 paths:
  ✓   #1: Coarse cereals → Coarse cereals                                          110099.88M m³  (16.40%)
  ✓   #2: Paddy → Paddy                                                             99181.18M m³  (14.78%)
  ✓   #3: Wheat → Wheat                                                             51722.58M m³  (7.71%)
  ✓   #4: Other pulses → Other pulses                                               50810.73M m³  (7.57%)
  ✓   #5: Arhar → Arhar                                                             46745.61M m³  (6.96%)

  ── Hypothetical Extraction Method (HEM) — 2019
  ✓ Top-5 tourism-dependent sectors:
  ✓   #1: Crude petroleum                                dep=33.864%  water=0.00M m³
  ✓   #2: Financial services                             dep=5.808%  water=0.00M m³
  ✓   #3: Organic chemicals                              dep=4.273%  water=1.98M m³
  ✓   #4: Coarse cereals                                 dep=3.815%  water=113795.87M m³
  ✓   #5: Fertilizers                                    dep=3.757%  water=15.17M m³
  ✓ Saved SC paths 2019  (50 rows)
  ✓ Saved SC HEM 2019  (140 rows)
  ✓ Summary: sc_paths_2019_summary.txt
  ✓ Supply-chain MD: supply_chain_analysis_2019.md

  ── Year: 2022
  ✓ W 2022: shape=(140,)  non-zero=60
  ✓ L 2022: shape=(140, 140)  diag_mean=1.0447
  ✓ Y 2022 (from sut results): ₹1,140,322 cr  non-zero=38

  ── Supply-chain path analysis — 2022
  ✓ Total pull cells: 2,280  |  Top 50 shown
  ✓ Top-5 paths:
  ✓   #1: Paddy → Paddy                                                            110119.76M m³  (18.03%)
  ✓   #2: Coarse cereals → Coarse cereals                                          107991.51M m³  (17.68%)
  ✓   #3: Wheat → Wheat                                                             42951.61M m³  (7.03%)
  ✓   #4: Gram → Gram                                                               37217.17M m³  (6.09%)
  ✓   #5: Tobacco → Tobacco                                                         35991.06M m³  (5.89%)

  ── Hypothetical Extraction Method (HEM) — 2022
  ✓ Top-5 tourism-dependent sectors:
  ✓   #1: Fertilizers                                    dep=7.487%  water=24.62M m³
  ✓   #2: Financial services                             dep=6.702%  water=0.00M m³
  ✓   #3: Organic chemicals                              dep=5.623%  water=8.03M m³
  ✓   #4: Petroleum products                             dep=5.475%  water=20994.56M m³
  ✓   #5: Coarse cereals                                 dep=5.245%  water=109194.51M m³
  ✓ Saved SC paths 2022  (50 rows)
  ✓ Saved SC HEM 2022  (140 rows)
  ✓ Summary: sc_paths_2022_summary.txt
  ✓ Supply-chain MD: supply_chain_analysis_2022.md
  ✓ Cross-year supply-chain MD: supply_chain_summary.md

======================================================================
  SUMMARY
======================================================================
  ✓ SDA periods computed: 2
  ✓ MC years computed: 3
  ✓ Supply-chain years computed: 3
  ✓ Outputs written to:
  ✓   SDA:          /Users/kumar.aniket/Downloads/surveydata/tourism-water-footprint/twf-calculation/3-final-results/sda
  ✓   Monte Carlo:  /Users/kumar.aniket/Downloads/surveydata/tourism-water-footprint/twf-calculation/3-final-results/monte-carlo
  ✓   Supply-chain: /Users/kumar.aniket/Downloads/surveydata/tourism-water-footprint/twf-calculation/3-final-results/supply-chain
  ✓ Done in 0.3s
