# Log started: 2026-02-23T08:29:50.781293

======================================================================
  CALCULATE INDIRECT TWF  (W × L × Y)
======================================================================

======================================================================
  Year: 2015
======================================================================
  ✓ Y_tourism 2015 (nominal): ₹929,805 crore, 25/163 non-zero
  ✓ L (2015-16): (141, 141)  diag mean=1.0048
  ✓ Concordance 2015-16: 76 categories
  ✓ SUT water 2015-16: 60/140 non-zero
  ✓ Split demand 2015: inbound ₹235,331 cr  domestic ₹694,474 cr
  ✓ L_2015: shape=(141, 141), non-zero=4308, max=1.1364, neg=0, diag_mean=1.0048
  ✓ Y_140: ₹928,841 crore from ₹929,805 EXIO total (coverage 99.9%)
  ✗ Exception: operands could not be broadcast together with shapes (141,) (140,) 
Traceback (most recent call last):
  File "/Users/kumar.aniket/Downloads/surveydata/tourism-water-footprint/twf-calculation/5-scripts/calculate_indirect_twf.py", line 505, in run
    if (res := _process_year(year, out_dir, log)) is not None
               ~~~~~~~~~~~~~^^^^^^^^^^^^^^^^^^^^
  File "/Users/kumar.aniket/Downloads/surveydata/tourism-water-footprint/twf-calculation/5-scripts/calculate_indirect_twf.py", line 414, in _process_year
    TWF, WL      = compute_twf(W_140, L, Y_140)
                   ~~~~~~~~~~~^^^^^^^^^^^^^^^^^
  File "/Users/kumar.aniket/Downloads/surveydata/tourism-water-footprint/twf-calculation/5-scripts/calculate_indirect_twf.py", line 168, in compute_twf
    TWF = WL * Y         # shape (140,): water pulled by tourism demand
          ~~~^~~
ValueError: operands could not be broadcast together with shapes (141,) (140,) 

