# Log started: 2026-02-22T12:17:24.557853

======================================================================
  SDA + MONTE CARLO + SUPPLY-CHAIN ANALYSIS
======================================================================

======================================================================
  STRUCTURAL DECOMPOSITION ANALYSIS (SDA)
======================================================================
  ✓ W 2015: shape=(140,)  non-zero=60
  ✓ L 2015: shape=(140, 140)  diag_mean=1.0774
  ✓ Y 2015 (from sut results): ₹928,841 cr  non-zero=38
  ✓ W 2019: shape=(140,)  non-zero=60
  ✓ L 2019: shape=(140, 140)  diag_mean=1.1062
  ✓ Y 2019 (from sut results): ₹1,403,742 cr  non-zero=38
  ✓ W 2022: shape=(140,)  non-zero=60
  ✓ L 2022: shape=(140, 140)  diag_mean=1.0447
  ✓ Y 2022 (from sut results): ₹1,497,873 cr  non-zero=38

  ── SDA: 2015 → 2019
  ✓ TWF: 252.7030 → 318.3388 bn m³  (Δ +65.6359 bn m³)
  ✓   W effect (technology):     +24.3177 bn m³  (+37.0% of |ΔTWF|)
  ✓   L effect (structure):      -89.3716 bn m³  (-136.2% of |ΔTWF|)
  ✓   Y effect (demand):         +129.5619 bn m³  (+197.4% of |ΔTWF|)
  ✓   Residual (should be ~0):   +1.127916 bn m³  (+1.718%)
  ✓ Saved SDA 2015→2019  (1 rows)
  ✓ Summary: sda_2015_2019_summary.txt

  ── SDA: 2019 → 2022
  ✓ TWF: 318.3388 → 328.5330 bn m³  (Δ +10.1941 bn m³)
  ✓   W effect (technology):     +7.9340 bn m³  (+77.8% of |ΔTWF|)
  ✓   L effect (structure):      -5.9757 bn m³  (-58.6% of |ΔTWF|)
  ✓   Y effect (demand):         +8.3215 bn m³  (+81.6% of |ΔTWF|)
  ✓   Residual (should be ~0):   -0.085686 bn m³  (-0.841%)
  ✓ Saved SDA 2019→2022  (1 rows)
  ✓ Summary: sda_2019_2022_summary.txt
  ✓ Saved SDA all periods  (2 rows)

======================================================================
  MONTE CARLO SENSITIVITY ANALYSIS
======================================================================

  ── Monte Carlo — 2015  (n=10,000)
  ✓ W 2015: shape=(140,)  non-zero=60
  ✓ L 2015: shape=(140, 140)  diag_mean=1.0774
  ✓ Y 2015 (from sut results): ₹928,841 cr  non-zero=38
  ✓   BASE:    253.0997 bn m³
  ✓   Median:  252.2049 bn m³
  ✓   5th–95th: 162.1155 – 399.8811 bn m³  (range ±58.6%)
  ✓ Saved MC results 2015  (10,000 rows)

  ── Top variance contributors — 2015
  ✓   agr_water_mult                  r=+1.000  share=100.0%
  ✓   hotel_coeff_mult                r=-0.011  share=0.0%
  ✓   rail_coeff_mult                 r=-0.009  share=0.0%
  ✓   rest_coeff_mult                 r=-0.002  share=0.0%
  ✓   dom_tourist_mult                r=+0.001  share=0.0%
  ✓ Summary: mc_2015_summary.txt

  ── Monte Carlo — 2019  (n=10,000)
  ✓ W 2019: shape=(140,)  non-zero=60
  ✓ L 2019: shape=(140, 140)  diag_mean=1.1062
  ✓ Y 2019 (from sut results): ₹1,403,742 cr  non-zero=38
  ✓   BASE:    318.9427 bn m³
  ✓   Median:  316.4072 bn m³
  ✓   5th–95th: 200.4685 – 508.1081 bn m³  (range ±60.6%)
  ✓ Saved MC results 2019  (10,000 rows)

  ── Top variance contributors — 2019
  ✓   agr_water_mult                  r=+1.000  share=100.0%
  ✓   dom_tourist_mult                r=+0.010  share=0.0%
  ✓   air_coeff_mult                  r=+0.006  share=0.0%
  ✓   hotel_coeff_mult                r=-0.005  share=0.0%
  ✓   rail_coeff_mult                 r=+0.004  share=0.0%
  ✓ Summary: mc_2019_summary.txt

  ── Monte Carlo — 2022  (n=10,000)
  ✓ W 2022: shape=(140,)  non-zero=60
  ✓ L 2022: shape=(140, 140)  diag_mean=1.0447
  ✓ Y 2022 (from sut results): ₹1,497,873 cr  non-zero=38
  ✓   BASE:    329.0347 bn m³
  ✓   Median:  328.0667 bn m³
  ✓   5th–95th: 207.0695 – 524.0591 bn m³  (range ±59.7%)
  ✓ Saved MC results 2022  (10,000 rows)

  ── Top variance contributors — 2022
  ✓   agr_water_mult                  r=+1.000  share=100.0%
  ✓   dom_tourist_mult                r=-0.012  share=0.0%
  ✓   inb_tourist_mult                r=-0.010  share=0.0%
  ✓   air_coeff_mult                  r=-0.008  share=0.0%
  ✓   hotel_coeff_mult                r=+0.008  share=0.0%
  ✓ Summary: mc_2022_summary.txt
  ✓ Saved MC summary all years  (3 rows)
  ✓ Saved MC variance decomposition  (21 rows)

======================================================================
  SUPPLY-CHAIN PATH ANALYSIS + HEM
======================================================================

  ── Year: 2015
  ✓ W 2015: shape=(140,)  non-zero=60
  ✓ L 2015: shape=(140, 140)  diag_mean=1.0774
  ✓ Y 2015 (from sut results): ₹928,841 cr  non-zero=38

  ── Supply-chain path analysis — 2015
  ✓ Total pull cells: 2,280  |  Top 50 shown
  ✓ Top-5 paths:
  ✓   #1: Paddy → Paddy                                                             53712.80M m³  (21.26%)
  ✓   #2: Wheat → Wheat                                                             36334.78M m³  (14.38%)
  ✓   #3: Coarse cereals → Coarse cereals                                           14216.90M m³  (5.63%)
  ✓   #4: Other food crops → Coarse cereals                                          6824.92M m³  (2.70%)
  ✓   #5: Other pulses → Other pulses                                                6336.88M m³  (2.51%)

  ── Hypothetical Extraction Method (HEM) — 2015
  ✓ Top-5 tourism-dependent sectors:
  ✓   #1: Petroleum products                             dep=8.799%  water=10657.91M m³
  ✓   #2: Crude petroleum                                dep=7.402%  water=0.00M m³
  ✓   #3: Organic chemicals                              dep=5.064%  water=0.18M m³
  ✓   #4: Electricity                                    dep=4.627%  water=10024.15M m³
  ✓   #5: Financial services                             dep=4.522%  water=0.00M m³
  ✓ Saved SC paths 2015  (50 rows)
  ✓ Saved SC HEM 2015  (140 rows)
  ✓ Summary: sc_paths_2015_summary.txt
  ✓ Supply-chain MD: supply_chain_analysis_2015.md

  ── Year: 2019
  ✓ W 2019: shape=(140,)  non-zero=60
  ✓ L 2019: shape=(140, 140)  diag_mean=1.1062
  ✓ Y 2019 (from sut results): ₹1,403,742 cr  non-zero=38

  ── Supply-chain path analysis — 2019
  ✓ Total pull cells: 2,280  |  Top 50 shown
  ✓ Top-5 paths:
  ✓   #1: Paddy → Paddy                                                             99432.91M m³  (31.23%)
  ✓   #2: Wheat → Wheat                                                             51853.85M m³  (16.29%)
  ✓   #3: Coarse cereals → Coarse cereals                                           27594.83M m³  (8.67%)
  ✓   #4: Gram → Gram                                                               12771.81M m³  (4.01%)
  ✓   #5: Arhar → Arhar                                                             11716.06M m³  (3.68%)

  ── Hypothetical Extraction Method (HEM) — 2019
  ✓ Top-5 tourism-dependent sectors:
  ✓   #1: Crude petroleum                                dep=33.796%  water=0.00M m³
  ✓   #2: Financial services                             dep=5.781%  water=0.00M m³
  ✓   #3: Organic chemicals                              dep=4.263%  water=0.25M m³
  ✓   #4: Coarse cereals                                 dep=3.813%  water=28506.17M m³
  ✓   #5: Fertilizers                                    dep=3.727%  water=15.09M m³
  ✓ Saved SC paths 2019  (50 rows)
  ✓ Saved SC HEM 2019  (140 rows)
  ✓ Summary: sc_paths_2019_summary.txt
  ✓ Supply-chain MD: supply_chain_analysis_2019.md

  ── Year: 2022
  ✓ W 2022: shape=(140,)  non-zero=60
  ✓ L 2022: shape=(140, 140)  diag_mean=1.0447
  ✓ Y 2022 (from sut results): ₹1,497,873 cr  non-zero=38

  ── Supply-chain path analysis — 2022
  ✓ Total pull cells: 2,280  |  Top 50 shown
  ✓ Top-5 paths:
  ✓   #1: Paddy → Paddy                                                            118128.47M m³  (35.96%)
  ✓   #2: Wheat → Wheat                                                             46075.36M m³  (14.02%)
  ✓   #3: Coarse cereals → Coarse cereals                                           28961.36M m³  (8.82%)
  ✓   #4: Groundnut → Groundnut                                                     12755.72M m³  (3.88%)
  ✓   #5: Gram → Gram                                                                9980.97M m³  (3.04%)

  ── Hypothetical Extraction Method (HEM) — 2022
  ✓ Top-5 tourism-dependent sectors:
  ✓   #1: Fertilizers                                    dep=7.481%  water=26.27M m³
  ✓   #2: Financial services                             dep=6.686%  water=0.00M m³
  ✓   #3: Organic chemicals                              dep=5.592%  water=1.07M m³
  ✓   #4: Petroleum products                             dep=5.459%  water=11175.72M m³
  ✓   #5: Coarse cereals                                 dep=5.268%  water=29278.80M m³
  ✓ Saved SC paths 2022  (50 rows)
  ✓ Saved SC HEM 2022  (140 rows)
  ✓ Summary: sc_paths_2022_summary.txt
  ✓ Supply-chain MD: supply_chain_analysis_2022.md
  ✓ Cross-year supply-chain MD: supply_chain_summary.md

======================================================================
  SUMMARY
======================================================================
  ✓ SDA periods computed: 2
  ✓ MC years computed: 3
  ✓ Supply-chain years computed: 3
  ✓ Outputs written to:
  ✓   SDA:          /Users/kumar.aniket/Downloads/surveydata/tourism-water-footprint/twf-calculation/3-final-results/sda
  ✓   Monte Carlo:  /Users/kumar.aniket/Downloads/surveydata/tourism-water-footprint/twf-calculation/3-final-results/monte-carlo
  ✓   Supply-chain: /Users/kumar.aniket/Downloads/surveydata/tourism-water-footprint/twf-calculation/3-final-results/supply-chain
  ✓ Done in 0.3s
