# Log started: 2026-02-21T08:25:36.249917

======================================================================
  CALCULATE INDIRECT TWF  (W × L × Y)
======================================================================

======================================================================
  Year: 2015
======================================================================
  ✓ Y_tourism 2015 [nominal]: ₹929,805 crore, 25/163 non-zero
  ✓ L (2015-16): (140, 140)  diag mean=1.0774
  ✓ Concordance 2015-16: 76 categories
  ✓ SUT water 2015-16: 60/140 non-zero
  ✓ L_2015: shape=(140, 140), non-zero=19044, max=1.7419, neg=0, diag_mean=1.0774
  ✗ Exception: invalid literal for int() with base 10: 'nan'
Traceback (most recent call last):
  File "/Users/kumar.aniket/Downloads/surveydata/tourism-water-footprint/twf-calculation/5-scripts/calculate_indirect_twf.py", line 369, in run
    Y_140  = map_y_to_sut(Y_163, concordance, log=log)
  File "/Users/kumar.aniket/Downloads/surveydata/tourism-water-footprint/twf-calculation/5-scripts/calculate_indirect_twf.py", line 124, in map_y_to_sut
    idx = 0 if code == "IN" else int(code.replace("IN.", ""))
                                 ~~~^^^^^^^^^^^^^^^^^^^^^^^^^
ValueError: invalid literal for int() with base 10: 'nan'

