# Log started: 2026-02-22T08:32:48.399790

======================================================================
  CALCULATE INDIRECT TWF  (W × L × Y)
======================================================================

======================================================================
  Year: 2015
======================================================================
  ✓ Y_tourism 2015 [nominal]: ₹929,805 crore, 25/163 non-zero
  ✓ L (2015-16): (140, 140)  diag mean=1.0774
  ✓ Concordance 2015-16: 76 categories
  ✓ SUT water 2015-16: 60/140 non-zero
  ✓ L_2015: shape=(140, 140), non-zero=19044, max=1.7419, neg=0, diag_mean=1.0774
  ✓ Y_140 vs Y_163 (crore): 928,841 ≈ 929,805  (Δ 0.104% — PASS)

======================================================================
  Indirect TWF Summary — 2015
======================================================================
  Total indirect TWF:        55,254,182,422 m³ = 55.2542 billion m³
  Supply-chain water:        54,917,011,186 m³ (99.4%)
  Tourism demand:      ₹           928,841 crore
  Water intensity:                  59487.2 m³/crore

  Top 10 by Total_Water_m3:
  Rank  Category_Name                                     Total_Water_m3        %
  ────────────────────────────────────────────────────────────────────────────────
  1     Processed Fruit/Veg                               13,110,376,891 m³    23.7%
  2     Hotels & Restaurants                               7,549,308,771 m³    13.7%
  3     Road Transport                                     7,330,543,987 m³    13.3%
  4     Beverages                                          4,944,494,668 m³     8.9%
  5     Ready Made Garments                                3,674,054,107 m³     6.6%
  6     Other Chemicals                                    3,431,225,908 m³     6.2%
  7     Air Transport                                      3,171,847,514 m³     5.7%
  8     Health & Social Work                               2,955,528,852 m³     5.3%
  9     Financial Services                                 2,528,150,600 m³     4.6%
  10    Leather Footwear                                   1,347,555,370 m³     2.4%

  ── By sector type
      Agriculture         :                0 m³  (0.0%)
      Food Mfg            :   19,118,403,428 m³  (34.6%)
      Manufacturing       :    3,842,570,163 m³  (7.0%)
      Mining              :                0 m³  (0.0%)
      Services            :   26,666,162,355 m³  (48.3%)
      Textiles            :    5,466,510,183 m³  (9.9%)
      Utilities           :      160,536,293 m³  (0.3%)

  ── Structural decomposition — 2015
  ✓ Saved Structural decomp 2015  (23 rows)
  ✓ Saved Water origin 2015  (6 rows)

  ── By source sector — where water physically originates (2015)
  (pull[i,j] = W[i] × L[i,j] × Y[j], summed over all tourism destinations j)
  Use THIS table when citing agricultural water share in publications.
  Agriculture here = upstream extraction flowing through supply chains.
      Agriculture         :   40,341,296,927 m³  (73.0%)
      Petroleum           :    7,906,175,438 m³  (14.3%)
      Electricity         :    5,171,830,167 m³  (9.4%)
      Manufacturing       :    1,834,879,889 m³  (3.3%)
      Mining              :                0 m³  (0.0%)
      Services            :                0 m³  (0.0%)
  ✓ Agriculture share 73.0% — consistent with literature (40–80%)
  ✓ Saved Sector intensity 2015  (23 rows)

  ── Top 5 most water-intensive tourism spending categories (m³/crore)
      Grain Mill & Bakery                        220,707.4 m³/crore  (demand: ₹4,334 cr)
      Processed Fruit/Veg                        156,176.3 m³/crore  (demand: ₹83,946 cr)
      Beverages                                  133,428.0 m³/crore  (demand: ₹37,057 cr)
      Other Chemicals                             79,668.5 m³/crore  (demand: ₹43,069 cr)
      Electricity, Heat & Energy                  77,247.8 m³/crore  (demand: ₹2,078 cr)
  ✓ Y_tourism 2015 [real (2015-16 prices)]: ₹929,805 crore, 25/163 non-zero
  ✓ Y_140 vs Y_163 (crore): 928,841 ≈ 929,805  (Δ 0.104% — PASS)
  ✓ Real-price intensity: 59487.2 m³/crore (2015-16 prices)

  ── Sensitivity (±20% agr./elec./petrol. coefficients) — 2015
  ✓ Agriculture sensitivity: 47.1859 – 63.3224 bn m³  (BASE = 55.2542)  ±14.6% TWF uncertainty
  ✓ Electricity sensitivity: 54.2198 – 56.2885 bn m³  (BASE = 55.2542)  ±1.9% TWF uncertainty
  ✓ Petroleum sensitivity: 53.6729 – 56.8354 bn m³  (BASE = 55.2542)  ±2.9% TWF uncertainty
  ✓ Saved Sensitivity 2015  (9 rows)
  ✓ Split demand 2015: inbound ₹235,331 cr  domestic ₹694,474 cr

  ── Inbound vs Domestic TWF — 2015
      Inbound   :  16.5784 bn m³  demand ₹     235,001 cr  intensity   70,546.2 m³/crore
      Domestic  :  38.6758 bn m³  demand ₹     693,840 cr  intensity   55,741.6 m³/crore
      Combined  :  55.2542 bn m³  demand ₹     928,841 cr  intensity   59,487.2 m³/crore
    Inbound intensity = 1.27× domestic intensity  (Lee et al. 2021 China: ~3×)
  ✓ Saved Inbound/domestic split 2015  (3 rows)
  ✓ Saved SUT results 2015  (140 rows)
  ✓ Saved Category results 2015  (76 rows)
  ✓ Summary: indirect_twf_2015_summary.txt

======================================================================
  Year: 2019
======================================================================
  ✓ Y_tourism 2019 [nominal]: ₹1,405,015 crore, 25/163 non-zero
  ✓ L (2019-20): (140, 140)  diag mean=1.1062
  ✓ Concordance 2019-20: 76 categories
  ✓ SUT water 2019-20: 60/140 non-zero
  ✓ L_2019: shape=(140, 140), non-zero=19183, max=8.8126, neg=0, diag_mean=1.1062
  ✓ Y_140 vs Y_163 (crore): 1,403,742 ≈ 1,405,015  (Δ 0.091% — PASS)

======================================================================
  Indirect TWF Summary — 2019
======================================================================
  Total indirect TWF:        33,750,560,830 m³ = 33.7506 billion m³
  Supply-chain water:        33,133,204,343 m³ (98.2%)
  Tourism demand:      ₹         1,403,742 crore
  Water intensity:                  24043.3 m³/crore

  Top 10 by Total_Water_m3:
  Rank  Category_Name                                     Total_Water_m3        %
  ────────────────────────────────────────────────────────────────────────────────
  1     Processed Fruit/Veg                                9,595,045,905 m³    28.4%
  2     Hotels & Restaurants                               6,478,789,850 m³    19.2%
  3     Road Transport                                     3,820,365,513 m³    11.3%
  4     Beverages                                          2,387,937,368 m³     7.1%
  5     Health & Social Work                               1,883,904,165 m³     5.6%
  6     Air Transport                                      1,796,907,241 m³     5.3%
  7     Ready Made Garments                                1,709,222,403 m³     5.1%
  8     Financial Services                                 1,139,426,237 m³     3.4%
  9     Other Chemicals                                    1,006,256,856 m³     3.0%
  10    Grain Mill & Bakery                                  996,425,922 m³     3.0%

  ── By sector type
      Agriculture         :                0 m³  (0.0%)
      Food Mfg            :   13,035,538,938 m³  (38.6%)
      Manufacturing       :    1,280,602,231 m³  (3.8%)
      Mining              :                0 m³  (0.0%)
      Services            :   16,988,591,205 m³  (50.3%)
      Textiles            :    2,256,386,600 m³  (6.7%)
      Utilities           :      189,441,856 m³  (0.6%)

  ── Structural decomposition — 2019
  ✓ Saved Structural decomp 2019  (23 rows)
  ✓ Saved Water origin 2019  (6 rows)

  ── By source sector — where water physically originates (2019)
  (pull[i,j] = W[i] × L[i,j] × Y[j], summed over all tourism destinations j)
  Use THIS table when citing agricultural water share in publications.
  Agriculture here = upstream extraction flowing through supply chains.
      Agriculture         :   22,053,997,734 m³  (65.3%)
      Electricity         :    5,477,155,983 m³  (16.2%)
      Petroleum           :    3,847,400,954 m³  (11.4%)
      Manufacturing       :    2,372,006,158 m³  (7.0%)
      Mining              :                0 m³  (0.0%)
      Services            :                0 m³  (0.0%)
  ✓ Agriculture share 65.3% — consistent with literature (40–80%)
  ✓ Saved Sector intensity 2019  (23 rows)

  ── Top 5 most water-intensive tourism spending categories (m³/crore)
      Grain Mill & Bakery                        164,856.6 m³/crore  (demand: ₹6,044 cr)
      Processed Fruit/Veg                         72,489.8 m³/crore  (demand: ₹132,364 cr)
      Electricity, Heat & Energy                  70,752.6 m³/crore  (demand: ₹2,678 cr)
      Beverages                                   38,591.0 m³/crore  (demand: ₹61,878 cr)
      Paper Products                              31,948.0 m³/crore  (demand: ₹4,235 cr)
  ✓ Y_tourism 2019 [real (2015-16 prices)]: ₹1,197,576 crore, 25/163 non-zero
  ✓ Y_140 vs Y_163 (crore): 1,196,491 ≈ 1,197,576  (Δ 0.091% — PASS)
  ✓ Real-price intensity: 24043.3 m³/crore (2015-16 prices)

  ── Sensitivity (±20% agr./elec./petrol. coefficients) — 2019
  ✓ Agriculture sensitivity: 29.3398 – 38.1614 bn m³  (BASE = 33.7506)  ±13.1% TWF uncertainty
  ✓ Electricity sensitivity: 32.6551 – 34.8460 bn m³  (BASE = 33.7506)  ±3.2% TWF uncertainty
  ✓ Petroleum sensitivity: 32.9811 – 34.5200 bn m³  (BASE = 33.7506)  ±2.3% TWF uncertainty
  ✓ Saved Sensitivity 2019  (9 rows)
  ✓ Split demand 2019: inbound ₹364,325 cr  domestic ₹1,040,690 cr

  ── Inbound vs Domestic TWF — 2019
      Inbound   :  10.6289 bn m³  demand ₹     363,890 cr  intensity   29,209.1 m³/crore
      Domestic  :  23.1217 bn m³  demand ₹   1,039,853 cr  intensity   22,235.5 m³/crore
      Combined  :  33.7506 bn m³  demand ₹   1,403,742 cr  intensity   24,043.3 m³/crore
    Inbound intensity = 1.31× domestic intensity  (Lee et al. 2021 China: ~3×)
  ✓ Saved Inbound/domestic split 2019  (3 rows)
  ✓ Saved SUT results 2019  (140 rows)
  ✓ Saved Category results 2019  (76 rows)
  ✓ Summary: indirect_twf_2019_summary.txt

======================================================================
  Year: 2022
======================================================================
  ✓ Y_tourism 2022 [nominal]: ₹1,499,192 crore, 25/163 non-zero
  ✓ L (2021-22): (140, 140)  diag mean=1.0447
  ✓ Concordance 2021-22: 76 categories
  ✓ SUT water 2021-22: 60/140 non-zero
  ✓ L_2022: shape=(140, 140), non-zero=18909, max=1.5742, neg=0, diag_mean=1.0447
  ✓ Y_140 vs Y_163 (crore): 1,497,873 ≈ 1,499,192  (Δ 0.088% — PASS)

======================================================================
  Indirect TWF Summary — 2022
======================================================================
  Total indirect TWF:        31,212,710,079 m³ = 31.2127 billion m³
  Supply-chain water:        29,503,989,245 m³ (94.5%)
  Tourism demand:      ₹         1,497,873 crore
  Water intensity:                  20838.0 m³/crore

  Top 10 by Total_Water_m3:
  Rank  Category_Name                                     Total_Water_m3        %
  ────────────────────────────────────────────────────────────────────────────────
  1     Processed Fruit/Veg                               12,230,895,434 m³    39.2%
  2     Hotels & Restaurants                               3,483,863,441 m³    11.2%
  3     Road Transport                                     3,167,669,556 m³    10.1%
  4     Beverages                                          2,219,619,853 m³     7.1%
  5     Ready Made Garments                                1,594,300,642 m³     5.1%
  6     Other Chemicals                                    1,424,737,150 m³     4.6%
  7     Air Transport                                      1,252,638,106 m³     4.0%
  8     Grain Mill & Bakery                                1,012,413,743 m³     3.2%
  9     Health & Social Work                                 992,292,815 m³     3.2%
  10    Other Services                                       911,725,574 m³     2.9%

  ── By sector type
      Agriculture         :                0 m³  (0.0%)
      Food Mfg            :   15,529,937,121 m³  (49.8%)
      Manufacturing       :    1,779,556,958 m³  (5.7%)
      Mining              :                0 m³  (0.0%)
      Services            :   11,404,587,684 m³  (36.5%)
      Textiles            :    2,317,686,033 m³  (7.4%)
      Utilities           :      180,942,282 m³  (0.6%)

  ── Structural decomposition — 2022
  ✓ Saved Structural decomp 2022  (23 rows)
  ✓ Saved Water origin 2022  (6 rows)

  ── By source sector — where water physically originates (2022)
  (pull[i,j] = W[i] × L[i,j] × Y[j], summed over all tourism destinations j)
  Use THIS table when citing agricultural water share in publications.
  Agriculture here = upstream extraction flowing through supply chains.
      Agriculture         :   20,288,344,537 m³  (65.0%)
      Petroleum           :    5,349,314,153 m³  (17.1%)
      Manufacturing       :    3,056,307,389 m³  (9.8%)
      Electricity         :    2,518,744,000 m³  (8.1%)
      Mining              :                0 m³  (0.0%)
      Services            :                0 m³  (0.0%)
  ✓ Agriculture share 65.0% — consistent with literature (40–80%)
  ✓ Saved Sector intensity 2022  (23 rows)

  ── Top 5 most water-intensive tourism spending categories (m³/crore)
      Grain Mill & Bakery                        156,518.0 m³/crore  (demand: ₹6,468 cr)
      Processed Fruit/Veg                         89,276.8 m³/crore  (demand: ₹137,000 cr)
      Electricity, Heat & Energy                  51,862.0 m³/crore  (demand: ₹3,489 cr)
      Beverages                                   35,166.0 m³/crore  (demand: ₹63,118 cr)
      Textiles                                    29,247.9 m³/crore  (demand: ₹10,467 cr)
  ✓ Y_tourism 2022 [real (2015-16 prices)]: ₹1,141,327 crore, 25/163 non-zero
  ✓ Y_140 vs Y_163 (crore): 1,140,322 ≈ 1,141,327  (Δ 0.088% — PASS)
  ✓ Real-price intensity: 20838.0 m³/crore (2015-16 prices)

  ── Sensitivity (±20% agr./elec./petrol. coefficients) — 2022
  ✓ Agriculture sensitivity: 27.1550 – 35.2704 bn m³  (BASE = 31.2127)  ±13.0% TWF uncertainty
  ✓ Electricity sensitivity: 30.7090 – 31.7165 bn m³  (BASE = 31.2127)  ±1.6% TWF uncertainty
  ✓ Petroleum sensitivity: 30.1428 – 32.2826 bn m³  (BASE = 31.2127)  ±3.4% TWF uncertainty
  ✓ Saved Sensitivity 2022  (9 rows)
  ✓ Split demand 2022: inbound ₹367,018 cr  domestic ₹1,132,174 cr

  ── Inbound vs Domestic TWF — 2022
      Inbound   :   9.3777 bn m³  demand ₹     366,567 cr  intensity   25,582.6 m³/crore
      Domestic  :  21.8350 bn m³  demand ₹   1,131,307 cr  intensity   19,300.7 m³/crore
      Combined  :  31.2127 bn m³  demand ₹   1,497,874 cr  intensity   20,838.0 m³/crore
    Inbound intensity = 1.33× domestic intensity  (Lee et al. 2021 China: ~3×)
  ✓ Saved Inbound/domestic split 2022  (3 rows)
  ✓ Saved SUT results 2022  (140 rows)
  ✓ Saved Category results 2022  (76 rows)
  ✓ Summary: indirect_twf_2022_summary.txt

======================================================================
  Cross-Year Indirect TWF Comparison
======================================================================

  Indirect TWF (billion m³)
  Year               Value       Abs_Chg     Pct_Chg          CAGR
  ──────────────────────────────────────────────────────────────
  2015             55.2542 bn m³        (base)
  2019             33.7506 bn m³  ↓   21.5036      -38.9%      -11.6%/yr
  2022             31.2127 bn m³  ↓   24.0415      -43.5%       -7.8%/yr

  Water intensity nominal (m³/crore)
  Year               Value       Abs_Chg     Pct_Chg          CAGR
  ──────────────────────────────────────────────────────────────
  2015          59487.2345 m³/cr        (base)
  2019          24043.2736 m³/cr  ↓35443.9610      -59.6%      -20.3%/yr
  2022          20838.0151 m³/cr  ↓38649.2195      -65.0%      -13.9%/yr

  Water intensity real 2015-16 (m³/crore)
  Year               Value       Abs_Chg     Pct_Chg          CAGR
  ──────────────────────────────────────────────────────────────
  2015          59487.2345 m³/cr        (base)
  2019          24043.2736 m³/cr  ↓35443.9610      -59.6%      -20.3%/yr
  2022          20838.0151 m³/cr  ↓38649.2195      -65.0%      -13.9%/yr

  Agriculture share of water origin (%)
  Year               Value       Abs_Chg     Pct_Chg          CAGR
  ──────────────────────────────────────────────────────────────
  2015             73.0100%        (base)
  2019             65.3400%  ↓    7.6700      -10.5%       -2.7%/yr
  2022             65.0000%  ↓    8.0100      -11.0%       -1.6%/yr
  ✓ Saved All-year summary  (3 rows)
  ✓ Done in 0.1s
