# Log started: 2026-02-22T08:32:48.497979

======================================================================
  SDA + MONTE CARLO + SUPPLY-CHAIN ANALYSIS
======================================================================

======================================================================
  STRUCTURAL DECOMPOSITION ANALYSIS (SDA)
======================================================================
  ✓ W 2015: shape=(140,)  non-zero=60
  ✓ L 2015: shape=(140, 140)  diag_mean=1.0774
  ✓ Y 2015 (from sut results): ₹928,841 cr  non-zero=38
  ✓ W 2019: shape=(140,)  non-zero=60
  ✓ L 2019: shape=(140, 140)  diag_mean=1.1062
  ✓ Y 2019 (from sut results): ₹1,403,742 cr  non-zero=38
  ✓ W 2022: shape=(140,)  non-zero=60
  ✓ L 2022: shape=(140, 140)  diag_mean=1.0447
  ✓ Y 2022 (from sut results): ₹1,497,873 cr  non-zero=38

  ── SDA: 2015 → 2019
  ✓ TWF: 55.2542 → 33.7506 bn m³  (Δ -21.5036 bn m³)
  ✓   W effect (technology):     +2.4346 bn m³  (+11.3% of |ΔTWF|)
  ✓   L effect (structure):      -44.7054 bn m³  (-207.9% of |ΔTWF|)
  ✓   Y effect (demand):         +20.4065 bn m³  (+94.9% of |ΔTWF|)
  ✓   Residual (should be ~0):   +0.360614 bn m³  (+1.677%)
  ✓ Saved SDA 2015→2019  (1 rows)
  ✓ Summary: sda_2015_2019_summary.txt

  ── SDA: 2019 → 2022
  ✓ TWF: 33.7506 → 31.2127 bn m³  (Δ -2.5379 bn m³)
  ✓   W effect (technology):     +1.5173 bn m³  (+59.8% of |ΔTWF|)
  ✓   L effect (structure):      -5.4364 bn m³  (-214.2% of |ΔTWF|)
  ✓   Y effect (demand):         +1.3954 bn m³  (+55.0% of |ΔTWF|)
  ✓   Residual (should be ~0):   -0.014157 bn m³  (-0.558%)
  ✓ Saved SDA 2019→2022  (1 rows)
  ✓ Summary: sda_2019_2022_summary.txt
  ✓ Saved SDA all periods  (2 rows)

======================================================================
  MONTE CARLO SENSITIVITY ANALYSIS
======================================================================

  ── Monte Carlo — 2015  (n=10,000)
  ✓ W 2015: shape=(140,)  non-zero=60
  ✓ L 2015: shape=(140, 140)  diag_mean=1.0774
  ✓ Y 2015 (from sut results): ₹928,841 cr  non-zero=38
  ✓   BASE:    55.6509 bn m³
  ✓   Median:  55.5023 bn m³
  ✓   5th–95th: 39.7421 – 81.3389 bn m³  (range ±46.6%)
  ✓ Saved MC results 2015  (10,000 rows)

  ── Top variance contributors — 2015
  ✓   agr_water_mult                  r=+1.000  share=100.0%
  ✓   hotel_coeff_mult                r=-0.010  share=0.0%
  ✓   rail_coeff_mult                 r=-0.008  share=0.0%
  ✓   dom_tourist_mult                r=+0.003  share=0.0%
  ✓   rest_coeff_mult                 r=+0.001  share=0.0%
  ✓ Summary: mc_2015_summary.txt

  ── Monte Carlo — 2019  (n=10,000)
  ✓ W 2019: shape=(140,)  non-zero=60
  ✓ L 2019: shape=(140, 140)  diag_mean=1.1062
  ✓ Y 2019 (from sut results): ₹1,403,742 cr  non-zero=38
  ✓   BASE:    34.3544 bn m³
  ✓   Median:  34.1788 bn m³
  ✓   5th–95th: 25.7171 – 48.1739 bn m³  (range ±40.9%)
  ✓ Saved MC results 2019  (10,000 rows)

  ── Top variance contributors — 2019
  ✓   agr_water_mult                  r=+1.000  share=100.0%
  ✓   dom_tourist_mult                r=+0.015  share=0.0%
  ✓   rail_coeff_mult                 r=+0.007  share=0.0%
  ✓   rest_coeff_mult                 r=+0.007  share=0.0%
  ✓   air_coeff_mult                  r=+0.007  share=0.0%
  ✓ Summary: mc_2019_summary.txt

  ── Monte Carlo — 2022  (n=10,000)
  ✓ W 2022: shape=(140,)  non-zero=60
  ✓ L 2022: shape=(140, 140)  diag_mean=1.0447
  ✓ Y 2022 (from sut results): ₹1,497,873 cr  non-zero=38
  ✓   BASE:    31.7144 bn m³
  ✓   Median:  31.6508 bn m³
  ✓   5th–95th: 23.7538 – 44.4256 bn m³  (range ±40.4%)
  ✓ Saved MC results 2022  (10,000 rows)

  ── Top variance contributors — 2022
  ✓   agr_water_mult                  r=+1.000  share=100.0%
  ✓   inb_tourist_mult                r=-0.010  share=0.0%
  ✓   hotel_coeff_mult                r=+0.009  share=0.0%
  ✓   air_coeff_mult                  r=-0.008  share=0.0%
  ✓   dom_tourist_mult                r=-0.008  share=0.0%
  ✓ Summary: mc_2022_summary.txt
  ✓ Saved MC summary all years  (3 rows)
  ✓ Saved MC variance decomposition  (21 rows)

======================================================================
  SUPPLY-CHAIN PATH ANALYSIS + HEM
======================================================================

  ── Year: 2015
  ✓ W 2015: shape=(140,)  non-zero=60
  ✓ L 2015: shape=(140, 140)  diag_mean=1.0774
  ✓ Y 2015 (from sut results): ₹928,841 cr  non-zero=38

  ── Supply-chain path analysis — 2015
  ✓ Total pull cells: 2,280  |  Top 50 shown
  ✓ Top-5 paths:
  ✓   #1: Other food crops → Processed fruits & Processed Vegetables                 2957.50M m³  (5.35%)
  ✓   #2: Other food crops → Hotels & Restaurant                                     2668.44M m³  (4.83%)
  ✓   #3: Petroleum products → Land transport                                        2260.38M m³  (4.09%)
  ✓   #4: Wheat → Hotels & Restaurant                                                2053.72M m³  (3.72%)
  ✓   #5: Paddy → Processed fruits & Processed Vegetables                            1877.06M m³  (3.40%)

  ── Hypothetical Extraction Method (HEM) — 2015
  ✓ Top-5 tourism-dependent sectors:
  ✓   #1: Petroleum products                             dep=8.606%  water=7836.07M m³
  ✓   #2: Crude petroleum                                dep=7.100%  water=0.00M m³
  ✓   #3: Land transport                                 dep=4.846%  water=0.00M m³
  ✓   #4: Other Business services                        dep=4.612%  water=0.00M m³
  ✓   #5: Organic chemicals                              dep=4.513%  water=0.12M m³
  ✓ Saved SC paths 2015  (50 rows)
  ✓ Saved SC HEM 2015  (140 rows)
  ✓ Summary: sc_paths_2015_summary.txt
  ✓ Supply-chain MD: supply_chain_analysis_2015.md

  ── Year: 2019
  ✓ W 2019: shape=(140,)  non-zero=60
  ✓ L 2019: shape=(140, 140)  diag_mean=1.1062
  ✓ Y 2019 (from sut results): ₹1,403,742 cr  non-zero=38

  ── Supply-chain path analysis — 2019
  ✓ Total pull cells: 2,280  |  Top 50 shown
  ✓ Top-5 paths:
  ✓   #1: Paddy → Processed fruits & Processed Vegetables                            2340.57M m³  (6.93%)
  ✓   #2: Other food crops → Hotels & Restaurant                                     1797.73M m³  (5.33%)
  ✓   #3: Other oil seeds → Processed fruits & Processed Vegetables                  1760.12M m³  (5.22%)
  ✓   #4: Paddy → Hotels & Restaurant                                                1673.62M m³  (4.96%)
  ✓   #5: Wheat → Hotels & Restaurant                                                1199.83M m³  (3.56%)

  ── Hypothetical Extraction Method (HEM) — 2019
  ✓ Top-5 tourism-dependent sectors:
  ✓   #1: Crude petroleum                                dep=28.402%  water=0.00M m³
  ✓   #2: Land transport                                 dep=5.995%  water=0.00M m³
  ✓   #3: Hotels & Restaurant                            dep=4.321%  water=0.00M m³
  ✓   #4: Financial services                             dep=3.436%  water=0.00M m³
  ✓   #5: Organic chemicals                              dep=3.090%  water=0.12M m³
  ✓ Saved SC paths 2019  (50 rows)
  ✓ Saved SC HEM 2019  (140 rows)
  ✓ Summary: sc_paths_2019_summary.txt
  ✓ Supply-chain MD: supply_chain_analysis_2019.md

  ── Year: 2022
  ✓ W 2022: shape=(140,)  non-zero=60
  ✓ L 2022: shape=(140, 140)  diag_mean=1.0447
  ✓ Y 2022 (from sut results): ₹1,497,873 cr  non-zero=38

  ── Supply-chain path analysis — 2022
  ✓ Total pull cells: 2,280  |  Top 50 shown
  ✓ Top-5 paths:
  ✓   #1: Paddy → Processed fruits & Processed Vegetables                            3250.86M m³  (10.42%)
  ✓   #2: Other food crops → Hotels & Restaurant                                     1972.77M m³  (6.32%)
  ✓   #3: Other oil seeds → Processed fruits & Processed Vegetables                  1813.05M m³  (5.81%)
  ✓   #4: Petroleum products → Land transport                                        1615.42M m³  (5.18%)
  ✓   #5: Rapeseed and mustard → Processed fruits & Processed Vegetables             1513.38M m³  (4.85%)

  ── Hypothetical Extraction Method (HEM) — 2022
  ✓ Top-5 tourism-dependent sectors:
  ✓   #1: Land transport                                 dep=8.492%  water=0.00M m³
  ✓   #2: Hotels & Restaurant                            dep=5.556%  water=0.00M m³
  ✓   #3: Construction and construction services         dep=5.398%  water=0.00M m³
  ✓   #4: Research & Development Services                dep=3.899%  water=0.00M m³
  ✓   #5: Financial services                             dep=3.817%  water=0.00M m³
  ✓ Saved SC paths 2022  (50 rows)
  ✓ Saved SC HEM 2022  (140 rows)
  ✓ Summary: sc_paths_2022_summary.txt
  ✓ Supply-chain MD: supply_chain_analysis_2022.md
  ✓ Cross-year supply-chain MD: supply_chain_summary.md

======================================================================
  SUMMARY
======================================================================
  ✓ SDA periods computed: 2
  ✓ MC years computed: 3
  ✓ Supply-chain years computed: 3
  ✓ Outputs written to:
  ✓   SDA:          /Users/kumar.aniket/Downloads/surveydata/tourism-water-footprint/twf-calculation/3-final-results/sda
  ✓   Monte Carlo:  /Users/kumar.aniket/Downloads/surveydata/tourism-water-footprint/twf-calculation/3-final-results/monte-carlo
  ✓   Supply-chain: /Users/kumar.aniket/Downloads/surveydata/tourism-water-footprint/twf-calculation/3-final-results/supply-chain
  ✓ Done in 0.4s
