# Log started: 2026-02-28T13:21:44.060546

======================================================================
  CALCULATE INDIRECT TWF  (W × L × Y)
======================================================================

======================================================================
  Year: 2015
======================================================================
  ✓ Y_tourism 2015 (nominal): ₹929,805 cr ($143.05B), 25/163 non-zero
  ✓ L (2015-16): (140, 140)  diag mean=1.0711
  ✓ Concordance 2015-16: 76 categories
  ✓ SUT water 2015-16: 60/140 non-zero
  ✓ Split demand 2015: inbound ₹235,331 cr  ($36,205M)  domestic ₹694,474 cr  ($106,842M)
  ✓ L_2015: shape=(140, 140), non-zero=19322, max=3.2042, neg=0, diag_mean=1.0711
  ✓ Y_140: ₹928,841 crore from ₹929,805 EXIO total (coverage 99.9%)

  Indirect TWF — 2015
  Total:                  6,419,771,451 m³
  Total (bn m³):                 6.4198
  Tourism demand:               928,841 crore  ($142,899M @ ₹65.0/USD)
  Water intensity:               6911.6 m³/crore  (44925358.0 m³/USD thousand)

  Top 10 by Total_Water_m3:
  Rank  Category_Name                                     Total_Water_m3        %
  ────────────────────────────────────────────────────────────────────────────────
  1     Processed Fruit/Veg                                2,447,845,366 m³    38.1%
  2     Hotels & Restaurants                               1,880,597,255 m³    29.3%
  3     Road Transport                                       378,259,292 m³     5.9%
  4     Beverages                                            314,970,162 m³     4.9%
  5     Ready Made Garments                                  217,490,141 m³     3.4%
  6     Grain Mill & Bakery                                  181,620,167 m³     2.8%
  7     Health & Social Work                                 166,158,543 m³     2.6%
  8     Financial Services                                   164,774,267 m³     2.6%
  9     Air Transport                                        149,669,900 m³     2.3%
  10    Other Services                                       140,805,670 m³     2.2%

  ── By sector type
      Agriculture         :                0 m³  (0.0%)
      Food Mfg            :    2,951,221,231 m³  (46.0%)
      Manufacturing       :      151,348,469 m³  (2.4%)
      Mining              :                0 m³  (0.0%)
      Services            :    3,014,538,299 m³  (47.0%)
      Textiles            :      290,186,580 m³  (4.5%)
      Utilities           :       12,476,873 m³  (0.2%)

  ── Structural decomposition — 2015
  ✓ Saved Structural decomp 2015  (10,640 rows)
  ✓ Saved Water origin 2015  (6 rows)

  Water origin by source sector — 2015
    Agriculture              5,492,218,418 m³  (85.6%)
    Petroleum                  455,508,554 m³  (7.1%)
    Electricity                284,758,720 m³  (4.4%)
    Manufacturing              187,285,759 m³  (2.9%)
    Mining                               0 m³  (0.0%)
    Services                             0 m³  (0.0%)
  ✓ Saved Sector intensity 2015  (76 rows)

  ── Top 5 most water-intensive tourism spending categories
      Grain Mill & Bakery                         41,902.0 m³/crore  (demand: ₹4,334 cr)
      Processed Fruit/Veg                         29,159.8 m³/crore  (demand: ₹83,946 cr)
      Hotels & Restaurants                        14,690.8 m³/crore  (demand: ₹128,012 cr)
      Beverages                                    8,499.5 m³/crore  (demand: ₹37,057 cr)
      Electricity, Heat & Energy                   6,003.7 m³/crore  (demand: ₹2,078 cr)
  ✓ Y_140: ₹928,841 crore from ₹929,805 EXIO total (coverage 99.9%)
  ✓ Real-price intensity: 6911.6 m³/₹ crore (2015-16)  |  44925.4 m³/USD million (2015-16 prices, @ ₹65.0/USD)

  ── Sensitivity (±20% agr./elec./petrol.) — 2015
  ✓ Sensitivity Agriculture: LOW=5.3213 bn m³  BASE=6.4198  HIGH=7.5182
  ✓ Sensitivity Electricity: LOW=6.3628 bn m³  BASE=6.4198  HIGH=6.4767
  ✓ Sensitivity Petroleum: LOW=6.3287 bn m³  BASE=6.4198  HIGH=6.5109
  ✓ Saved Sensitivity 2015  (9 rows)
  ✓ Y_140: ₹235,001 crore from ₹235,331 EXIO total (coverage 99.9%)
  ✓ Y_140: ₹693,840 crore from ₹694,474 EXIO total (coverage 99.9%)
  ✓ Split TWF 2015: inbound=2.3041 bn m³  domestic=4.1156 bn m³
  ✓ Saved Split 2015  (2 rows)
  ✓ Saved SUT results 2015  (140 rows)
  ✓ Saved Category results 2015  (76 rows)
  ✓ Summary: indirect_twf_2015_summary.txt

======================================================================
  Year: 2019
======================================================================
  ✓ Y_tourism 2019 (nominal): ₹1,405,015 cr ($200.72B), 25/163 non-zero
  ✓ L (2019-20): (140, 140)  diag mean=1.1062
  ✓ Concordance 2019-20: 76 categories
  ✓ SUT water 2019-20: 60/140 non-zero
  ✓ Split demand 2019: inbound ₹364,325 cr  ($52,046M)  domestic ₹1,040,690 cr  ($148,670M)
  ✓ L_2019: shape=(140, 140), non-zero=19183, max=8.8126, neg=0, diag_mean=1.1062
  ✓ Y_140: ₹1,403,742 crore from ₹1,405,015 EXIO total (coverage 99.9%)

  Indirect TWF — 2019
  Total:                  6,537,352,753 m³
  Total (bn m³):                 6.5374
  Tourism demand:             1,403,742 crore  ($200,535M @ ₹70.0/USD)
  Water intensity:               4657.1 m³/crore  (32599622.0 m³/USD thousand)

  Top 10 by Total_Water_m3:
  Rank  Category_Name                                     Total_Water_m3        %
  ────────────────────────────────────────────────────────────────────────────────
  1     Processed Fruit/Veg                                1,888,268,847 m³    28.9%
  2     Hotels & Restaurants                               1,616,222,902 m³    24.7%
  3     Road Transport                                       547,560,841 m³     8.4%
  4     Beverages                                            538,525,647 m³     8.2%
  5     Ready Made Garments                                  286,976,604 m³     4.4%
  6     Grain Mill & Bakery                                  281,095,334 m³     4.3%
  7     Health & Social Work                                 274,434,877 m³     4.2%
  8     Air Transport                                        258,035,014 m³     3.9%
  9     Other Services                                       189,033,644 m³     2.9%
  10    Financial Services                                   165,697,997 m³     2.5%

  ── By sector type
      Agriculture         :                0 m³  (0.0%)
      Food Mfg            :    2,717,433,638 m³  (41.6%)
      Manufacturing       :      197,151,533 m³  (3.0%)
      Mining              :                0 m³  (0.0%)
      Services            :    3,224,129,721 m³  (49.3%)
      Textiles            :      377,973,379 m³  (5.8%)
      Utilities           :       20,664,483 m³  (0.3%)

  ── Structural decomposition — 2019
  ✓ Saved Structural decomp 2019  (10,640 rows)
  ✓ Saved Water origin 2019  (6 rows)

  Water origin by source sector — 2019
    Agriculture              5,205,300,199 m³  (79.6%)
    Electricity                529,260,916 m³  (8.1%)
    Petroleum                  496,593,554 m³  (7.6%)
    Manufacturing              306,198,084 m³  (4.7%)
    Mining                               0 m³  (0.0%)
    Services                             0 m³  (0.0%)
  ✓ Saved Sector intensity 2019  (76 rows)

  ── Top 5 most water-intensive tourism spending categories
      Grain Mill & Bakery                         46,506.7 m³/crore  (demand: ₹6,044 cr)
      Processed Fruit/Veg                         14,265.7 m³/crore  (demand: ₹132,364 cr)
      Beverages                                    8,703.0 m³/crore  (demand: ₹61,878 cr)
      Electricity, Heat & Energy                   7,717.8 m³/crore  (demand: ₹2,678 cr)
      Hotels & Restaurants                         7,538.4 m³/crore  (demand: ₹214,398 cr)
  ✓ Y_140: ₹1,196,491 crore from ₹1,197,576 EXIO total (coverage 99.9%)
  ✓ Real-price intensity: 5463.8 m³/₹ crore (2015-16)  |  35514.5 m³/USD million (2015-16 prices, @ ₹65.0/USD)

  ── Sensitivity (±20% agr./elec./petrol.) — 2019
  ✓ Sensitivity Agriculture: LOW=5.4963 bn m³  BASE=6.5374  HIGH=7.5784
  ✓ Sensitivity Electricity: LOW=6.4315 bn m³  BASE=6.5374  HIGH=6.6432
  ✓ Sensitivity Petroleum: LOW=6.4380 bn m³  BASE=6.5374  HIGH=6.6367
  ✓ Saved Sensitivity 2019  (9 rows)
  ✓ Y_140: ₹363,890 crore from ₹364,325 EXIO total (coverage 99.9%)
  ✓ Y_140: ₹1,039,853 crore from ₹1,040,690 EXIO total (coverage 99.9%)
  ✓ Split TWF 2019: inbound=2.2371 bn m³  domestic=4.3002 bn m³
  ✓ Saved Split 2019  (2 rows)
  ✓ Saved SUT results 2019  (140 rows)
  ✓ Saved Category results 2019  (76 rows)
  ✓ Summary: indirect_twf_2019_summary.txt

======================================================================
  Year: 2022
======================================================================
  ✓ Y_tourism 2022 (nominal): ₹1,499,192 cr ($188.58B), 25/163 non-zero
  ✓ L (2021-22): (140, 140)  diag mean=1.0428
  ✓ Concordance 2021-22: 76 categories
  ✓ SUT water 2021-22: 60/140 non-zero
  ✓ Split demand 2022: inbound ₹367,018 cr  ($46,166M)  domestic ₹1,132,174 cr  ($142,412M)
  ✓ L_2022: shape=(140, 140), non-zero=18909, max=1.5681, neg=0, diag_mean=1.0428
  ✓ Y_140: ₹1,497,873 crore from ₹1,499,192 EXIO total (coverage 99.9%)

  Indirect TWF — 2022
  Total:                  5,151,494,685 m³
  Total (bn m³):                 5.1515
  Tourism demand:             1,497,873 crore  ($188,412M @ ₹79.5/USD)
  Water intensity:               3439.2 m³/crore  (27341683.7 m³/USD thousand)

  Top 10 by Total_Water_m3:
  Rank  Category_Name                                     Total_Water_m3        %
  ────────────────────────────────────────────────────────────────────────────────
  1     Processed Fruit/Veg                                2,236,637,723 m³    43.4%
  2     Hotels & Restaurants                                 488,306,182 m³     9.5%
  3     Beverages                                            439,005,122 m³     8.5%
  4     Road Transport                                       413,904,419 m³     8.0%
  5     Grain Mill & Bakery                                  242,294,351 m³     4.7%
  6     Ready Made Garments                                  230,235,101 m³     4.5%
  7     Other Services                                       221,515,893 m³     4.3%
  8     Other Chemicals                                      189,736,851 m³     3.7%
  9     Air Transport                                        154,187,602 m³     3.0%
  10    Health & Social Work                                 135,348,034 m³     2.6%

  ── By sector type
      Agriculture         :                0 m³  (0.0%)
      Food Mfg            :    2,927,073,315 m³  (56.8%)
      Manufacturing       :      235,035,256 m³  (4.6%)
      Mining              :                0 m³  (0.0%)
      Services            :    1,631,463,264 m³  (31.7%)
      Textiles            :      338,792,463 m³  (6.6%)
      Utilities           :       19,130,387 m³  (0.4%)

  ── Structural decomposition — 2022
  ✓ Saved Structural decomp 2022  (10,640 rows)
  ✓ Saved Water origin 2022  (6 rows)

  Water origin by source sector — 2022
    Agriculture              3,941,348,343 m³  (76.5%)
    Petroleum                  626,714,847 m³  (12.2%)
    Manufacturing              366,143,683 m³  (7.1%)
    Electricity                217,287,812 m³  (4.2%)
    Mining                               0 m³  (0.0%)
    Services                             0 m³  (0.0%)
  ✓ Saved Sector intensity 2022  (76 rows)

  ── Top 5 most water-intensive tourism spending categories
      Grain Mill & Bakery                         37,458.4 m³/crore  (demand: ₹6,468 cr)
      Processed Fruit/Veg                         16,325.9 m³/crore  (demand: ₹137,000 cr)
      Beverages                                    6,955.3 m³/crore  (demand: ₹63,118 cr)
      Electricity, Heat & Energy                   5,483.2 m³/crore  (demand: ₹3,489 cr)
      Textiles                                     4,625.5 m³/crore  (demand: ₹10,467 cr)
  ✓ Y_140: ₹1,140,322 crore from ₹1,141,327 EXIO total (coverage 99.9%)
  ✓ Real-price intensity: 4517.6 m³/₹ crore (2015-16)  |  29364.3 m³/USD million (2015-16 prices, @ ₹65.0/USD)

  ── Sensitivity (±20% agr./elec./petrol.) — 2022
  ✓ Sensitivity Agriculture: LOW=4.3632 bn m³  BASE=5.1515  HIGH=5.9398
  ✓ Sensitivity Electricity: LOW=5.1080 bn m³  BASE=5.1515  HIGH=5.1950
  ✓ Sensitivity Petroleum: LOW=5.0262 bn m³  BASE=5.1515  HIGH=5.2768
  ✓ Saved Sensitivity 2022  (9 rows)
  ✓ Y_140: ₹366,567 crore from ₹367,018 EXIO total (coverage 99.9%)
  ✓ Y_140: ₹1,131,307 crore from ₹1,132,174 EXIO total (coverage 99.9%)
  ✓ Split TWF 2022: inbound=1.5374 bn m³  domestic=3.6141 bn m³
  ✓ Saved Split 2022  (2 rows)
  ✓ Saved SUT results 2022  (140 rows)
  ✓ Saved Category results 2022  (76 rows)
  ✓ Summary: indirect_twf_2022_summary.txt

======================================================================
  Cross-Year Indirect TWF Comparison
======================================================================

  Indirect TWF (billion m³)
  Year               Value       Abs_Chg     Pct_Chg          CAGR
  ──────────────────────────────────────────────────────────────
  2015              6.4198 bn m³        (base)
  2019              6.5374 bn m³  ↑    0.1176       +1.8%       +0.5%/yr
  2022              5.1515 bn m³  ↓    1.2683      -19.8%       -3.1%/yr

  Water intensity nominal (m³/₹ crore)
  Year               Value       Abs_Chg     Pct_Chg          CAGR
  ──────────────────────────────────────────────────────────────
  2015           6911.5935 m³/cr        (base)
  2019           4657.0889 m³/cr  ↓ 2254.5047      -32.6%       -9.4%/yr
  2022           3439.2055 m³/cr  ↓ 3472.3880      -50.2%       -9.5%/yr

  Water intensity nominal (m³/USD million)
  Year               Value       Abs_Chg     Pct_Chg          CAGR
  ──────────────────────────────────────────────────────────────
  2015          44925.3600 m³/$M        (base)
  2019          32599.6200 m³/$M  ↓12325.7400      -27.4%       -7.7%/yr
  2022          27341.6800 m³/$M  ↓17583.6800      -39.1%       -6.8%/yr

  Water intensity real 2015-16 (m³/₹ crore)
  Year               Value       Abs_Chg     Pct_Chg          CAGR
  ──────────────────────────────────────────────────────────────
  2015           6911.5935 m³/cr        (base)
  2019           5463.7698 m³/cr  ↓ 1447.8237      -20.9%       -5.7%/yr
  2022           4517.5771 m³/cr  ↓ 2394.0165      -34.6%       -5.9%/yr

  Agriculture share of water origin (%)
  Year               Value       Abs_Chg     Pct_Chg          CAGR
  ──────────────────────────────────────────────────────────────
  2015             85.5516%        (base)
  2019             79.6240%  ↓    5.9276       -6.9%       -1.8%/yr
  2022             76.5088%  ↓    9.0428      -10.6%       -1.6%/yr
  ✓ Saved All-year summary  (3 rows)
  ✓ Done in 0.5s
