# Log started: 2026-02-23T11:16:41.956423

======================================================================
  SDA + MONTE CARLO + SUPPLY-CHAIN ANALYSIS
======================================================================

======================================================================
  STRUCTURAL DECOMPOSITION ANALYSIS (SDA)
======================================================================
  ✓ W 2015: shape=(140,)  non-zero=60
  ✓ L 2015: shape=(140, 140)  diag_mean=1.0711
  ✓ Y 2015 (from sut results): ₹928,841 cr  non-zero=38
  ✓ W 2019: shape=(140,)  non-zero=60
  ✓ L 2019: shape=(140, 140)  diag_mean=1.1062
  ✓ Y 2019 (from sut results): ₹1,403,742 cr  non-zero=38
  ✓ W 2022: shape=(140,)  non-zero=60
  ✓ L 2022: shape=(140, 140)  diag_mean=1.0428
  ✓ Y 2022 (from sut results): ₹1,497,873 cr  non-zero=38

  ── SDA: 2015 → 2019
  ✓ TWF: 192.5753 → 317.5329 bn m³  (Δ +124.9576 bn m³)
  ✓   W effect (technology):     +24.3065 bn m³  (+19.5% of |ΔTWF|)
  ✓   L effect (structure):      -6.7086 bn m³  (-5.4% of |ΔTWF|)
  ✓   Y effect (demand):         +107.1926 bn m³  (+85.8% of |ΔTWF|)
  ✓   Residual (should be ~0):   +0.167233 bn m³  (+0.134%)
  ✓ Saved SDA 2015→2019  (1 rows)
  ✓ Summary: sda_2015_2019_summary.txt

  ── SDA: 2019 → 2022
  ✓ TWF: 317.5329 → 303.2166 bn m³  (Δ -14.3164 bn m³)
  ✓   W effect (technology):     -12.1762 bn m³  (-85.1% of |ΔTWF|)
  ✓   L effect (structure):      -7.9528 bn m³  (-55.6% of |ΔTWF|)
  ✓   Y effect (demand):         +5.8983 bn m³  (+41.2% of |ΔTWF|)
  ✓   Residual (should be ~0):   -0.085682 bn m³  (-0.598%)
  ✓ Saved SDA 2019→2022  (1 rows)
  ✓ Summary: sda_2019_2022_summary.txt
  ✓ Saved SDA all periods  (2 rows)

======================================================================
  MONTE CARLO SENSITIVITY ANALYSIS
======================================================================

  ── Monte Carlo — 2015  (n=10,000)
  ✓ W 2015: shape=(140,)  non-zero=60
  ✓ L 2015: shape=(140, 140)  diag_mean=1.0711
  ✓ Y 2015 (from sut results): ₹928,841 cr  non-zero=38
  ✓   BASE:    193.7853 bn m³
  ✓   Median:  193.0783 bn m³
  ✓   5th–95th: 121.0461 – 311.1127 bn m³  (range ±61.1%)
  ✓ Saved MC results 2015  (10,000 rows)

  ── Top variance contributors — 2015
  ✓   agr_water_mult                  r=+1.000  share=100.0%
  ✓   hotel_coeff_mult                r=-0.011  share=0.0%
  ✓   rail_coeff_mult                 r=-0.009  share=0.0%
  ✓   dom_tourist_mult                r=+0.002  share=0.0%
  ✓   rest_coeff_mult                 r=+0.000  share=0.0%
  ✓ Summary: mc_2015_summary.txt

  ── Monte Carlo — 2019  (n=10,000)
  ✓ W 2019: shape=(140,)  non-zero=60
  ✓ L 2019: shape=(140, 140)  diag_mean=1.1062
  ✓ Y 2019 (from sut results): ₹1,403,742 cr  non-zero=38
  ✓   BASE:    319.8574 bn m³
  ✓   Median:  317.3347 bn m³
  ✓   5th–95th: 201.6719 – 508.5560 bn m³  (range ±60.3%)
  ✓ Saved MC results 2019  (10,000 rows)

  ── Top variance contributors — 2019
  ✓   agr_water_mult                  r=+1.000  share=100.0%
  ✓   dom_tourist_mult                r=+0.011  share=0.0%
  ✓   air_coeff_mult                  r=+0.006  share=0.0%
  ✓   hotel_coeff_mult                r=-0.005  share=0.0%
  ✓   rail_coeff_mult                 r=+0.004  share=0.0%
  ✓ Summary: mc_2019_summary.txt

  ── Monte Carlo — 2022  (n=10,000)
  ✓ W 2022: shape=(140,)  non-zero=60
  ✓ L 2022: shape=(140, 140)  diag_mean=1.0428
  ✓ Y 2022 (from sut results): ₹1,497,873 cr  non-zero=38
  ✓   BASE:    305.3741 bn m³
  ✓   Median:  304.4313 bn m³
  ✓   5th–95th: 192.5787 – 485.7871 bn m³  (range ±59.6%)
  ✓ Saved MC results 2022  (10,000 rows)

  ── Top variance contributors — 2022
  ✓   agr_water_mult                  r=+1.000  share=100.0%
  ✓   dom_tourist_mult                r=-0.011  share=0.0%
  ✓   inb_tourist_mult                r=-0.010  share=0.0%
  ✓   air_coeff_mult                  r=-0.008  share=0.0%
  ✓   hotel_coeff_mult                r=+0.008  share=0.0%
  ✓ Summary: mc_2022_summary.txt
  ✓ Saved MC summary all years  (3 rows)
  ✓ Saved MC variance decomposition  (21 rows)

======================================================================
  SUPPLY-CHAIN PATH ANALYSIS + HEM
======================================================================

  ── Year: 2015
  ✓ W 2015: shape=(140,)  non-zero=60
  ✓ L 2015: shape=(140, 140)  diag_mean=1.0711
  ✓ Y 2015 (from sut results): ₹928,841 cr  non-zero=38

  ── Supply-chain path analysis — 2015
  ✓ Total pull cells: 2,280  |  Top 50 shown
  ✓ Top-5 paths:
  ✓   #1: Paddy → Paddy                                                             51445.16M m³  (26.71%)
  ✓   #2: Wheat → Wheat                                                             33741.60M m³  (17.52%)
  ✓   #3: Coarse cereals → Coarse cereals                                           13822.36M m³  (7.18%)
  ✓   #4: Groundnut → Groundnut                                                      8047.41M m³  (4.18%)
  ✓   #5: Sugarcane → Sugarcane                                                      6691.09M m³  (3.47%)

  ── Hypothetical Extraction Method (HEM) — 2015
  ✓ Top-5 tourism-dependent sectors:
  ✓   #1: Crude petroleum                                dep=13.963%  water=0.00M m³
  ✓   #2: Fertilizers                                    dep=6.887%  water=12.43M m³
  ✓   #3: Organic chemicals                              dep=6.266%  water=0.16M m³
  ✓   #4: Financial services                             dep=5.429%  water=0.00M m³
  ✓   #5: Coarse cereals                                 dep=4.851%  water=14023.88M m³
  ✓ Saved SC paths 2015  (50 rows)
  ✓ Saved SC HEM 2015  (140 rows)
  ✓ Summary: sc_paths_2015_summary.txt
  ✓ Supply-chain MD: supply_chain_analysis_2015.md

  ── Year: 2019
  ✓ W 2019: shape=(140,)  non-zero=60
  ✓ L 2019: shape=(140, 140)  diag_mean=1.1062
  ✓ Y 2019 (from sut results): ₹1,403,742 cr  non-zero=38

  ── Supply-chain path analysis — 2019
  ✓ Total pull cells: 2,280  |  Top 50 shown
  ✓ Top-5 paths:
  ✓   #1: Paddy → Paddy                                                             99181.18M m³  (31.23%)
  ✓   #2: Wheat → Wheat                                                             51722.58M m³  (16.29%)
  ✓   #3: Coarse cereals → Coarse cereals                                           27524.97M m³  (8.67%)
  ✓   #4: Gram → Gram                                                               12739.47M m³  (4.01%)
  ✓   #5: Arhar → Arhar                                                             11686.40M m³  (3.68%)

  ── Hypothetical Extraction Method (HEM) — 2019
  ✓ Top-5 tourism-dependent sectors:
  ✓   #1: Crude petroleum                                dep=33.796%  water=0.00M m³
  ✓   #2: Financial services                             dep=5.781%  water=0.00M m³
  ✓   #3: Organic chemicals                              dep=4.263%  water=0.25M m³
  ✓   #4: Coarse cereals                                 dep=3.813%  water=28434.00M m³
  ✓   #5: Fertilizers                                    dep=3.727%  water=15.05M m³
  ✓ Saved SC paths 2019  (50 rows)
  ✓ Saved SC HEM 2019  (140 rows)
  ✓ Summary: sc_paths_2019_summary.txt
  ✓ Supply-chain MD: supply_chain_analysis_2019.md

  ── Year: 2022
  ✓ W 2022: shape=(140,)  non-zero=60
  ✓ L 2022: shape=(140, 140)  diag_mean=1.0428
  ✓ Y 2022 (from sut results): ₹1,497,873 cr  non-zero=38

  ── Supply-chain path analysis — 2022
  ✓ Total pull cells: 2,280  |  Top 50 shown
  ✓ Top-5 paths:
  ✓   #1: Paddy → Paddy                                                            110068.79M m³  (36.30%)
  ✓   #2: Wheat → Wheat                                                             42940.22M m³  (14.16%)
  ✓   #3: Coarse cereals → Coarse cereals                                           26994.84M m³  (8.90%)
  ✓   #4: Groundnut → Groundnut                                                     11889.81M m³  (3.92%)
  ✓   #5: Gram → Gram                                                                9302.39M m³  (3.07%)

  ── Hypothetical Extraction Method (HEM) — 2022
  ✓ Top-5 tourism-dependent sectors:
  ✓   #1: Fertilizers                                    dep=8.029%  water=24.25M m³
  ✓   #2: Financial services                             dep=6.937%  water=0.00M m³
  ✓   #3: Organic chemicals                              dep=5.822%  water=0.95M m³
  ✓   #4: Petroleum products                             dep=5.709%  water=10051.92M m³
  ✓   #5: Coarse cereals                                 dep=5.708%  water=27282.50M m³
  ✓ Saved SC paths 2022  (50 rows)
  ✓ Saved SC HEM 2022  (140 rows)
  ✓ Summary: sc_paths_2022_summary.txt
  ✓ Supply-chain MD: supply_chain_analysis_2022.md
  ✓ Cross-year supply-chain MD: supply_chain_summary.md

======================================================================
  SUMMARY
======================================================================
  ✓ SDA periods computed: 2
  ✓ MC years computed: 3
  ✓ Supply-chain years computed: 3
  ✓ Outputs written to:
  ✓   SDA:          /Users/kumar.aniket/Downloads/surveydata/tourism-water-footprint/twf-calculation/3-final-results/sda
  ✓   Monte Carlo:  /Users/kumar.aniket/Downloads/surveydata/tourism-water-footprint/twf-calculation/3-final-results/monte-carlo
  ✓   Supply-chain: /Users/kumar.aniket/Downloads/surveydata/tourism-water-footprint/twf-calculation/3-final-results/supply-chain
  ✓ Done in 0.3s
