══════════════════════════════════════════════════════════════════════
  Log started : 2026-03-03 21:06:48
  Step        : calculate_sda_mc
  Log file    : /Users/kumar.aniket/Documents/personal/research/tourism-water-footprint/twf-calculation/logs/calculate_sda_mc_20260303_210648.log
══════════════════════════════════════════════════════════════════════

══════════════════════════════════════════════════════════════════════
  SDA + MONTE CARLO + SUPPLY-CHAIN ANALYSIS
══════════════════════════════════════════════════════════════════════

══════════════════════════════════════════════════════════════════════
  STRUCTURAL DECOMPOSITION ANALYSIS (SDA)
══════════════════════════════════════════════════════════════════════
  ✓  W 2015 (blue, col='Water_2015_Blue_m3_per_crore'): shape=(140,)  non-zero=60
  ✓  L 2015: shape=(140, 140)  diag_mean=1.0711
  ✓  Y 2015 (from sut results, sorted by Product_ID): ₹929,805 cr  ($143,047M)  non-zero=39
  ✓  W 2019 (blue, col='Water_2019_Blue_m3_per_crore'): shape=(140,)  non-zero=60
  ✓  L 2019: shape=(140, 140)  diag_mean=1.1062
  ✓  Y 2019 (from sut results, sorted by Product_ID): ₹1,405,015 cr  ($200,716M)  non-zero=39
  ✓  W 2022 (blue, col='Water_2022_Blue_m3_per_crore'): shape=(140,)  non-zero=63
  ✓  L 2022: shape=(140, 140)  diag_mean=1.0428
  ✓  Y 2022 (from sut results, sorted by Product_ID): ₹1,499,192 cr  ($188,578M)  non-zero=39

  ── SDA: 2015 → 2019 ──
  ✓  TWF: 5.1534 → 5.7608 bn m³  (Δ +0.6074 bn m³)
  ✓    W effect (technology):     +0.2689 bn m³  (+44.3% of |ΔTWF|)
  ✓    L effect (structure):      -1.9814 bn m³  (-326.2% of |ΔTWF|)
  ✓    Y effect (demand):         +2.3199 bn m³  (+381.9% of |ΔTWF|)
  ✓    Residual (should be ~0):   -0.000000 bn m³  (-0.000%)  [six-polar: ~0 by construction]
  ✓  Saved SDA 2015→2019  (1 rows → sda_decomposition_2015_2019.csv)
  ✓  Summary: sda_2015_2019_summary.txt

  ── SDA: 2019 → 2022 ──
  ✓  TWF: 5.7608 → 5.3846 bn m³  (Δ -0.3762 bn m³)
  ✓    W effect (technology):     -0.0138 bn m³  (-3.7% of |ΔTWF|)
  ✓    L effect (structure):      -0.6364 bn m³  (-169.1% of |ΔTWF|)
  ✓    Y effect (demand):         +0.2740 bn m³  (+72.8% of |ΔTWF|)
  ✓    Residual (should be ~0):   -0.000000 bn m³  (-0.000%)  [six-polar: ~0 by construction]
  ✓  Saved SDA 2019→2022  (1 rows → sda_decomposition_2019_2022.csv)
  ✓  Summary: sda_2019_2022_summary.txt
  ✓  Saved SDA all periods  (2 rows → sda_summary_all_periods.csv)

══════════════════════════════════════════════════════════════════════
  MONTE CARLO SENSITIVITY ANALYSIS
══════════════════════════════════════════════════════════════════════

  ── Monte Carlo — 2015  (n=10,000) ──
  ✓  W 2015 (blue, col='Water_2015_Blue_m3_per_crore'): shape=(140,)  non-zero=60
  ✓  L 2015: shape=(140, 140)  diag_mean=1.0711
  ✓  Y 2015 (from sut results, sorted by Product_ID): ₹929,805 cr  ($143,047M)  non-zero=39
  ✓    BASE:    5.6762 bn m³
  ✓    Median:  5.6618 bn m³
  ✓    5th–95th: 4.0189 – 8.3635 bn m³  (range ±47.7%)
  ✓  Saved MC results 2015  (10,000 rows → mc_results_2015.csv)

  ── Top variance contributors — 2015 ──
  ✓    agr_water_mult                  r=+0.998  share=99.6%
  ✓    rest_coeff_mult                 r=+0.043  share=0.2%
  ✓    dom_tourist_mult                r=+0.024  share=0.1%
  ✓    rail_coeff_mult                 r=+0.006  share=0.0%
  ✓    hotel_coeff_mult                r=-0.005  share=0.0%
  ✓  Summary: mc_2015_summary.txt

  ── Monte Carlo — 2019  (n=10,000) ──
  ✓  W 2019 (blue, col='Water_2019_Blue_m3_per_crore'): shape=(140,)  non-zero=60
  ✓  L 2019: shape=(140, 140)  diag_mean=1.1062
  ✓  Y 2019 (from sut results, sorted by Product_ID): ₹1,405,015 cr  ($200,716M)  non-zero=39
  ✓    BASE:    6.6911 bn m³
  ✓    Median:  6.6576 bn m³
  ✓    5th–95th: 5.0560 – 9.2722 bn m³  (range ±39.3%)
  ✓  Saved MC results 2019  (10,000 rows → mc_results_2019.csv)

  ── Top variance contributors — 2019 ──
  ✓    agr_water_mult                  r=+0.993  share=98.6%
  ✓    rest_coeff_mult                 r=+0.089  share=0.8%
  ✓    dom_tourist_mult                r=+0.057  share=0.3%
  ✓    rail_coeff_mult                 r=+0.024  share=0.1%
  ✓    air_coeff_mult                  r=+0.008  share=0.0%
  ✓  Summary: mc_2019_summary.txt

  ── Monte Carlo — 2022  (n=10,000) ──
  ✓  W 2022 (blue, col='Water_2022_Blue_m3_per_crore'): shape=(140,)  non-zero=63
  ✓  L 2022: shape=(140, 140)  diag_mean=1.0428
  ✓  Y 2022 (from sut results, sorted by Product_ID): ₹1,499,192 cr  ($188,578M)  non-zero=39
  ✓    BASE:    6.2407 bn m³
  ✓    Median:  6.2406 bn m³
  ✓    5th–95th: 4.7248 – 8.6717 bn m³  (range ±39.0%)
  ✓  Saved MC results 2022  (10,000 rows → mc_results_2022.csv)

  ── Top variance contributors — 2022 ──
  ✓    agr_water_mult                  r=+0.994  share=98.7%
  ✓    rest_coeff_mult                 r=+0.081  share=0.7%
  ✓    dom_tourist_mult                r=+0.034  share=0.1%
  ✓    rail_coeff_mult                 r=+0.022  share=0.1%
  ✓    hotel_coeff_mult                r=+0.015  share=0.0%
  ✓  Summary: mc_2022_summary.txt
  ✓  Saved MC summary all years  (3 rows → mc_summary_all_years.csv)
  ✓  Saved MC variance decomposition  (21 rows → mc_variance_decomposition.csv)

══════════════════════════════════════════════════════════════════════
  SUPPLY-CHAIN PATH ANALYSIS + HEM
══════════════════════════════════════════════════════════════════════

  ── Year: 2015 ──
  ✓  W 2015 (blue, col='Water_2015_Blue_m3_per_crore'): shape=(140,)  non-zero=60
  ✓  L 2015: shape=(140, 140)  diag_mean=1.0711
  ✓  Y 2015 (from sut results, sorted by Product_ID): ₹929,805 cr  ($143,047M)  non-zero=39

  ── Supply-chain path analysis — 2015 ──
  ✓  Total pull cells: 2,340  |  Top 50 shown
  ✓  Top-5 paths:
  ✓    #1: Sugarcane → Processed fruits & Processed Vegetables                        1401.46M m³  (27.19%)
  ✓    #2: Paddy → Processed fruits & Processed Vegetables                             343.16M m³  (6.66%)
  ✓    #3: Wheat → Processed fruits & Processed Vegetables                             224.01M m³  (4.35%)
  ✓    #4: Other food crops → Processed fruits & Processed Vegetables                  135.47M m³  (2.63%)
  ✓    #5: Wheat → Hotels & Restaurant                                                 116.62M m³  (2.26%)

  ── Hypothetical Extraction Method (HEM) — 2015 ──
  ✓  Top-5 tourism-dependent sectors:
  ✓    #1: Crude petroleum                                dep=13.679%  water=0.00M m³
  ✓    #2: Railway Transport                              dep=6.466%  water=0.00M m³
  ✓    #3: Petroleum products                             dep=5.101%  water=427.07M m³
  ✓    #4: Repair & Maintenance of Motor Vehicle          dep=4.846%  water=0.00M m³
  ✓    #5: Financial services                             dep=4.305%  water=0.00M m³
  ✓  Saved SC paths 2015  (50 rows → sc_paths_2015.csv)
  ✓  Saved SC HEM 2015  (140 rows → sc_hem_2015.csv)
  ✓  Summary: sc_paths_2015_summary.txt
  ✓  Supply-chain MD: supply_chain_analysis_2015.md

  ── Year: 2019 ──
  ✓  W 2019 (blue, col='Water_2019_Blue_m3_per_crore'): shape=(140,)  non-zero=60
  ✓  L 2019: shape=(140, 140)  diag_mean=1.1062
  ✓  Y 2019 (from sut results, sorted by Product_ID): ₹1,405,015 cr  ($200,716M)  non-zero=39

  ── Supply-chain path analysis — 2019 ──
  ✓  Total pull cells: 2,340  |  Top 50 shown
  ✓  Top-5 paths:
  ✓    #1: Paddy → Processed fruits & Processed Vegetables                             572.10M m³  (9.93%)
  ✓    #2: Other oil seeds → Processed fruits & Processed Vegetables                   289.15M m³  (5.02%)
  ✓    #3: Wheat → Processed fruits & Processed Vegetables                             279.29M m³  (4.85%)
  ✓    #4: Petroleum products → Repair & Maintenance of Motor Vehicle                  234.65M m³  (4.07%)
  ✓    #5: Electricity → Railway Transport                                             232.95M m³  (4.04%)

  ── Hypothetical Extraction Method (HEM) — 2019 ──
  ✓  Top-5 tourism-dependent sectors:
  ✓    #1: Crude petroleum                                dep=30.519%  water=0.00M m³
  ✓    #2: Railway Transport                              dep=4.908%  water=0.00M m³
  ✓    #3: Financial services                             dep=4.365%  water=0.00M m³
  ✓    #4: Repair & Maintenance of Motor Vehicle          dep=3.873%  water=0.00M m³
  ✓    #5: Petroleum products                             dep=3.457%  water=607.55M m³
  ✓  Saved SC paths 2019  (50 rows → sc_paths_2019.csv)
  ✓  Saved SC HEM 2019  (140 rows → sc_hem_2019.csv)
  ✓  Summary: sc_paths_2019_summary.txt
  ✓  Supply-chain MD: supply_chain_analysis_2019.md

  ── Year: 2022 ──
  ✓  W 2022 (blue, col='Water_2022_Blue_m3_per_crore'): shape=(140,)  non-zero=63
  ✓  L 2022: shape=(140, 140)  diag_mean=1.0428
  ✓  Y 2022 (from sut results, sorted by Product_ID): ₹1,499,192 cr  ($188,578M)  non-zero=39

  ── Supply-chain path analysis — 2022 ──
  ✓  Total pull cells: 2,457  |  Top 50 shown
  ✓  Top-5 paths:
  ✓    #1: Paddy → Processed fruits & Processed Vegetables                             724.94M m³  (13.46%)
  ✓    #2: Petroleum products → Repair & Maintenance of Motor Vehicle                  402.83M m³  (7.48%)
  ✓    #3: Other oil seeds → Processed fruits & Processed Vegetables                   325.32M m³  (6.04%)
  ✓    #4: Rapeseed and mustard → Processed fruits & Processed Vegetables              271.68M m³  (5.05%)
  ✓    #5: Wheat → Processed fruits & Processed Vegetables                             245.64M m³  (4.56%)

  ── Hypothetical Extraction Method (HEM) — 2022 ──
  ✓  Top-5 tourism-dependent sectors:
  ✓    #1: Railway Transport                              dep=7.626%  water=0.00M m³
  ✓    #2: Petroleum products                             dep=5.205%  water=898.29M m³
  ✓    #3: Financial services                             dep=4.991%  water=0.00M m³
  ✓    #4: Repair & Maintenance of Motor Vehicle          dep=4.701%  water=0.00M m³
  ✓    #5: Construction and construction services         dep=4.609%  water=0.00M m³
  ✓  Saved SC paths 2022  (50 rows → sc_paths_2022.csv)
  ✓  Saved SC HEM 2022  (140 rows → sc_hem_2022.csv)
  ✓  Summary: sc_paths_2022_summary.txt
  ✓  Supply-chain MD: supply_chain_analysis_2022.md
  ✓  Cross-year supply-chain MD: supply_chain_summary.md

══════════════════════════════════════════════════════════════════════
  SUMMARY
══════════════════════════════════════════════════════════════════════
  ✓  SDA periods computed: 2
  ✓  MC years computed: 3
  ✓  Supply-chain years computed: 3
  ✓  Outputs written to:
  ✓    SDA:          /Users/kumar.aniket/Documents/personal/research/tourism-water-footprint/twf-calculation/3-final-results/sda
  ✓    Monte Carlo:  /Users/kumar.aniket/Documents/personal/research/tourism-water-footprint/twf-calculation/3-final-results/monte-carlo
  ✓    Supply-chain: /Users/kumar.aniket/Documents/personal/research/tourism-water-footprint/twf-calculation/3-final-results/supply-chain
  ✓  Done in 0.3s

──────────────────────────────────────────────────────────────────────
  Step 'calculate_sda_mc' finished  |  elapsed: 0.3s
  Warnings: 0  |  Errors: 0
