# Log started: 2026-02-23T08:43:36.596423

======================================================================
  SDA + MONTE CARLO + SUPPLY-CHAIN ANALYSIS
======================================================================

======================================================================
  STRUCTURAL DECOMPOSITION ANALYSIS (SDA)
======================================================================
  ✓ W 2015: shape=(140,)  non-zero=60
  ✓ L 2015: shape=(140, 140)  diag_mean=1.0046
  ✓ Y 2015 (from sut results): ₹928,841 cr  non-zero=38
  ✓ W 2019: shape=(140,)  non-zero=60
  ✓ L 2019: shape=(140, 140)  diag_mean=1.1062
  ✓ Y 2019 (from sut results): ₹1,403,742 cr  non-zero=38
  ✓ W 2022: shape=(140,)  non-zero=60
  ✓ L 2022: shape=(140, 140)  diag_mean=1.0447
  ✓ Y 2022 (from sut results): ₹1,497,873 cr  non-zero=38

  ── SDA: 2015 → 2019
  ✓ TWF: 50.7938 → 317.5329 bn m³  (Δ +266.7391 bn m³)
  ✓   W effect (technology):     -20.4610 bn m³  (-7.7% of |ΔTWF|)
  ✓   L effect (structure):      +66.5873 bn m³  (+25.0% of |ΔTWF|)
  ✓   Y effect (demand):         +218.8409 bn m³  (+82.0% of |ΔTWF|)
  ✓   Residual (should be ~0):   +1.771916 bn m³  (+0.664%)
  ✓ Saved SDA 2015→2019  (1 rows)
  ✓ Summary: sda_2015_2019_summary.txt

  ── SDA: 2019 → 2022
  ✓ TWF: 317.5329 → 306.2596 bn m³  (Δ -11.2734 bn m³)
  ✓   W effect (technology):     -13.4330 bn m³  (-119.2% of |ΔTWF|)
  ✓   L effect (structure):      -5.8013 bn m³  (-51.5% of |ΔTWF|)
  ✓   Y effect (demand):         +8.0399 bn m³  (+71.3% of |ΔTWF|)
  ✓   Residual (should be ~0):   -0.079020 bn m³  (-0.701%)
  ✓ Saved SDA 2019→2022  (1 rows)
  ✓ Summary: sda_2019_2022_summary.txt
  ✓ Saved SDA all periods  (2 rows)

======================================================================
  MONTE CARLO SENSITIVITY ANALYSIS
======================================================================

  ── Monte Carlo — 2015  (n=10,000)
  ✓ W 2015: shape=(140,)  non-zero=60
  ✓ L 2015: shape=(140, 140)  diag_mean=1.0046
  ✓ Y 2015 (from sut results): ₹928,841 cr  non-zero=38
  ✓   BASE:    52.0038 bn m³
  ✓   Median:  51.8028 bn m³
  ✓   5th–95th: 32.0946 – 84.1635 bn m³  (range ±62.5%)
  ✓ Saved MC results 2015  (10,000 rows)

  ── Top variance contributors — 2015
  ✓   agr_water_mult                  r=+1.000  share=100.0%
  ✓   hotel_coeff_mult                r=-0.011  share=0.0%
  ✓   rest_coeff_mult                 r=+0.008  share=0.0%
  ✓   rail_coeff_mult                 r=-0.008  share=0.0%
  ✓   dom_tourist_mult                r=+0.006  share=0.0%
  ✓ Summary: mc_2015_summary.txt

  ── Monte Carlo — 2019  (n=10,000)
  ✓ W 2019: shape=(140,)  non-zero=60
  ✓ L 2019: shape=(140, 140)  diag_mean=1.1062
  ✓ Y 2019 (from sut results): ₹1,403,742 cr  non-zero=38
  ✓   BASE:    319.8574 bn m³
  ✓   Median:  317.3347 bn m³
  ✓   5th–95th: 201.6719 – 508.5560 bn m³  (range ±60.3%)
  ✓ Saved MC results 2019  (10,000 rows)

  ── Top variance contributors — 2019
  ✓   agr_water_mult                  r=+1.000  share=100.0%
  ✓   dom_tourist_mult                r=+0.011  share=0.0%
  ✓   air_coeff_mult                  r=+0.006  share=0.0%
  ✓   hotel_coeff_mult                r=-0.005  share=0.0%
  ✓   rail_coeff_mult                 r=+0.004  share=0.0%
  ✓ Summary: mc_2019_summary.txt

  ── Monte Carlo — 2022  (n=10,000)
  ✓ W 2022: shape=(140,)  non-zero=60
  ✓ L 2022: shape=(140, 140)  diag_mean=1.0447
  ✓ Y 2022 (from sut results): ₹1,497,873 cr  non-zero=38
  ✓   BASE:    308.4171 bn m³
  ✓   Median:  307.4656 bn m³
  ✓   5th–95th: 194.7395 – 490.2359 bn m³  (range ±59.4%)
  ✓ Saved MC results 2022  (10,000 rows)

  ── Top variance contributors — 2022
  ✓   agr_water_mult                  r=+1.000  share=100.0%
  ✓   dom_tourist_mult                r=-0.011  share=0.0%
  ✓   inb_tourist_mult                r=-0.010  share=0.0%
  ✓   air_coeff_mult                  r=-0.008  share=0.0%
  ✓   hotel_coeff_mult                r=+0.008  share=0.0%
  ✓ Summary: mc_2022_summary.txt
  ✓ Saved MC summary all years  (3 rows)
  ✓ Saved MC variance decomposition  (21 rows)

======================================================================
  SUPPLY-CHAIN PATH ANALYSIS + HEM
======================================================================

  ── Year: 2015
  ✓ W 2015: shape=(140,)  non-zero=60
  ✓ L 2015: shape=(140, 140)  diag_mean=1.0046
  ✓ Y 2015 (from sut results): ₹928,841 cr  non-zero=38

  ── Supply-chain path analysis — 2015
  ✓ Total pull cells: 358  |  Top 50 shown
  ✓ Top-5 paths:
  ✓   #1: Wheat → Wheat                                                             18777.31M m³  (36.97%)
  ✓   #2: Paddy → Paddy                                                             15162.40M m³  (29.85%)
  ✓   #3: Gram → Gram                                                                8513.04M m³  (16.76%)
  ✓   #4: Paddy → Grain Mill products, starch and starch products                    1163.90M m³  (2.29%)
  ✓   #5: Other food crops → Other food crops                                         801.66M m³  (1.58%)

  ── Hypothetical Extraction Method (HEM) — 2015
  ✓ Top-5 tourism-dependent sectors:
  ✓   #1: Leather footwear                               dep=18.609%  water=63.55M m³
  ✓   #2: Organic chemicals                              dep=12.165%  water=0.10M m³
  ✓   #3: Coffee processed                               dep=8.358%  water=0.00M m³
  ✓   #4: Gram                                           dep=7.731%  water=8532.07M m³
  ✓   #5: Wheat                                          dep=6.642%  water=19017.10M m³
  ✓ Saved SC paths 2015  (50 rows)
  ✓ Saved SC HEM 2015  (140 rows)
  ✓ Summary: sc_paths_2015_summary.txt
  ✓ Supply-chain MD: supply_chain_analysis_2015.md

  ── Year: 2019
  ✓ W 2019: shape=(140,)  non-zero=60
  ✓ L 2019: shape=(140, 140)  diag_mean=1.1062
  ✓ Y 2019 (from sut results): ₹1,403,742 cr  non-zero=38

  ── Supply-chain path analysis — 2019
  ✓ Total pull cells: 2,280  |  Top 50 shown
  ✓ Top-5 paths:
  ✓   #1: Paddy → Paddy                                                             99181.18M m³  (31.23%)
  ✓   #2: Wheat → Wheat                                                             51722.58M m³  (16.29%)
  ✓   #3: Coarse cereals → Coarse cereals                                           27524.97M m³  (8.67%)
  ✓   #4: Gram → Gram                                                               12739.47M m³  (4.01%)
  ✓   #5: Arhar → Arhar                                                             11686.40M m³  (3.68%)

  ── Hypothetical Extraction Method (HEM) — 2019
  ✓ Top-5 tourism-dependent sectors:
  ✓   #1: Crude petroleum                                dep=33.796%  water=0.00M m³
  ✓   #2: Financial services                             dep=5.781%  water=0.00M m³
  ✓   #3: Organic chemicals                              dep=4.263%  water=0.25M m³
  ✓   #4: Coarse cereals                                 dep=3.813%  water=28434.00M m³
  ✓   #5: Fertilizers                                    dep=3.727%  water=15.05M m³
  ✓ Saved SC paths 2019  (50 rows)
  ✓ Saved SC HEM 2019  (140 rows)
  ✓ Summary: sc_paths_2019_summary.txt
  ✓ Supply-chain MD: supply_chain_analysis_2019.md

  ── Year: 2022
  ✓ W 2022: shape=(140,)  non-zero=60
  ✓ L 2022: shape=(140, 140)  diag_mean=1.0447
  ✓ Y 2022 (from sut results): ₹1,497,873 cr  non-zero=38

  ── Supply-chain path analysis — 2022
  ✓ Total pull cells: 2,280  |  Top 50 shown
  ✓ Top-5 paths:
  ✓   #1: Paddy → Paddy                                                            110119.76M m³  (35.96%)
  ✓   #2: Wheat → Wheat                                                             42951.61M m³  (14.02%)
  ✓   #3: Coarse cereals → Coarse cereals                                           26997.88M m³  (8.82%)
  ✓   #4: Groundnut → Groundnut                                                     11890.93M m³  (3.88%)
  ✓   #5: Gram → Gram                                                                9304.29M m³  (3.04%)

  ── Hypothetical Extraction Method (HEM) — 2022
  ✓ Top-5 tourism-dependent sectors:
  ✓   #1: Fertilizers                                    dep=7.481%  water=24.49M m³
  ✓   #2: Financial services                             dep=6.686%  water=0.00M m³
  ✓   #3: Organic chemicals                              dep=5.592%  water=0.99M m³
  ✓   #4: Petroleum products                             dep=5.459%  water=10418.05M m³
  ✓   #5: Coarse cereals                                 dep=5.268%  water=27293.80M m³
  ✓ Saved SC paths 2022  (50 rows)
  ✓ Saved SC HEM 2022  (140 rows)
  ✓ Summary: sc_paths_2022_summary.txt
  ✓ Supply-chain MD: supply_chain_analysis_2022.md
  ✓ Cross-year supply-chain MD: supply_chain_summary.md

======================================================================
  SUMMARY
======================================================================
  ✓ SDA periods computed: 2
  ✓ MC years computed: 3
  ✓ Supply-chain years computed: 3
  ✓ Outputs written to:
  ✓   SDA:          /Users/kumar.aniket/Downloads/surveydata/tourism-water-footprint/twf-calculation/3-final-results/sda
  ✓   Monte Carlo:  /Users/kumar.aniket/Downloads/surveydata/tourism-water-footprint/twf-calculation/3-final-results/monte-carlo
  ✓   Supply-chain: /Users/kumar.aniket/Downloads/surveydata/tourism-water-footprint/twf-calculation/3-final-results/supply-chain
  ✓ Done in 0.3s
