# Log started: 2026-02-23T10:07:37.445577

======================================================================
  SDA + MONTE CARLO + SUPPLY-CHAIN ANALYSIS
======================================================================

======================================================================
  STRUCTURAL DECOMPOSITION ANALYSIS (SDA)
======================================================================
  ✓ W 2015: shape=(140,)  non-zero=60
  ✓ L 2015: shape=(140, 140)  diag_mean=1.0774
  ✓ Y 2015 (from sut results): ₹928,841 cr  non-zero=38
  ✓ W 2019: shape=(140,)  non-zero=60
  ✓ L 2019: shape=(140, 140)  diag_mean=1.1062
  ✓ Y 2019 (from sut results): ₹1,403,742 cr  non-zero=38
  ✓ W 2022: shape=(140,)  non-zero=60
  ✓ L 2022: shape=(140, 140)  diag_mean=1.0447
  ✓ Y 2022 (from sut results): ₹1,497,873 cr  non-zero=38

  ── SDA: 2015 → 2019
  ✓ TWF: 317.8015 → 317.5329 bn m³  (Δ -0.2686 bn m³)
  ✓   W effect (technology):     -33.9804 bn m³  (-12651.9% of |ΔTWF|)
  ✓   L effect (structure):      -95.6663 bn m³  (-35619.3% of |ΔTWF|)
  ✓   Y effect (demand):         +131.4379 bn m³  (+48938.1% of |ΔTWF|)
  ✓   Residual (should be ~0):   -2.059709 bn m³  (-766.889%)
  ✓ Saved SDA 2015→2019  (1 rows)
  ✓ Summary: sda_2015_2019_summary.txt

  ── SDA: 2019 → 2022
  ✓ TWF: 317.5329 → 306.2596 bn m³  (Δ -11.2734 bn m³)
  ✓   W effect (technology):     -13.4330 bn m³  (-119.2% of |ΔTWF|)
  ✓   L effect (structure):      -5.8013 bn m³  (-51.5% of |ΔTWF|)
  ✓   Y effect (demand):         +8.0399 bn m³  (+71.3% of |ΔTWF|)
  ✓   Residual (should be ~0):   -0.079020 bn m³  (-0.701%)
  ✓ Saved SDA 2019→2022  (1 rows)
  ✓ Summary: sda_2019_2022_summary.txt
  ✓ Saved SDA all periods  (2 rows)

======================================================================
  MONTE CARLO SENSITIVITY ANALYSIS
======================================================================

  ── Monte Carlo — 2015  (n=10,000)
  ✓ W 2015: shape=(140,)  non-zero=60
  ✓ L 2015: shape=(140, 140)  diag_mean=1.0774
  ✓ Y 2015 (from sut results): ₹928,841 cr  non-zero=38
  ✓   BASE:    319.0116 bn m³
  ✓   Median:  317.8711 bn m³
  ✓   5th–95th: 205.5647 – 501.8940 bn m³  (range ±57.9%)
  ✓ Saved MC results 2015  (10,000 rows)

  ── Top variance contributors — 2015
  ✓   agr_water_mult                  r=+1.000  share=100.0%
  ✓   hotel_coeff_mult                r=-0.011  share=0.0%
  ✓   rail_coeff_mult                 r=-0.009  share=0.0%
  ✓   dom_tourist_mult                r=+0.002  share=0.0%
  ✓   rest_coeff_mult                 r=-0.001  share=0.0%
  ✓ Summary: mc_2015_summary.txt

  ── Monte Carlo — 2019  (n=10,000)
  ✓ W 2019: shape=(140,)  non-zero=60
  ✓ L 2019: shape=(140, 140)  diag_mean=1.1062
  ✓ Y 2019 (from sut results): ₹1,403,742 cr  non-zero=38
  ✓   BASE:    319.8574 bn m³
  ✓   Median:  317.3347 bn m³
  ✓   5th–95th: 201.6719 – 508.5560 bn m³  (range ±60.3%)
  ✓ Saved MC results 2019  (10,000 rows)

  ── Top variance contributors — 2019
  ✓   agr_water_mult                  r=+1.000  share=100.0%
  ✓   dom_tourist_mult                r=+0.011  share=0.0%
  ✓   air_coeff_mult                  r=+0.006  share=0.0%
  ✓   hotel_coeff_mult                r=-0.005  share=0.0%
  ✓   rail_coeff_mult                 r=+0.004  share=0.0%
  ✓ Summary: mc_2019_summary.txt

  ── Monte Carlo — 2022  (n=10,000)
  ✓ W 2022: shape=(140,)  non-zero=60
  ✓ L 2022: shape=(140, 140)  diag_mean=1.0447
  ✓ Y 2022 (from sut results): ₹1,497,873 cr  non-zero=38
  ✓   BASE:    308.4171 bn m³
  ✓   Median:  307.4656 bn m³
  ✓   5th–95th: 194.7395 – 490.2359 bn m³  (range ±59.4%)
  ✓ Saved MC results 2022  (10,000 rows)

  ── Top variance contributors — 2022
  ✓   agr_water_mult                  r=+1.000  share=100.0%
  ✓   dom_tourist_mult                r=-0.011  share=0.0%
  ✓   inb_tourist_mult                r=-0.010  share=0.0%
  ✓   air_coeff_mult                  r=-0.008  share=0.0%
  ✓   hotel_coeff_mult                r=+0.008  share=0.0%
  ✓ Summary: mc_2022_summary.txt
  ✓ Saved MC summary all years  (3 rows)
  ✓ Saved MC variance decomposition  (21 rows)

======================================================================
  SUPPLY-CHAIN PATH ANALYSIS + HEM
======================================================================

  ── Year: 2015
  ✓ W 2015: shape=(140,)  non-zero=60
  ✓ L 2015: shape=(140, 140)  diag_mean=1.0774
  ✓ Y 2015 (from sut results): ₹928,841 cr  non-zero=38

  ── Supply-chain path analysis — 2015
  ✓ Total pull cells: 2,280  |  Top 50 shown
  ✓ Top-5 paths:
  ✓   #1: Paddy → Paddy                                                             72304.53M m³  (22.75%)
  ✓   #2: Wheat → Wheat                                                             57768.65M m³  (18.18%)
  ✓   #3: Coarse cereals → Coarse cereals                                           13221.06M m³  (4.16%)
  ✓   #4: Other pulses → Other pulses                                                9322.32M m³  (2.93%)
  ✓   #5: Paddy → Wheat                                                              8570.21M m³  (2.70%)

  ── Hypothetical Extraction Method (HEM) — 2015
  ✓ Top-5 tourism-dependent sectors:
  ✓   #1: Petroleum products                             dep=8.782%  water=12572.36M m³
  ✓   #2: Crude petroleum                                dep=7.369%  water=0.00M m³
  ✓   #3: Organic chemicals                              dep=5.056%  water=0.24M m³
  ✓   #4: Wheat                                          dep=4.719%  water=73667.87M m³
  ✓   #5: Electricity                                    dep=4.636%  water=15852.12M m³
  ✓ Saved SC paths 2015  (50 rows)
  ✓ Saved SC HEM 2015  (140 rows)
  ✓ Summary: sc_paths_2015_summary.txt
  ✓ Supply-chain MD: supply_chain_analysis_2015.md

  ── Year: 2019
  ✓ W 2019: shape=(140,)  non-zero=60
  ✓ L 2019: shape=(140, 140)  diag_mean=1.1062
  ✓ Y 2019 (from sut results): ₹1,403,742 cr  non-zero=38

  ── Supply-chain path analysis — 2019
  ✓ Total pull cells: 2,280  |  Top 50 shown
  ✓ Top-5 paths:
  ✓   #1: Paddy → Paddy                                                             99181.18M m³  (31.23%)
  ✓   #2: Wheat → Wheat                                                             51722.58M m³  (16.29%)
  ✓   #3: Coarse cereals → Coarse cereals                                           27524.97M m³  (8.67%)
  ✓   #4: Gram → Gram                                                               12739.47M m³  (4.01%)
  ✓   #5: Arhar → Arhar                                                             11686.40M m³  (3.68%)

  ── Hypothetical Extraction Method (HEM) — 2019
  ✓ Top-5 tourism-dependent sectors:
  ✓   #1: Crude petroleum                                dep=33.796%  water=0.00M m³
  ✓   #2: Financial services                             dep=5.781%  water=0.00M m³
  ✓   #3: Organic chemicals                              dep=4.263%  water=0.25M m³
  ✓   #4: Coarse cereals                                 dep=3.813%  water=28434.00M m³
  ✓   #5: Fertilizers                                    dep=3.727%  water=15.05M m³
  ✓ Saved SC paths 2019  (50 rows)
  ✓ Saved SC HEM 2019  (140 rows)
  ✓ Summary: sc_paths_2019_summary.txt
  ✓ Supply-chain MD: supply_chain_analysis_2019.md

  ── Year: 2022
  ✓ W 2022: shape=(140,)  non-zero=60
  ✓ L 2022: shape=(140, 140)  diag_mean=1.0447
  ✓ Y 2022 (from sut results): ₹1,497,873 cr  non-zero=38

  ── Supply-chain path analysis — 2022
  ✓ Total pull cells: 2,280  |  Top 50 shown
  ✓ Top-5 paths:
  ✓   #1: Paddy → Paddy                                                            110119.76M m³  (35.96%)
  ✓   #2: Wheat → Wheat                                                             42951.61M m³  (14.02%)
  ✓   #3: Coarse cereals → Coarse cereals                                           26997.88M m³  (8.82%)
  ✓   #4: Groundnut → Groundnut                                                     11890.93M m³  (3.88%)
  ✓   #5: Gram → Gram                                                                9304.29M m³  (3.04%)

  ── Hypothetical Extraction Method (HEM) — 2022
  ✓ Top-5 tourism-dependent sectors:
  ✓   #1: Fertilizers                                    dep=7.481%  water=24.49M m³
  ✓   #2: Financial services                             dep=6.686%  water=0.00M m³
  ✓   #3: Organic chemicals                              dep=5.592%  water=0.99M m³
  ✓   #4: Petroleum products                             dep=5.459%  water=10418.05M m³
  ✓   #5: Coarse cereals                                 dep=5.268%  water=27293.80M m³
  ✓ Saved SC paths 2022  (50 rows)
  ✓ Saved SC HEM 2022  (140 rows)
  ✓ Summary: sc_paths_2022_summary.txt
  ✓ Supply-chain MD: supply_chain_analysis_2022.md
  ✓ Cross-year supply-chain MD: supply_chain_summary.md

======================================================================
  SUMMARY
======================================================================
  ✓ SDA periods computed: 2
  ✓ MC years computed: 3
  ✓ Supply-chain years computed: 3
  ✓ Outputs written to:
  ✓   SDA:          /Users/kumar.aniket/Downloads/surveydata/tourism-water-footprint/twf-calculation/3-final-results/sda
  ✓   Monte Carlo:  /Users/kumar.aniket/Downloads/surveydata/tourism-water-footprint/twf-calculation/3-final-results/monte-carlo
  ✓   Supply-chain: /Users/kumar.aniket/Downloads/surveydata/tourism-water-footprint/twf-calculation/3-final-results/supply-chain
  ✓ Done in 0.3s
