══════════════════════════════════════════════════════════════════════
  Log started : 2026-03-03 06:16:22
  Step        : calculate_indirect_twf
  Log file    : /Users/kumar.aniket/Documents/personal/research/tourism-water-footprint/twf-calculation/logs/calculate_indirect_twf_20260303_061622.log
══════════════════════════════════════════════════════════════════════

══════════════════════════════════════════════════════════════════════
  CALCULATE INDIRECT TWF  (W × L × Y  +  Scarce_TWF  +  Multiplier_Ratio)
══════════════════════════════════════════════════════════════════════
     WSI source: WRI Aqueduct 4.0 (Kuzma et al. 2023)
       Agriculture WSI = 0.827 (Irr-weighted bws)
       Industry WSI    = 0.814 (Ind-weighted bws)
       Services WSI    = 0.000 (no direct basin extraction)

══════════════════════════════════════════════════════════════════════
  Year: 2015
══════════════════════════════════════════════════════════════════════
  ✓  Y_tourism 2015 (nominal): ₹929,805 cr  ($143,046.9M / $143.05B), 25/163 non-zero
  ✓  L (2015-16): (140, 140)  diag mean=1.0711
  ✓  Concordance 2015-16: 78 categories
  ⚠  Concordance 2015-16: 2 SUT product ID(s) mapped to >1 category (double-counting risk):
    Product_ID 63: ['Leather Footwear', 'Machinery Rental']
    Product_ID 134: ['Post & Telecom', 'Membership Organisations']
  ⚠  No Blue-specific column; using fallback: Water_2015_m3_per_crore
  ✓  Blue water column: 'Water_2015_m3_per_crore'  non-zero: 60/140
  ⚠  No green water column in SUT file — run build_water_coefficients.py to add it
  ✓  Split demand 2015: inbound ₹235,331 cr  domestic ₹694,474 cr
  ✓  L_2015: shape=(140, 140)  non-zero=19,322  max=3.2042  neg=0  diag_mean=1.0711
  ✓  Y_140: ₹929,805 crore  (coverage 100.0%)

  Indirect TWF — 2015
  Blue TWF total:          6,459,061,630 m³  (6.4591 bn m³)
  Scarce TWF total:        2,803,841,992 m³  (2.8038 bn m³)
  Scarce/Blue ratio:              0.434  (WSI-weighted; Aqueduct 4.0 Agriculture=0.827, Industry=0.814)
  Tourism demand:                949,799 crore  ($146,123M)
  Water intensity:                6800.5 m³/crore

  Top 10 by Total_Water_m3:
  Rank  Category_Name                                     Total_Water_m3        %
  ────────────────────────────────────────────────────────────────────────────────
  1     Processed Fruit/Veg                                2,447,845,366 m³    37.9%
  2     Hotels & Restaurants                               1,880,597,255 m³    29.1%
  3     Road Transport                                       378,259,292 m³     5.9%
  4     Beverages                                            314,970,162 m³     4.9%
  5     Ready Made Garments                                  217,490,141 m³     3.4%
  6     Grain Mill & Bakery                                  181,620,167 m³     2.8%
  7     Health & Social Work                                 166,158,543 m³     2.6%
  8     Financial Services                                   164,774,267 m³     2.6%
  9     Air Transport                                        149,669,900 m³     2.3%
  10    Other Services                                       140,805,670 m³     2.2%

  ── By sector type (blue TWF) ──
         Agriculture         :                0 m³ (0.0%)  scarce:              0 m³
         Food Mfg            :    2,951,221,231 m³ (45.7%)  scarce:  2,402,294,082 m³
         Manufacturing       :      151,348,469 m³ (2.3%)  scarce:    123,197,654 m³
         Mining              :                0 m³ (0.0%)  scarce:              0 m³
         Services            :    3,052,021,240 m³ (47.3%)  scarce:     30,511,114 m³
         Textiles            :      291,993,818 m³ (4.5%)  scarce:    237,682,968 m³
         Utilities           :       12,476,873 m³ (0.2%)  scarce:     10,156,174 m³

  ── Structural decomposition — 2015 ──
  ✓  Saved Structural decomp 2015  (10,920 rows → indirect_twf_2015_structural.csv)
  ✓  Saved Water origin 2015  (6 rows → indirect_twf_2015_origin.csv)

  Water origin by source sector — 2015  (Blue | Scarce)
    Agriculture      WSI=0.827  Blue:  5,521,619,839 m³ (85.5%)  Scarce: 4,566,379,606 m³ (85.7%)
    Petroleum        WSI=0.814  Blue:    458,675,393 m³ (7.1%)  Scarce:   373,361,770 m³ (7.0%)
    Electricity      WSI=0.814  Blue:    288,297,801 m³ (4.5%)  Scarce:   234,674,410 m³ (4.4%)
    Manufacturing    WSI=0.814  Blue:    190,468,598 m³ (2.9%)  Scarce:   155,041,439 m³ (2.9%)
    Mining           WSI=0.814  Blue:              0 m³ (0.0%)  Scarce:             0 m³ (0.0%)
    Services         WSI=0.000  Blue:              0 m³ (0.0%)  Scarce:             0 m³ (0.0%)
  ✓  Saved Sector intensity 2015  (78 rows → indirect_twf_2015_intensity.csv)
  ✓  Saved Multiplier ratio 2015  (24 rows → water_multiplier_ratio_2015.csv)

  ── Water multiplier ratio — 2015  (WL[j] / economy_avg_WL) ──
    Sectors ABOVE economy average (ratio > 1):
      Grain Mill & Bakery                       ratio=3.92x  WL=41902.0 m³/cr
      Processed Fruit/Veg                       ratio=2.73x  WL=29159.8 m³/cr
      Hotels & Restaurants                      ratio=1.37x  WL=14690.8 m³/cr
    Sectors BELOW economy average (ratio < 1):
      Beverages                                 ratio=0.79x  WL=8499.5 m³/cr
      Electricity, Heat & Energy                ratio=0.56x  WL=6003.7 m³/cr
      Textiles                                  ratio=0.56x  WL=5937.9 m³/cr
      Other Services                            ratio=0.41x  WL=4351.5 m³/cr
      Financial Services                        ratio=0.36x  WL=3838.7 m³/cr
  ✓  Y_140: ₹929,805 crore  (coverage 100.0%)
  ✓  Real-price intensity: 6906.4 m³/₹ crore (2015-16 prices)

  ── Sensitivity — 2015 ──
  ✓  Sensitivity Agriculture: LOW=5.3229  BASE=6.4216  HIGH=7.5203 bn m³
  ✓  Sensitivity Electricity: LOW=6.3646  BASE=6.4216  HIGH=6.4786 bn m³
  ✓  Sensitivity Petroleum: LOW=6.3304  BASE=6.4216  HIGH=6.5127 bn m³
  ✓  Saved Sensitivity 2015  (9 rows → indirect_twf_2015_sensitivity.csv)
  ✓  Y_140: ₹235,331 crore  (coverage 100.0%)
  ✓  Y_140: ₹694,474 crore  (coverage 100.0%)
  ✓  Split TWF 2015: inbound=2.3047  domestic=4.1168 bn m³
  ✓  Saved Split 2015  (2 rows → indirect_twf_2015_split.csv)
  ✓  Saved SUT results 2015  (140 rows → indirect_twf_2015_by_sut.csv)
  ✓  Saved Category results 2015  (78 rows → indirect_twf_2015_by_category.csv)
  ✓  Summary: indirect_twf_2015_summary.txt

══════════════════════════════════════════════════════════════════════
  Year: 2019
══════════════════════════════════════════════════════════════════════
  ✓  Y_tourism 2019 (nominal): ₹1,405,015 cr  ($200,716.5M / $200.72B), 25/163 non-zero
  ✓  L (2019-20): (140, 140)  diag mean=1.1062
  ✓  Concordance 2019-20: 78 categories
  ⚠  Concordance 2019-20: 2 SUT product ID(s) mapped to >1 category (double-counting risk):
    Product_ID 63: ['Leather Footwear', 'Machinery Rental']
    Product_ID 134: ['Post & Telecom', 'Membership Organisations']
  ⚠  No Blue-specific column; using fallback: Water_2019_m3_per_crore
  ✓  Blue water column: 'Water_2019_m3_per_crore'  non-zero: 60/140
  ⚠  No green water column in SUT file — run build_water_coefficients.py to add it
  ✓  Split demand 2019: inbound ₹364,325 cr  domestic ₹1,040,690 cr
  ✓  L_2019: shape=(140, 140)  non-zero=19,183  max=8.8126  neg=0  diag_mean=1.1062
  ✓  Y_140: ₹1,405,015 crore  (coverage 100.0%)

  Indirect TWF — 2019
  Blue TWF total:          6,589,847,951 m³  (6.5898 bn m³)
  Scarce TWF total:        2,739,694,639 m³  (2.7397 bn m³)
  Scarce/Blue ratio:              0.416  (WSI-weighted; Aqueduct 4.0 Agriculture=0.827, Industry=0.814)
  Tourism demand:              1,431,125 crore  ($204,446M)
  Water intensity:                4604.7 m³/crore

  Top 10 by Total_Water_m3:
  Rank  Category_Name                                     Total_Water_m3        %
  ────────────────────────────────────────────────────────────────────────────────
  1     Processed Fruit/Veg                                1,888,268,847 m³    28.7%
  2     Hotels & Restaurants                               1,616,222,902 m³    24.5%
  3     Road Transport                                       547,560,841 m³     8.3%
  4     Beverages                                            538,525,647 m³     8.2%
  5     Ready Made Garments                                  286,976,604 m³     4.4%
  6     Grain Mill & Bakery                                  281,095,334 m³     4.3%
  7     Health & Social Work                                 274,434,877 m³     4.2%
  8     Air Transport                                        258,035,014 m³     3.9%
  9     Other Services                                       189,033,644 m³     2.9%
  10    Financial Services                                   165,697,997 m³     2.5%

  ── By sector type (blue TWF) ──
         Agriculture         :                0 m³ (0.0%)  scarce:              0 m³
         Food Mfg            :    2,717,433,638 m³ (41.2%)  scarce:  2,211,990,981 m³
         Manufacturing       :      197,151,533 m³ (3.0%)  scarce:    160,481,348 m³
         Mining              :                0 m³ (0.0%)  scarce:              0 m³
         Services            :    3,274,184,194 m³ (49.7%)  scarce:     40,744,341 m³
         Textiles            :      380,414,103 m³ (5.8%)  scarce:    309,657,080 m³
         Utilities           :       20,664,483 m³ (0.3%)  scarce:     16,820,889 m³

  ── Structural decomposition — 2019 ──
  ✓  Saved Structural decomp 2019  (10,920 rows → indirect_twf_2019_structural.csv)
  ✓  Saved Water origin 2019  (6 rows → indirect_twf_2019_origin.csv)

  Water origin by source sector — 2019  (Blue | Scarce)
    Agriculture      WSI=0.827  Blue:  5,238,315,039 m³ (79.5%)  Scarce: 4,332,086,537 m³ (79.7%)
    Electricity      WSI=0.814  Blue:    538,639,440 m³ (8.2%)  Scarce:   438,452,504 m³ (8.1%)
    Petroleum        WSI=0.814  Blue:    500,860,725 m³ (7.6%)  Scarce:   407,700,630 m³ (7.5%)
    Manufacturing    WSI=0.814  Blue:    312,032,747 m³ (4.7%)  Scarce:   253,994,656 m³ (4.7%)
    Mining           WSI=0.814  Blue:              0 m³ (0.0%)  Scarce:             0 m³ (0.0%)
    Services         WSI=0.000  Blue:              0 m³ (0.0%)  Scarce:             0 m³ (0.0%)
  ✓  Saved Sector intensity 2019  (78 rows → indirect_twf_2019_intensity.csv)
  ✓  Saved Multiplier ratio 2019  (24 rows → water_multiplier_ratio_2019.csv)

  ── Water multiplier ratio — 2019  (WL[j] / economy_avg_WL) ──
    Sectors ABOVE economy average (ratio > 1):
      Grain Mill & Bakery                       ratio=4.36x  WL=46506.7 m³/cr
      Processed Fruit/Veg                       ratio=1.34x  WL=14265.7 m³/cr
    Sectors BELOW economy average (ratio < 1):
      Beverages                                 ratio=0.82x  WL=8703.0 m³/cr
      Electricity, Heat & Energy                ratio=0.72x  WL=7717.8 m³/cr
      Hotels & Restaurants                      ratio=0.71x  WL=7538.4 m³/cr
      Textiles                                  ratio=0.51x  WL=5400.9 m³/cr
      Paper Products                            ratio=0.44x  WL=4660.3 m³/cr
  ✓  Y_140: ₹1,197,576 crore  (coverage 100.0%)
  ✓  Real-price intensity: 5460.9 m³/₹ crore (2015-16 prices)

  ── Sensitivity — 2019 ──
  ✓  Sensitivity Agriculture: LOW=5.4984  BASE=6.5398  HIGH=7.5812 bn m³
  ✓  Sensitivity Electricity: LOW=6.4339  BASE=6.5398  HIGH=6.6457 bn m³
  ✓  Sensitivity Petroleum: LOW=6.4404  BASE=6.5398  HIGH=6.6392 bn m³
  ✓  Saved Sensitivity 2019  (9 rows → indirect_twf_2019_sensitivity.csv)
  ✓  Y_140: ₹364,325 crore  (coverage 100.0%)
  ✓  Y_140: ₹1,040,690 crore  (coverage 100.0%)
  ✓  Split TWF 2019: inbound=2.2379  domestic=4.3018 bn m³
  ✓  Saved Split 2019  (2 rows → indirect_twf_2019_split.csv)
  ✓  Saved SUT results 2019  (140 rows → indirect_twf_2019_by_sut.csv)
  ✓  Saved Category results 2019  (78 rows → indirect_twf_2019_by_category.csv)
  ✓  Summary: indirect_twf_2019_summary.txt

══════════════════════════════════════════════════════════════════════
  Year: 2022
══════════════════════════════════════════════════════════════════════
  ✓  Y_tourism 2022 (nominal): ₹1,499,192 cr  ($188,577.7M / $188.58B), 25/163 non-zero
  ✓  L (2021-22): (140, 140)  diag mean=1.0428
  ✓  Concordance 2021-22: 78 categories
  ⚠  Concordance 2021-22: 2 SUT product ID(s) mapped to >1 category (double-counting risk):
    Product_ID 63: ['Leather Footwear', 'Machinery Rental']
    Product_ID 134: ['Post & Telecom', 'Membership Organisations']
  ⚠  No Blue-specific column; using fallback: Water_2022_m3_per_crore
  ✓  Blue water column: 'Water_2022_m3_per_crore'  non-zero: 63/140
  ⚠  No green water column in SUT file — run build_water_coefficients.py to add it
  ✓  Split demand 2022: inbound ₹367,018 cr  domestic ₹1,132,174 cr
  ✓  L_2022: shape=(140, 140)  non-zero=18,909  max=1.5681  neg=0  diag_mean=1.0428
  ✓  Y_140: ₹1,499,192 crore  (coverage 100.0%)

  Indirect TWF — 2022
  Blue TWF total:          5,216,760,325 m³  (5.2168 bn m³)
  Scarce TWF total:        2,918,431,808 m³  (2.9184 bn m³)
  Scarce/Blue ratio:              0.559  (WSI-weighted; Aqueduct 4.0 Agriculture=0.827, Industry=0.814)
  Tourism demand:              1,531,481 crore  ($192,639M)
  Water intensity:                3406.4 m³/crore

  Top 10 by Total_Water_m3:
  Rank  Category_Name                                     Total_Water_m3        %
  ────────────────────────────────────────────────────────────────────────────────
  1     Processed Fruit/Veg                                2,236,637,723 m³    42.9%
  2     Hotels & Restaurants                                 488,306,182 m³     9.4%
  3     Beverages                                            439,005,122 m³     8.4%
  4     Road Transport                                       413,904,419 m³     7.9%
  5     Grain Mill & Bakery                                  242,294,351 m³     4.6%
  6     Ready Made Garments                                  230,235,101 m³     4.4%
  7     Other Services                                       221,515,893 m³     4.2%
  8     Other Chemicals                                      189,736,851 m³     3.6%
  9     Air Transport                                        154,187,602 m³     3.0%
  10    Health & Social Work                                 135,348,034 m³     2.6%

  ── By sector type (blue TWF) ──
         Agriculture         :                0 m³ (0.0%)  scarce:              0 m³
         Food Mfg            :    2,927,073,315 m³ (56.1%)  scarce:  2,382,637,678 m³
         Manufacturing       :      235,035,256 m³ (4.5%)  scarce:    191,318,698 m³
         Mining              :                0 m³ (0.0%)  scarce:              0 m³
         Services            :    1,694,167,545 m³ (32.5%)  scarce:     51,041,285 m³
         Textiles            :      341,353,821 m³ (6.5%)  scarce:    277,862,011 m³
         Utilities           :       19,130,387 m³ (0.4%)  scarce:     15,572,135 m³

  ── Structural decomposition — 2022 ──
  ✓  Saved Structural decomp 2022  (10,920 rows → indirect_twf_2022_structural.csv)
  ✓  Saved Water origin 2022  (6 rows → indirect_twf_2022_origin.csv)

  Water origin by source sector — 2022  (Blue | Scarce)
    Agriculture      WSI=0.827  Blue:  3,986,088,683 m³ (76.4%)  Scarce: 3,296,495,341 m³ (76.7%)
    Petroleum        WSI=0.814  Blue:    634,912,280 m³ (12.2%)  Scarce:   516,818,596 m³ (12.0%)
    Manufacturing    WSI=0.814  Blue:    372,502,619 m³ (7.1%)  Scarce:   303,217,132 m³ (7.1%)
    Electricity      WSI=0.814  Blue:    223,256,743 m³ (4.3%)  Scarce:   181,730,989 m³ (4.2%)
    Mining           WSI=0.814  Blue:              0 m³ (0.0%)  Scarce:             0 m³ (0.0%)
    Services         WSI=0.000  Blue:              0 m³ (0.0%)  Scarce:             0 m³ (0.0%)
  ✓  Saved Sector intensity 2022  (78 rows → indirect_twf_2022_intensity.csv)
  ✓  Saved Multiplier ratio 2022  (24 rows → water_multiplier_ratio_2022.csv)

  ── Water multiplier ratio — 2022  (WL[j] / economy_avg_WL) ──
    Sectors ABOVE economy average (ratio > 1):
      Grain Mill & Bakery                       ratio=4.05x  WL=37458.4 m³/cr
      Processed Fruit/Veg                       ratio=1.77x  WL=16325.9 m³/cr
    Sectors BELOW economy average (ratio < 1):
      Beverages                                 ratio=0.75x  WL=6955.3 m³/cr
      Electricity, Heat & Energy                ratio=0.59x  WL=5483.2 m³/cr
      Textiles                                  ratio=0.50x  WL=4625.5 m³/cr
      Other Services                            ratio=0.40x  WL=3688.9 m³/cr
      Paper Products                            ratio=0.37x  WL=3459.9 m³/cr
  ✓  Y_140: ₹1,141,327 crore  (coverage 100.0%)
  ✓  Real-price intensity: 4515.8 m³/₹ crore (2015-16 prices)

  ── Sensitivity — 2022 ──
  ✓  Sensitivity Agriculture: LOW=4.3654  BASE=5.1541  HIGH=5.9427 bn m³
  ✓  Sensitivity Electricity: LOW=5.1106  BASE=5.1541  HIGH=5.1976 bn m³
  ✓  Sensitivity Petroleum: LOW=5.0286  BASE=5.1541  HIGH=5.2795 bn m³
  ✓  Saved Sensitivity 2022  (9 rows → indirect_twf_2022_sensitivity.csv)
  ✓  Y_140: ₹367,018 crore  (coverage 100.0%)
  ✓  Y_140: ₹1,132,174 crore  (coverage 100.0%)
  ✓  Split TWF 2022: inbound=1.5383  domestic=3.6158 bn m³
  ✓  Saved Split 2022  (2 rows → indirect_twf_2022_split.csv)
  ✓  Saved SUT results 2022  (140 rows → indirect_twf_2022_by_sut.csv)
  ✓  Saved Category results 2022  (78 rows → indirect_twf_2022_by_category.csv)
  ✓  Summary: indirect_twf_2022_summary.txt

══════════════════════════════════════════════════════════════════════
  Cross-Year Comparison
══════════════════════════════════════════════════════════════════════

  Blue indirect TWF (billion m³)
  Year               Value       Abs_Chg     Pct_Chg          CAGR
  ──────────────────────────────────────────────────────────────
  2015              6.4216 bn m³        (base)
  2019              6.5398 bn m³  ↑    0.1182       +1.8%       +0.5%/yr
  2022              5.1541 bn m³  ↓    1.2675      -19.7%       -3.1%/yr

  Scarce TWF (billion m³, Aqueduct 4.0)
  Year               Value       Abs_Chg     Pct_Chg          CAGR
  ──────────────────────────────────────────────────────────────
  2015              2.7733 bn m³        (base)
  2019              2.6990 bn m³  ↓    0.0744       -2.7%       -0.7%/yr
  2022              2.8674 bn m³  ↑    0.0941       +3.4%       +0.5%/yr

  Water intensity nominal (m³/₹ crore)
  Year               Value       Abs_Chg     Pct_Chg          CAGR
  ──────────────────────────────────────────────────────────────
  2015           6906.3714 m³/cr        (base)
  2019           4654.6061 m³/cr  ↓ 2251.7654      -32.6%       -9.4%/yr
  2022           3437.8883 m³/cr  ↓ 3468.4831      -50.2%       -9.5%/yr

  Agriculture share of water origin (%)
  Year               Value       Abs_Chg     Pct_Chg          CAGR
  ──────────────────────────────────────────────────────────────
  2015             85.4864%        (base)
  2019             79.4907%  ↓    5.9957       -7.0%       -1.8%/yr
  2022             76.4093%  ↓    9.0771      -10.6%       -1.6%/yr
  ✓  Saved All-year summary  (3 rows → indirect_twf_all_years.csv)
  ✓  Done in 0.6s

──────────────────────────────────────────────────────────────────────
  Step 'calculate_indirect_twf' finished  |  elapsed: 0.6s
  Warnings: 9  |  Errors: 0
    ⚠  Concordance 2015-16: 2 SUT product ID(s) mapped to >1 category (double-counting risk):
    Product_ID 63: ['Leather Footwear', 'Machinery Rental']
    Product_ID 134: ['Post & Telecom', 'Membership Organisations']
    ⚠  No Blue-specific column; using fallback: Water_2015_m3_per_crore
    ⚠  No green water column in SUT file — run build_water_coefficients.py to add it
    ⚠  Concordance 2019-20: 2 SUT product ID(s) mapped to >1 category (double-counting risk):
    Product_ID 63: ['Leather Footwear', 'Machinery Rental']
    Product_ID 134: ['Post & Telecom', 'Membership Organisations']
    ⚠  No Blue-specific column; using fallback: Water_2019_m3_per_crore
    ⚠  No green water column in SUT file — run build_water_coefficients.py to add it
    ⚠  Concordance 2021-22: 2 SUT product ID(s) mapped to >1 category (double-counting risk):
    Product_ID 63: ['Leather Footwear', 'Machinery Rental']
    Product_ID 134: ['Post & Telecom', 'Membership Organisations']
    ⚠  No Blue-specific column; using fallback: Water_2022_m3_per_crore
    ⚠  No green water column in SUT file — run build_water_coefficients.py to add it
