# Log started: 2026-02-22T15:26:32.029117

======================================================================
  SDA + MONTE CARLO + SUPPLY-CHAIN ANALYSIS
======================================================================

======================================================================
  STRUCTURAL DECOMPOSITION ANALYSIS (SDA)
======================================================================
  ✓ W 2015: shape=(140,)  non-zero=60
  ✓ L 2015: shape=(140, 140)  diag_mean=1.0774
  ✓ Y 2015 (from sut results): ₹928,841 cr  non-zero=38
  ✓ W 2019: shape=(140,)  non-zero=60
  ✓ L 2019: shape=(140, 140)  diag_mean=1.1062
  ✓ Y 2019 (from sut results): ₹1,196,491 cr  non-zero=38
  ✓ W 2022: shape=(140,)  non-zero=60
  ✓ L 2022: shape=(140, 140)  diag_mean=1.0447
  ✓ Y 2022 (from sut results): ₹1,140,322 cr  non-zero=38

  ── SDA: 2015 → 2019
  ✓ TWF: 557.9119 → 522.7864 bn m³  (Δ -35.1255 bn m³)
  ✓   W effect (technology):     +0.0000 bn m³  (+0.0% of |ΔTWF|)
  ✓   L effect (structure):      -179.3171 bn m³  (-510.5% of |ΔTWF|)
  ✓   Y effect (demand):         +144.1916 bn m³  (+410.5% of |ΔTWF|)
  ✓   Residual (should be ~0):   -0.000000 bn m³  (-0.000%)
  ✓ Saved SDA 2015→2019  (1 rows)
  ✓ Summary: sda_2015_2019_summary.txt

  ── SDA: 2019 → 2022
  ✓ TWF: 522.7864 → 473.0004 bn m³  (Δ -49.7860 bn m³)
  ✓   W effect (technology):     +0.0000 bn m³  (+0.0% of |ΔTWF|)
  ✓   L effect (structure):      -32.8513 bn m³  (-66.0% of |ΔTWF|)
  ✓   Y effect (demand):         -16.9346 bn m³  (-34.0% of |ΔTWF|)
  ✓   Residual (should be ~0):   +0.000000 bn m³  (+0.000%)
  ✓ Saved SDA 2019→2022  (1 rows)
  ✓ Summary: sda_2019_2022_summary.txt
  ✓ Saved SDA all periods  (2 rows)

======================================================================
  MONTE CARLO SENSITIVITY ANALYSIS
======================================================================

  ── Monte Carlo — 2015  (n=10,000)
  ✓ W 2015: shape=(140,)  non-zero=60
  ✓ L 2015: shape=(140, 140)  diag_mean=1.0774
  ✓ Y 2015 (from sut results): ₹928,841 cr  non-zero=38
  ✓   BASE:    559.1219 bn m³
  ✓   Median:  557.0192 bn m³
  ✓   5th–95th: 352.1227 – 893.1165 bn m³  (range ±60.3%)
  ✓ Saved MC results 2015  (10,000 rows)

  ── Top variance contributors — 2015
  ✓   agr_water_mult                  r=+1.000  share=100.0%
  ✓   hotel_coeff_mult                r=-0.011  share=0.0%
  ✓   rail_coeff_mult                 r=-0.009  share=0.0%
  ✓   rest_coeff_mult                 r=-0.002  share=0.0%
  ✓   dom_tourist_mult                r=+0.001  share=0.0%
  ✓ Summary: mc_2015_summary.txt

  ── Monte Carlo — 2019  (n=10,000)
  ✓ W 2019: shape=(140,)  non-zero=60
  ✓ L 2019: shape=(140, 140)  diag_mean=1.1062
  ✓ Y 2019 (from sut results): ₹1,196,491 cr  non-zero=38
  ✓   BASE:    525.1109 bn m³
  ✓   Median:  520.8214 bn m³
  ✓   5th–95th: 326.4828 – 842.2660 bn m³  (range ±61.7%)
  ✓ Saved MC results 2019  (10,000 rows)

  ── Top variance contributors — 2019
  ✓   agr_water_mult                  r=+1.000  share=100.0%
  ✓   dom_tourist_mult                r=+0.011  share=0.0%
  ✓   air_coeff_mult                  r=+0.006  share=0.0%
  ✓   hotel_coeff_mult                r=-0.005  share=0.0%
  ✓   rail_coeff_mult                 r=+0.004  share=0.0%
  ✓ Summary: mc_2019_summary.txt

  ── Monte Carlo — 2022  (n=10,000)
  ✓ W 2022: shape=(140,)  non-zero=60
  ✓ L 2022: shape=(140, 140)  diag_mean=1.0447
  ✓ Y 2022 (from sut results): ₹1,140,322 cr  non-zero=38
  ✓   BASE:    475.1580 bn m³
  ✓   Median:  473.6442 bn m³
  ✓   5th–95th: 295.9579 – 761.5113 bn m³  (range ±60.8%)
  ✓ Saved MC results 2022  (10,000 rows)

  ── Top variance contributors — 2022
  ✓   agr_water_mult                  r=+1.000  share=100.0%
  ✓   dom_tourist_mult                r=-0.011  share=0.0%
  ✓   inb_tourist_mult                r=-0.010  share=0.0%
  ✓   air_coeff_mult                  r=-0.008  share=0.0%
  ✓   hotel_coeff_mult                r=+0.008  share=0.0%
  ✓ Summary: mc_2022_summary.txt
  ✓ Saved MC summary all years  (3 rows)
  ✓ Saved MC variance decomposition  (21 rows)

======================================================================
  SUPPLY-CHAIN PATH ANALYSIS + HEM
======================================================================

  ── Year: 2015
  ✓ W 2015: shape=(140,)  non-zero=60
  ✓ L 2015: shape=(140, 140)  diag_mean=1.0774
  ✓ Y 2015 (from sut results): ₹928,841 cr  non-zero=38

  ── Supply-chain path analysis — 2015
  ✓ Total pull cells: 2,280  |  Top 50 shown
  ✓ Top-5 paths:
  ✓   #1: Coarse cereals → Coarse cereals                                           56066.66M m³  (10.05%)
  ✓   #2: Paddy → Paddy                                                             52956.28M m³  (9.49%)
  ✓   #3: Wheat → Wheat                                                             35823.02M m³  (6.42%)
  ✓   #4: Other food crops → Coarse cereals                                         33643.95M m³  (6.03%)
  ✓   #5: Other pulses → Other pulses                                               24990.53M m³  (4.48%)

  ── Hypothetical Extraction Method (HEM) — 2015
  ✓ Top-5 tourism-dependent sectors:
  ✓   #1: Petroleum products                             dep=8.805%  water=20953.56M m³
  ✓   #2: Crude petroleum                                dep=7.404%  water=0.00M m³
  ✓   #3: Organic chemicals                              dep=5.062%  water=1.41M m³
  ✓   #4: Electricity                                    dep=4.634%  water=9862.50M m³
  ✓   #5: Financial services                             dep=4.529%  water=0.00M m³
  ✓ Saved SC paths 2015  (50 rows)
  ✓ Saved SC HEM 2015  (140 rows)
  ✓ Summary: sc_paths_2015_summary.txt
  ✓ Supply-chain MD: supply_chain_analysis_2015.md

  ── Year: 2019
  ✓ W 2019: shape=(140,)  non-zero=60
  ✓ L 2019: shape=(140, 140)  diag_mean=1.1062
  ✓ Y 2019 (from sut results): ₹1,196,491 cr  non-zero=38

  ── Supply-chain path analysis — 2019
  ✓ Total pull cells: 2,280  |  Top 50 shown
  ✓ Top-5 paths:
  ✓   #1: Coarse cereals → Coarse cereals                                           69979.22M m³  (13.39%)
  ✓   #2: Paddy → Paddy                                                             68892.52M m³  (13.18%)
  ✓   #3: Wheat → Wheat                                                             48120.29M m³  (9.20%)
  ✓   #4: Other pulses → Other pulses                                               32295.18M m³  (6.18%)
  ✓   #5: Arhar → Arhar                                                             29711.40M m³  (5.68%)

  ── Hypothetical Extraction Method (HEM) — 2019
  ✓ Top-5 tourism-dependent sectors:
  ✓   #1: Crude petroleum                                dep=33.706%  water=0.00M m³
  ✓   #2: Financial services                             dep=5.812%  water=0.00M m³
  ✓   #3: Organic chemicals                              dep=4.288%  water=1.40M m³
  ✓   #4: Coarse cereals                                 dep=3.835%  water=72316.20M m³
  ✓   #5: Fertilizers                                    dep=3.765%  water=11.08M m³
  ✓ Saved SC paths 2019  (50 rows)
  ✓ Saved SC HEM 2019  (140 rows)
  ✓ Summary: sc_paths_2019_summary.txt
  ✓ Supply-chain MD: supply_chain_analysis_2019.md

  ── Year: 2022
  ✓ W 2022: shape=(140,)  non-zero=60
  ✓ L 2022: shape=(140, 140)  diag_mean=1.0447
  ✓ Y 2022 (from sut results): ₹1,140,322 cr  non-zero=38

  ── Supply-chain path analysis — 2022
  ✓ Total pull cells: 2,280  |  Top 50 shown
  ✓ Top-5 paths:
  ✓   #1: Coarse cereals → Coarse cereals                                           68678.68M m³  (14.52%)
  ✓   #2: Paddy → Paddy                                                             63959.16M m³  (13.52%)
  ✓   #3: Rapeseed and mustard → Rapeseed and mustard                               42564.36M m³  (9.00%)
  ✓   #4: Wheat → Wheat                                                             38805.30M m³  (8.20%)
  ✓   #5: Tobacco → Tobacco                                                         35494.01M m³  (7.50%)

  ── Hypothetical Extraction Method (HEM) — 2022
  ✓ Top-5 tourism-dependent sectors:
  ✓   #1: Fertilizers                                    dep=7.498%  water=15.61M m³
  ✓   #2: Financial services                             dep=6.714%  water=0.00M m³
  ✓   #3: Organic chemicals                              dep=5.632%  water=1.30M m³
  ✓   #4: Petroleum products                             dep=5.484%  water=10822.29M m³
  ✓   #5: Coarse cereals                                 dep=5.205%  water=69451.84M m³
  ✓ Saved SC paths 2022  (50 rows)
  ✓ Saved SC HEM 2022  (140 rows)
  ✓ Summary: sc_paths_2022_summary.txt
  ✓ Supply-chain MD: supply_chain_analysis_2022.md
  ✓ Cross-year supply-chain MD: supply_chain_summary.md

======================================================================
  SUMMARY
======================================================================
  ✓ SDA periods computed: 2
  ✓ MC years computed: 3
  ✓ Supply-chain years computed: 3
  ✓ Outputs written to:
  ✓   SDA:          /Users/kumar.aniket/Downloads/surveydata/tourism-water-footprint/twf-calculation/3-final-results/sda
  ✓   Monte Carlo:  /Users/kumar.aniket/Downloads/surveydata/tourism-water-footprint/twf-calculation/3-final-results/monte-carlo
  ✓   Supply-chain: /Users/kumar.aniket/Downloads/surveydata/tourism-water-footprint/twf-calculation/3-final-results/supply-chain
  ✓ Done in 0.3s
