══════════════════════════════════════════════════════════════════════
  Log started : 2026-03-01 11:53:39
  Step        : calculate_sda_mc
  Log file    : /Users/kumar.aniket/Documents/personal/research/tourism-water-footprint/twf-calculation/logs/calculate_sda_mc_20260301_115339.log
══════════════════════════════════════════════════════════════════════

══════════════════════════════════════════════════════════════════════
  SDA + MONTE CARLO + SUPPLY-CHAIN ANALYSIS
══════════════════════════════════════════════════════════════════════

══════════════════════════════════════════════════════════════════════
  STRUCTURAL DECOMPOSITION ANALYSIS (SDA)
══════════════════════════════════════════════════════════════════════
  ✓  W 2015: shape=(140,)  non-zero=60
  ✓  L 2015: shape=(140, 140)  diag_mean=1.0711
  ✓  Y 2015 (from sut results, sorted by Product_ID): ₹929,805 cr  ($143,047M)  non-zero=38
  ✓  W 2019: shape=(140,)  non-zero=60
  ✓  L 2019: shape=(140, 140)  diag_mean=1.1062
  ✓  Y 2019 (from sut results, sorted by Product_ID): ₹1,405,015 cr  ($200,716M)  non-zero=38
  ✓  W 2022: shape=(140,)  non-zero=63
  ✓  L 2022: shape=(140, 140)  diag_mean=1.0428
  ✓  Y 2022 (from sut results, sorted by Product_ID): ₹1,499,192 cr  ($188,578M)  non-zero=38

  ── SDA: 2015 → 2019 ──
  ✓  TWF: 6.4216 → 6.5398 bn m³  (Δ +0.1182 bn m³)
  ✓    W effect (technology):     +0.2340 bn m³  (+198.0% of |ΔTWF|)
  ✓    L effect (structure):      -3.0960 bn m³  (-2619.0% of |ΔTWF|)
  ✓    Y effect (demand):         +2.9959 bn m³  (+2534.3% of |ΔTWF|)
  ✓    Residual (should be ~0):   -0.015691 bn m³  (-13.273%)
  ✓  Saved SDA 2015→2019  (1 rows → sda_decomposition_2015_2019.csv)
  ✓  Summary: sda_2015_2019_summary.txt

  ── SDA: 2019 → 2022 ──
  ✓  TWF: 6.5398 → 5.1541 bn m³  (Δ -1.3857 bn m³)
  ✓    W effect (technology):     -0.1143 bn m³  (-8.2% of |ΔTWF|)
  ✓    L effect (structure):      -1.4933 bn m³  (-107.8% of |ΔTWF|)
  ✓    Y effect (demand):         +0.2231 bn m³  (+16.1% of |ΔTWF|)
  ✓    Residual (should be ~0):   -0.001242 bn m³  (-0.090%)
  ✓  Saved SDA 2019→2022  (1 rows → sda_decomposition_2019_2022.csv)
  ✓  Summary: sda_2019_2022_summary.txt
  ✓  Saved SDA all periods  (2 rows → sda_summary_all_periods.csv)

══════════════════════════════════════════════════════════════════════
  MONTE CARLO SENSITIVITY ANALYSIS
══════════════════════════════════════════════════════════════════════

  ── Monte Carlo — 2015  (n=10,000) ──
  ✓  W 2015: shape=(140,)  non-zero=60
  ✓  L 2015: shape=(140, 140)  diag_mean=1.0711
  ✓  Y 2015 (from sut results, sorted by Product_ID): ₹929,805 cr  ($143,047M)  non-zero=38
  ✓    BASE:    6.9443 bn m³
  ✓    Median:  6.9243 bn m³
  ✓    5th–95th: 4.7675 – 10.4595 bn m³  (range ±51.1%)
  ✓  Saved MC results 2015  (10,000 rows → mc_results_2015.csv)

  ── Top variance contributors — 2015 ──
  ✓    agr_water_mult                  r=+0.999  share=99.8%
  ✓    rest_coeff_mult                 r=+0.032  share=0.1%
  ✓    dom_tourist_mult                r=+0.018  share=0.0%
  ✓    hotel_coeff_mult                r=-0.007  share=0.0%
  ✓    rail_coeff_mult                 r=+0.003  share=0.0%
  ✓  Summary: mc_2015_summary.txt

  ── Monte Carlo — 2019  (n=10,000) ──
  ✓  W 2019: shape=(140,)  non-zero=60
  ✓  L 2019: shape=(140, 140)  diag_mean=1.1062
  ✓  Y 2019 (from sut results, sorted by Product_ID): ₹1,405,015 cr  ($200,716M)  non-zero=38
  ✓    BASE:    7.4701 bn m³
  ✓    Median:  7.4296 bn m³
  ✓    5th–95th: 5.4036 – 10.7496 bn m³  (range ±44.7%)
  ✓  Saved MC results 2019  (10,000 rows → mc_results_2019.csv)

  ── Top variance contributors — 2019 ──
  ✓    agr_water_mult                  r=+0.996  share=99.1%
  ✓    rest_coeff_mult                 r=+0.069  share=0.5%
  ✓    dom_tourist_mult                r=+0.047  share=0.2%
  ✓    rail_coeff_mult                 r=+0.020  share=0.0%
  ✓    air_coeff_mult                  r=+0.007  share=0.0%
  ✓  Summary: mc_2019_summary.txt

  ── Monte Carlo — 2022  (n=10,000) ──
  ✓  W 2022: shape=(140,)  non-zero=63
  ✓  L 2022: shape=(140, 140)  diag_mean=1.0428
  ✓  Y 2022 (from sut results, sorted by Product_ID): ₹1,499,192 cr  ($188,578M)  non-zero=38
  ✓    BASE:    6.0102 bn m³
  ✓    Median:  6.0104 bn m³
  ✓    5th–95th: 4.4569 – 8.5049 bn m³  (range ±41.5%)
  ✓  Saved MC results 2022  (10,000 rows → mc_results_2022.csv)

  ── Top variance contributors — 2022 ──
  ✓    agr_water_mult                  r=+0.994  share=98.8%
  ✓    rest_coeff_mult                 r=+0.079  share=0.6%
  ✓    dom_tourist_mult                r=+0.033  share=0.1%
  ✓    rail_coeff_mult                 r=+0.021  share=0.1%
  ✓    hotel_coeff_mult                r=+0.014  share=0.0%
  ✓  Summary: mc_2022_summary.txt
  ✓  Saved MC summary all years  (3 rows → mc_summary_all_years.csv)
  ✓  Saved MC variance decomposition  (21 rows → mc_variance_decomposition.csv)

══════════════════════════════════════════════════════════════════════
  SUPPLY-CHAIN PATH ANALYSIS + HEM
══════════════════════════════════════════════════════════════════════

  ── Year: 2015 ──
  ✓  W 2015: shape=(140,)  non-zero=60
  ✓  L 2015: shape=(140, 140)  diag_mean=1.0711
  ✓  Y 2015 (from sut results, sorted by Product_ID): ₹929,805 cr  ($143,047M)  non-zero=38

  ── Supply-chain path analysis — 2015 ──
  ✓  Total pull cells: 2,280  |  Top 50 shown
  ✓  Top-5 paths:
  ✓    #1: Sugarcane → Processed fruits & Processed Vegetables                        1401.46M m³  (21.82%)
  ✓    #2: Wheat → Hotels & Restaurant                                                 706.59M m³  (11.00%)
  ✓    #3: Paddy → Hotels & Restaurant                                                 593.74M m³  (9.25%)
  ✓    #4: Paddy → Processed fruits & Processed Vegetables                             343.16M m³  (5.34%)
  ✓    #5: Wheat → Processed fruits & Processed Vegetables                             224.01M m³  (3.49%)

  ── Hypothetical Extraction Method (HEM) — 2015 ──
  ✓  Top-5 tourism-dependent sectors:
  ✓    #1: Crude petroleum                                dep=14.167%  water=0.00M m³
  ✓    #2: Land transport                                 dep=7.198%  water=0.00M m³
  ✓    #3: Petroleum products                             dep=5.587%  water=450.57M m³
  ✓    #4: Hotels & Restaurant                            dep=4.591%  water=0.00M m³
  ✓    #5: Organic chemicals                              dep=4.133%  water=0.01M m³
  ✓  Saved SC paths 2015  (50 rows → sc_paths_2015.csv)
  ✓  Saved SC HEM 2015  (140 rows → sc_hem_2015.csv)
  ✓  Summary: sc_paths_2015_summary.txt
  ✓  Supply-chain MD: supply_chain_analysis_2015.md

  ── Year: 2019 ──
  ✓  W 2019: shape=(140,)  non-zero=60
  ✓  L 2019: shape=(140, 140)  diag_mean=1.1062
  ✓  Y 2019 (from sut results, sorted by Product_ID): ₹1,405,015 cr  ($200,716M)  non-zero=38

  ── Supply-chain path analysis — 2019 ──
  ✓  Total pull cells: 2,280  |  Top 50 shown
  ✓  Top-5 paths:
  ✓    #1: Wheat → Hotels & Restaurant                                                 698.05M m³  (10.67%)
  ✓    #2: Paddy → Processed fruits & Processed Vegetables                             572.10M m³  (8.75%)
  ✓    #3: Paddy → Hotels & Restaurant                                                 409.08M m³  (6.26%)
  ✓    #4: Other oil seeds → Processed fruits & Processed Vegetables                   289.15M m³  (4.42%)
  ✓    #5: Wheat → Processed fruits & Processed Vegetables                             279.29M m³  (4.27%)

  ── Hypothetical Extraction Method (HEM) — 2019 ──
  ✓  Top-5 tourism-dependent sectors:
  ✓    #1: Crude petroleum                                dep=28.402%  water=0.00M m³
  ✓    #2: Land transport                                 dep=5.990%  water=0.00M m³
  ✓    #3: Hotels & Restaurant                            dep=4.317%  water=0.00M m³
  ✓    #4: Financial services                             dep=3.435%  water=0.00M m³
  ✓    #5: Organic chemicals                              dep=3.092%  water=0.02M m³
  ✓  Saved SC paths 2019  (50 rows → sc_paths_2019.csv)
  ✓  Saved SC HEM 2019  (140 rows → sc_hem_2019.csv)
  ✓  Summary: sc_paths_2019_summary.txt
  ✓  Supply-chain MD: supply_chain_analysis_2019.md

  ── Year: 2022 ──
  ✓  W 2022: shape=(140,)  non-zero=63
  ✓  L 2022: shape=(140, 140)  diag_mean=1.0428
  ✓  Y 2022 (from sut results, sorted by Product_ID): ₹1,499,192 cr  ($188,578M)  non-zero=38

  ── Supply-chain path analysis — 2022 ──
  ✓  Total pull cells: 2,394  |  Top 50 shown
  ✓  Top-5 paths:
  ✓    #1: Paddy → Processed fruits & Processed Vegetables                             724.94M m³  (14.07%)
  ✓    #2: Other oil seeds → Processed fruits & Processed Vegetables                   325.32M m³  (6.31%)
  ✓    #3: Rapeseed and mustard → Processed fruits & Processed Vegetables              271.68M m³  (5.27%)
  ✓    #4: Wheat → Processed fruits & Processed Vegetables                             245.64M m³  (4.77%)
  ✓    #5: Petroleum products → Land transport                                         191.43M m³  (3.71%)

  ── Hypothetical Extraction Method (HEM) — 2022 ──
  ✓  Top-5 tourism-dependent sectors:
  ✓    #1: Land transport                                 dep=8.903%  water=0.00M m³
  ✓    #2: Hotels & Restaurant                            dep=5.641%  water=0.00M m³
  ✓    #3: Construction and construction services         dep=5.393%  water=0.00M m³
  ✓    #4: Research & Development Services                dep=4.115%  water=0.00M m³
  ✓    #5: Communication services                         dep=3.913%  water=0.00M m³
  ✓  Saved SC paths 2022  (50 rows → sc_paths_2022.csv)
  ✓  Saved SC HEM 2022  (140 rows → sc_hem_2022.csv)
  ✓  Summary: sc_paths_2022_summary.txt
  ✓  Supply-chain MD: supply_chain_analysis_2022.md
  ✓  Cross-year supply-chain MD: supply_chain_summary.md

══════════════════════════════════════════════════════════════════════
  SUMMARY
══════════════════════════════════════════════════════════════════════
  ✓  SDA periods computed: 2
  ✓  MC years computed: 3
  ✓  Supply-chain years computed: 3
  ✓  Outputs written to:
  ✓    SDA:          /Users/kumar.aniket/Documents/personal/research/tourism-water-footprint/twf-calculation/3-final-results/sda
  ✓    Monte Carlo:  /Users/kumar.aniket/Documents/personal/research/tourism-water-footprint/twf-calculation/3-final-results/monte-carlo
  ✓    Supply-chain: /Users/kumar.aniket/Documents/personal/research/tourism-water-footprint/twf-calculation/3-final-results/supply-chain
  ✓  Done in 0.3s

──────────────────────────────────────────────────────────────────────
  Step 'calculate_sda_mc' finished  |  elapsed: 0.3s
  Warnings: 0  |  Errors: 0
