# Log started: 2026-02-23T07:37:23.159259

======================================================================
  CALCULATE INDIRECT TWF  (W × L × Y)
======================================================================

======================================================================
  Year: 2015
======================================================================
  ✓ Y_tourism 2015 (nominal): ₹929,805 crore, 25/163 non-zero
  ✓ L (2015-16): (140, 140)  diag mean=1.0774
  ✓ Concordance 2015-16: 76 categories
  ✓ SUT water 2015-16: 60/140 non-zero
  ✓ Split demand 2015: inbound ₹235,331 cr  domestic ₹694,474 cr
  ✓ L_2015: shape=(140, 140), non-zero=19044, max=1.7419, neg=0, diag_mean=1.0774
  ✓ Y_140: ₹928,841 crore from ₹929,805 EXIO total (coverage 99.9%)

  Indirect TWF — 2015
  Total:                 55,757,600,538 m³
  Total (bn m³):                55.7576
  Tourism demand:               928,841 crore
  Water intensity:              60029.2 m³/crore

  Top 10 by Total_Water_m3:
  Rank  Category_Name                                     Total_Water_m3        %
  ────────────────────────────────────────────────────────────────────────────────
  1     Processed Fruit/Veg                               12,193,856,854 m³    21.9%
  2     Road Transport                                     7,707,991,845 m³    13.8%
  3     Hotels & Restaurants                               7,330,955,743 m³    13.1%
  4     Beverages                                          5,044,585,171 m³     9.0%
  5     Ready Made Garments                                3,832,858,046 m³     6.9%
  6     Other Chemicals                                    3,478,444,013 m³     6.2%
  7     Air Transport                                      3,452,958,899 m³     6.2%
  8     Health & Social Work                               3,127,647,312 m³     5.6%
  9     Financial Services                                 2,703,811,614 m³     4.8%
  10    Leather Footwear                                   1,326,858,479 m³     2.4%

  ── By sector type
      Agriculture         :                0 m³  (0.0%)
      Food Mfg            :   18,331,597,876 m³  (32.9%)
      Manufacturing       :    3,916,560,490 m³  (7.0%)
      Mining              :                0 m³  (0.0%)
      Services            :   27,687,364,035 m³  (49.7%)
      Textiles            :    5,619,264,458 m³  (10.1%)
      Utilities           :      202,813,679 m³  (0.4%)

  ── Structural decomposition — 2015
  ✓ Saved Structural decomp 2015  (10,640 rows)
  ✓ Saved Water origin 2015  (6 rows)

  Water origin by source sector — 2015
    Agriculture             38,342,219,968 m³  (68.8%)
    Electricity              7,885,873,861 m³  (14.1%)
    Petroleum                7,548,671,534 m³  (13.5%)
    Manufacturing            1,980,835,175 m³  (3.6%)
    Mining                               0 m³  (0.0%)
    Services                             0 m³  (0.0%)
  ✓ Saved Sector intensity 2015  (76 rows)

  ── Top 5 most water-intensive tourism spending categories
      Grain Mill & Bakery                        227,530.1 m³/crore  (demand: ₹4,334 cr)
      Processed Fruit/Veg                        145,258.3 m³/crore  (demand: ₹83,946 cr)
      Beverages                                  136,129.0 m³/crore  (demand: ₹37,057 cr)
      Electricity, Heat & Energy                  97,591.0 m³/crore  (demand: ₹2,078 cr)
      Other Chemicals                             80,764.8 m³/crore  (demand: ₹43,069 cr)
  ✓ Y_140: ₹928,841 crore from ₹929,805 EXIO total (coverage 99.9%)
  ✓ Real-price intensity: 60029.2 m³/crore (2015-16 prices)

  ── Sensitivity (±20% agr./elec./petrol.) — 2015
  ✓ Sensitivity Agriculture: LOW=48.0892 bn m³  BASE=55.7576  HIGH=63.4260
  ✓ Sensitivity Electricity: LOW=54.1804 bn m³  BASE=55.7576  HIGH=57.3348
  ✓ Sensitivity Petroleum: LOW=54.2479 bn m³  BASE=55.7576  HIGH=57.2673
  ✓ Saved Sensitivity 2015  (9 rows)
  ✓ Y_140: ₹235,001 crore from ₹235,331 EXIO total (coverage 99.9%)
  ✓ Y_140: ₹693,840 crore from ₹694,474 EXIO total (coverage 99.9%)
  ✓ Split TWF 2015: inbound=16.4768 bn m³  domestic=39.2808 bn m³
  ✓ Saved Split 2015  (2 rows)
  ✓ Saved SUT results 2015  (140 rows)
  ✓ Saved Category results 2015  (76 rows)
  ✓ Summary: indirect_twf_2015_summary.txt

======================================================================
  Year: 2019
======================================================================
  ✓ Y_tourism 2019 (nominal): ₹1,405,015 crore, 25/163 non-zero
  ✓ L (2019-20): (140, 140)  diag mean=1.1062
  ✓ Concordance 2019-20: 76 categories
  ✓ SUT water 2019-20: 60/140 non-zero
  ✓ Split demand 2019: inbound ₹364,325 cr  domestic ₹1,040,690 cr
  ✓ L_2019: shape=(140, 140), non-zero=19183, max=8.8126, neg=0, diag_mean=1.1062
  ✓ Y_140: ₹1,403,742 crore from ₹1,405,015 EXIO total (coverage 99.9%)

  Indirect TWF — 2019
  Total:                 33,665,116,372 m³
  Total (bn m³):                33.6651
  Tourism demand:             1,403,742 crore
  Water intensity:              23982.4 m³/crore

  Top 10 by Total_Water_m3:
  Rank  Category_Name                                     Total_Water_m3        %
  ────────────────────────────────────────────────────────────────────────────────
  1     Processed Fruit/Veg                                9,570,754,650 m³    28.4%
  2     Hotels & Restaurants                               6,462,387,850 m³    19.2%
  3     Road Transport                                     3,810,693,702 m³    11.3%
  4     Beverages                                          2,381,891,957 m³     7.1%
  5     Health & Social Work                               1,879,134,788 m³     5.6%
  6     Air Transport                                      1,792,358,108 m³     5.3%
  7     Ready Made Garments                                1,704,895,257 m³     5.1%
  8     Financial Services                                 1,136,541,614 m³     3.4%
  9     Other Chemicals                                    1,003,709,370 m³     3.0%
  10    Grain Mill & Bakery                                  993,903,324 m³     3.0%

  ── By sector type
      Agriculture         :                0 m³  (0.0%)
      Food Mfg            :   13,002,537,574 m³  (38.6%)
      Manufacturing       :    1,277,360,200 m³  (3.8%)
      Mining              :                0 m³  (0.0%)
      Services            :   16,945,582,113 m³  (50.3%)
      Textiles            :    2,250,674,229 m³  (6.7%)
      Utilities           :      188,962,256 m³  (0.6%)

  ── Structural decomposition — 2019
  ✓ Saved Structural decomp 2019  (10,640 rows)
  ✓ Saved Water origin 2019  (6 rows)

  Water origin by source sector — 2019
    Agriculture             21,998,164,829 m³  (65.3%)
    Electricity              5,463,289,765 m³  (16.2%)
    Petroleum                3,837,660,699 m³  (11.4%)
    Manufacturing            2,366,001,079 m³  (7.0%)
    Mining                               0 m³  (0.0%)
    Services                             0 m³  (0.0%)
  ✓ Saved Sector intensity 2019  (76 rows)

  ── Top 5 most water-intensive tourism spending categories
      Grain Mill & Bakery                        164,439.3 m³/crore  (demand: ₹6,044 cr)
      Processed Fruit/Veg                         72,306.2 m³/crore  (demand: ₹132,364 cr)
      Electricity, Heat & Energy                  70,573.5 m³/crore  (demand: ₹2,678 cr)
      Beverages                                   38,493.3 m³/crore  (demand: ₹61,878 cr)
      Paper Products                              31,867.1 m³/crore  (demand: ₹4,235 cr)
  ✓ Y_140: ₹1,196,491 crore from ₹1,197,576 EXIO total (coverage 99.9%)
  ✓ Real-price intensity: 23982.4 m³/crore (2015-16 prices)

  ── Sensitivity (±20% agr./elec./petrol.) — 2019
  ✓ Sensitivity Agriculture: LOW=29.2655 bn m³  BASE=33.6651  HIGH=38.0647
  ✓ Sensitivity Electricity: LOW=32.5725 bn m³  BASE=33.6651  HIGH=34.7578
  ✓ Sensitivity Petroleum: LOW=32.8976 bn m³  BASE=33.6651  HIGH=34.4326
  ✓ Saved Sensitivity 2019  (9 rows)
  ✓ Y_140: ₹363,890 crore from ₹364,325 EXIO total (coverage 99.9%)
  ✓ Y_140: ₹1,039,853 crore from ₹1,040,690 EXIO total (coverage 99.9%)
  ✓ Split TWF 2019: inbound=10.6020 bn m³  domestic=23.0631 bn m³
  ✓ Saved Split 2019  (2 rows)
  ✓ Saved SUT results 2019  (140 rows)
  ✓ Saved Category results 2019  (76 rows)
  ✓ Summary: indirect_twf_2019_summary.txt

======================================================================
  Year: 2022
======================================================================
  ✓ Y_tourism 2022 (nominal): ₹1,499,192 crore, 25/163 non-zero
  ✓ L (2021-22): (140, 140)  diag mean=1.0447
  ✓ Concordance 2021-22: 76 categories
  ✓ SUT water 2021-22: 60/140 non-zero
  ✓ Split demand 2022: inbound ₹367,018 cr  domestic ₹1,132,174 cr
  ✓ L_2022: shape=(140, 140), non-zero=18909, max=1.5742, neg=0, diag_mean=1.0447
  ✓ Y_140: ₹1,497,873 crore from ₹1,499,192 EXIO total (coverage 99.9%)

  Indirect TWF — 2022
  Total:                 29,096,594,141 m³
  Total (bn m³):                29.0966
  Tourism demand:             1,497,873 crore
  Water intensity:              19425.3 m³/crore

  Top 10 by Total_Water_m3:
  Rank  Category_Name                                     Total_Water_m3        %
  ────────────────────────────────────────────────────────────────────────────────
  1     Processed Fruit/Veg                               11,401,682,184 m³    39.2%
  2     Hotels & Restaurants                               3,247,669,310 m³    11.2%
  3     Road Transport                                     2,952,912,298 m³    10.1%
  4     Beverages                                          2,069,137,151 m³     7.1%
  5     Ready Made Garments                                1,486,212,463 m³     5.1%
  6     Other Chemicals                                    1,328,144,801 m³     4.6%
  7     Air Transport                                      1,167,713,489 m³     4.0%
  8     Grain Mill & Bakery                                  943,775,523 m³     3.2%
  9     Health & Social Work                                 925,018,726 m³     3.2%
  10    Other Services                                       849,913,670 m³     2.9%

  ── By sector type
      Agriculture         :                0 m³  (0.0%)
      Food Mfg            :   14,477,060,029 m³  (49.8%)
      Manufacturing       :    1,658,909,029 m³  (5.7%)
      Mining              :                0 m³  (0.0%)
      Services            :   10,631,395,299 m³  (36.5%)
      Textiles            :    2,160,554,776 m³  (7.4%)
      Utilities           :      168,675,008 m³  (0.6%)

  ── Structural decomposition — 2022
  ✓ Saved Structural decomp 2022  (10,640 rows)
  ✓ Saved Water origin 2022  (6 rows)

  Water origin by source sector — 2022
    Agriculture             18,912,863,552 m³  (65.0%)
    Petroleum                4,986,648,787 m³  (17.1%)
    Manufacturing            2,849,100,109 m³  (9.8%)
    Electricity              2,347,981,695 m³  (8.1%)
    Mining                               0 m³  (0.0%)
    Services                             0 m³  (0.0%)
  ✓ Saved Sector intensity 2022  (76 rows)

  ── Top 5 most water-intensive tourism spending categories
      Grain Mill & Bakery                        145,906.6 m³/crore  (demand: ₹6,468 cr)
      Processed Fruit/Veg                         83,224.1 m³/crore  (demand: ₹137,000 cr)
      Electricity, Heat & Energy                  48,345.9 m³/crore  (demand: ₹3,489 cr)
      Beverages                                   32,781.9 m³/crore  (demand: ₹63,118 cr)
      Textiles                                    27,265.0 m³/crore  (demand: ₹10,467 cr)
  ✓ Y_140: ₹1,140,322 crore from ₹1,141,327 EXIO total (coverage 99.9%)
  ✓ Real-price intensity: 19425.3 m³/crore (2015-16 prices)

  ── Sensitivity (±20% agr./elec./petrol.) — 2022
  ✓ Sensitivity Agriculture: LOW=25.3140 bn m³  BASE=29.0966  HIGH=32.8792
  ✓ Sensitivity Electricity: LOW=28.6270 bn m³  BASE=29.0966  HIGH=29.5662
  ✓ Sensitivity Petroleum: LOW=28.0993 bn m³  BASE=29.0966  HIGH=30.0939
  ✓ Saved Sensitivity 2022  (9 rows)
  ✓ Y_140: ₹366,567 crore from ₹367,018 EXIO total (coverage 99.9%)
  ✓ Y_140: ₹1,131,307 crore from ₹1,132,174 EXIO total (coverage 99.9%)
  ✓ Split TWF 2022: inbound=8.7420 bn m³  domestic=20.3546 bn m³
  ✓ Saved Split 2022  (2 rows)
  ✓ Saved SUT results 2022  (140 rows)
  ✓ Saved Category results 2022  (76 rows)
  ✓ Summary: indirect_twf_2022_summary.txt

======================================================================
  Cross-Year Indirect TWF Comparison
======================================================================

  Indirect TWF (billion m³)
  Year               Value       Abs_Chg     Pct_Chg          CAGR
  ──────────────────────────────────────────────────────────────
  2015             55.7576 bn m³        (base)
  2019             33.6651 bn m³  ↓   22.0925      -39.6%      -11.9%/yr
  2022             29.0966 bn m³  ↓   26.6610      -47.8%       -8.9%/yr

  Water intensity nominal (m³/crore)
  Year               Value       Abs_Chg     Pct_Chg          CAGR
  ──────────────────────────────────────────────────────────────
  2015          60029.2198 m³/cr        (base)
  2019          23982.4045 m³/cr  ↓36046.8153      -60.0%      -20.5%/yr
  2022          19425.2683 m³/cr  ↓40603.9515      -67.6%      -14.9%/yr

  Water intensity real 2015-16 (m³/crore)
  Year               Value       Abs_Chg     Pct_Chg          CAGR
  ──────────────────────────────────────────────────────────────
  2015          60029.2198 m³/cr        (base)
  2019          23982.4045 m³/cr  ↓36046.8153      -60.0%      -20.5%/yr
  2022          19425.2683 m³/cr  ↓40603.9515      -67.6%      -14.9%/yr

  Agriculture share of water origin (%)
  Year               Value       Abs_Chg     Pct_Chg          CAGR
  ──────────────────────────────────────────────────────────────
  2015             68.7659%        (base)
  2019             65.3441%  ↓    3.4218       -5.0%       -1.3%/yr
  2022             65.0003%  ↓    3.7656       -5.5%       -0.8%/yr
  ✓ Saved All-year summary  (3 rows)
  ✓ Done in 0.5s
