══════════════════════════════════════════════════════════════════════
  Log started : 2026-03-01 10:39:52
  Step        : calculate_sda_mc
  Log file    : /Users/kumar.aniket/Documents/personal/research/tourism-water-footprint/twf-calculation/logs/calculate_sda_mc_20260301_103952.log
══════════════════════════════════════════════════════════════════════

══════════════════════════════════════════════════════════════════════
  SDA + MONTE CARLO + SUPPLY-CHAIN ANALYSIS
══════════════════════════════════════════════════════════════════════

══════════════════════════════════════════════════════════════════════
  STRUCTURAL DECOMPOSITION ANALYSIS (SDA)
══════════════════════════════════════════════════════════════════════
  ✓  W 2015: shape=(140,)  non-zero=60
  ✓  L 2015: shape=(140, 140)  diag_mean=1.0711
  ✓  Y 2015 (from sut results): ₹929,805 cr  ($143,047M)  non-zero=38
  ✓  W 2019: shape=(140,)  non-zero=60
  ✓  L 2019: shape=(140, 140)  diag_mean=1.1062
  ✓  Y 2019 (from sut results): ₹1,405,015 cr  ($200,716M)  non-zero=38
  ✓  W 2022: shape=(140,)  non-zero=63
  ✓  L 2022: shape=(140, 140)  diag_mean=1.0428
  ✓  Y 2022 (from sut results): ₹1,499,192 cr  ($188,578M)  non-zero=38

  ── SDA: 2015 → 2019 ──
  ✓  TWF: 47.8830 → 76.8209 bn m³  (Δ +28.9378 bn m³)
  ✓    W effect (technology):     +2.1614 bn m³  (+7.5% of |ΔTWF|)
  ✓    L effect (structure):      -1.2871 bn m³  (-4.4% of |ΔTWF|)
  ✓    Y effect (demand):         +28.0406 bn m³  (+96.9% of |ΔTWF|)
  ✓    Residual (should be ~0):   +0.023043 bn m³  (+0.080%)
  ✓  Saved SDA 2015→2019  (1 rows → sda_decomposition_2015_2019.csv)
  ✓  Summary: sda_2015_2019_summary.txt

  ── SDA: 2019 → 2022 ──
  ✓  TWF: 76.8209 → 75.6348 bn m³  (Δ -1.1860 bn m³)
  ✓    W effect (technology):     -3.7196 bn m³  (-313.6% of |ΔTWF|)
  ✓    L effect (structure):      -0.7877 bn m³  (-66.4% of |ΔTWF|)
  ✓    Y effect (demand):         +3.3321 bn m³  (+280.9% of |ΔTWF|)
  ✓    Residual (should be ~0):   -0.010836 bn m³  (-0.914%)
  ✓  Saved SDA 2019→2022  (1 rows → sda_decomposition_2019_2022.csv)
  ✓  Summary: sda_2019_2022_summary.txt
  ✓  Saved SDA all periods  (2 rows → sda_summary_all_periods.csv)

══════════════════════════════════════════════════════════════════════
  MONTE CARLO SENSITIVITY ANALYSIS
══════════════════════════════════════════════════════════════════════

  ── Monte Carlo — 2015  (n=10,000) ──
  ✓  W 2015: shape=(140,)  non-zero=60
  ✓  L 2015: shape=(140, 140)  diag_mean=1.0711
  ✓  Y 2015 (from sut results): ₹929,805 cr  ($143,047M)  non-zero=38
  ✓    BASE:    48.4058 bn m³
  ✓    Median:  48.2351 bn m³
  ✓    5th–95th: 29.8883 – 78.2908 bn m³  (range ±62.3%)
  ✓  Saved MC results 2015  (10,000 rows → mc_results_2015.csv)

  ── Top variance contributors — 2015 ──
  ✓    agr_water_mult                  r=+1.000  share=100.0%
  ✓    hotel_coeff_mult                r=-0.010  share=0.0%
  ✓    rail_coeff_mult                 r=-0.008  share=0.0%
  ✓    dom_tourist_mult                r=+0.003  share=0.0%
  ✓    rest_coeff_mult                 r=+0.002  share=0.0%
  ✓  Summary: mc_2015_summary.txt

  ── Monte Carlo — 2019  (n=10,000) ──
  ✓  W 2019: shape=(140,)  non-zero=60
  ✓  L 2019: shape=(140, 140)  diag_mean=1.1062
  ✓  Y 2019 (from sut results): ₹1,405,015 cr  ($200,716M)  non-zero=38
  ✓    BASE:    77.7511 bn m³
  ✓    Median:  77.1296 bn m³
  ✓    5th–95th: 48.3570 – 124.7465 bn m³  (range ±61.7%)
  ✓  Saved MC results 2019  (10,000 rows → mc_results_2019.csv)

  ── Top variance contributors — 2019 ──
  ✓    agr_water_mult                  r=+1.000  share=100.0%
  ✓    dom_tourist_mult                r=+0.012  share=0.0%
  ✓    air_coeff_mult                  r=+0.006  share=0.0%
  ✓    rail_coeff_mult                 r=+0.005  share=0.0%
  ✓    hotel_coeff_mult                r=-0.004  share=0.0%
  ✓  Summary: mc_2019_summary.txt

  ── Monte Carlo — 2022  (n=10,000) ──
  ✓  W 2022: shape=(140,)  non-zero=63
  ✓  L 2022: shape=(140, 140)  diag_mean=1.0428
  ✓  Y 2022 (from sut results): ₹1,499,192 cr  ($188,578M)  non-zero=38
  ✓    BASE:    76.4910 bn m³
  ✓    Median:  76.2722 bn m³
  ✓    5th–95th: 47.5800 – 122.6775 bn m³  (range ±60.8%)
  ✓  Saved MC results 2022  (10,000 rows → mc_results_2022.csv)

  ── Top variance contributors — 2022 ──
  ✓    agr_water_mult                  r=+1.000  share=100.0%
  ✓    inb_tourist_mult                r=-0.010  share=0.0%
  ✓    dom_tourist_mult                r=-0.010  share=0.0%
  ✓    hotel_coeff_mult                r=+0.008  share=0.0%
  ✓    air_coeff_mult                  r=-0.008  share=0.0%
  ✓  Summary: mc_2022_summary.txt
  ✓  Saved MC summary all years  (3 rows → mc_summary_all_years.csv)
  ✓  Saved MC variance decomposition  (21 rows → mc_variance_decomposition.csv)

══════════════════════════════════════════════════════════════════════
  SUPPLY-CHAIN PATH ANALYSIS + HEM
══════════════════════════════════════════════════════════════════════

  ── Year: 2015 ──
  ✓  W 2015: shape=(140,)  non-zero=60
  ✓  L 2015: shape=(140, 140)  diag_mean=1.0711
  ✓  Y 2015 (from sut results): ₹929,805 cr  ($143,047M)  non-zero=38

  ── Supply-chain path analysis — 2015 ──
  ✓  Total pull cells: 2,280  |  Top 50 shown
  ✓  Top-5 paths:
  ✓    #1: Wheat → Wheat                                                             19532.11M m³  (40.79%)
  ✓    #2: Paddy → Paddy                                                             12637.43M m³  (26.39%)
  ✓    #3: Rapeseed and mustard → Rapeseed and mustard                                1019.73M m³  (2.13%)
  ✓    #4: Paddy → Coarse cereals                                                      816.78M m³  (1.71%)
  ✓    #5: Wheat → Coarse cereals                                                      705.39M m³  (1.47%)

  ── Hypothetical Extraction Method (HEM) — 2015 ──
  ✓  Top-5 tourism-dependent sectors:
  ✓    #1: Crude petroleum                                dep=14.021%  water=0.00M m³
  ✓    #2: Fertilizers                                    dep=6.934%  water=1.59M m³
  ✓    #3: Organic chemicals                              dep=6.337%  water=0.02M m³
  ✓    #4: Financial services                             dep=5.453%  water=0.00M m³
  ✓    #5: Coarse cereals                                 dep=4.842%  water=616.88M m³
  ✓  Saved SC paths 2015  (50 rows → sc_paths_2015.csv)
  ✓  Saved SC HEM 2015  (140 rows → sc_hem_2015.csv)
  ✓  Summary: sc_paths_2015_summary.txt
  ✓  Supply-chain MD: supply_chain_analysis_2015.md

  ── Year: 2019 ──
  ✓  W 2019: shape=(140,)  non-zero=60
  ✓  L 2019: shape=(140, 140)  diag_mean=1.1062
  ✓  Y 2019 (from sut results): ₹1,405,015 cr  ($200,716M)  non-zero=38

  ── Supply-chain path analysis — 2019 ──
  ✓  Total pull cells: 2,280  |  Top 50 shown
  ✓  Top-5 paths:
  ✓    #1: Wheat → Wheat                                                             30168.24M m³  (39.27%)
  ✓    #2: Paddy → Paddy                                                             24303.99M m³  (31.64%)
  ✓    #3: Groundnut → Groundnut                                                      1823.35M m³  (2.37%)
  ✓    #4: Paddy → Coarse cereals                                                     1239.91M m³  (1.61%)
  ✓    #5: Coarse cereals → Coarse cereals                                            1107.84M m³  (1.44%)

  ── Hypothetical Extraction Method (HEM) — 2019 ──
  ✓  Top-5 tourism-dependent sectors:
  ✓    #1: Crude petroleum                                dep=33.868%  water=0.00M m³
  ✓    #2: Financial services                             dep=5.780%  water=0.00M m³
  ✓    #3: Organic chemicals                              dep=4.259%  water=0.03M m³
  ✓    #4: Coarse cereals                                 dep=3.799%  water=1144.53M m³
  ✓    #5: Fertilizers                                    dep=3.725%  water=1.95M m³
  ✓  Saved SC paths 2019  (50 rows → sc_paths_2019.csv)
  ✓  Saved SC HEM 2019  (140 rows → sc_hem_2019.csv)
  ✓  Summary: sc_paths_2019_summary.txt
  ✓  Supply-chain MD: supply_chain_analysis_2019.md

  ── Year: 2022 ──
  ✓  W 2022: shape=(140,)  non-zero=63
  ✓  L 2022: shape=(140, 140)  diag_mean=1.0428
  ✓  Y 2022 (from sut results): ₹1,499,192 cr  ($188,578M)  non-zero=38

  ── Supply-chain path analysis — 2022 ──
  ✓  Total pull cells: 2,394  |  Top 50 shown
  ✓  Top-5 paths:
  ✓    #1: Paddy → Paddy                                                             26720.16M m³  (35.33%)
  ✓    #2: Wheat → Wheat                                                             24325.49M m³  (32.16%)
  ✓    #3: Sugarcane → Sugarcane                                                      4016.54M m³  (5.31%)
  ✓    #4: Paddy → Coarse cereals                                                     1804.03M m³  (2.39%)
  ✓    #5: Coarse cereals → Coarse cereals                                            1195.34M m³  (1.58%)

  ── Hypothetical Extraction Method (HEM) — 2022 ──
  ✓  Top-5 tourism-dependent sectors:
  ✓    #1: Fertilizers                                    dep=8.049%  water=3.18M m³
  ✓    #2: Financial services                             dep=6.966%  water=0.00M m³
  ✓    #3: Organic chemicals                              dep=5.865%  water=0.13M m³
  ✓    #4: Petroleum products                             dep=5.737%  water=1330.20M m³
  ✓    #5: Coarse cereals                                 dep=5.650%  water=1208.27M m³
  ✓  Saved SC paths 2022  (50 rows → sc_paths_2022.csv)
  ✓  Saved SC HEM 2022  (140 rows → sc_hem_2022.csv)
  ✓  Summary: sc_paths_2022_summary.txt
  ✓  Supply-chain MD: supply_chain_analysis_2022.md
  ✓  Cross-year supply-chain MD: supply_chain_summary.md

══════════════════════════════════════════════════════════════════════
  SUMMARY
══════════════════════════════════════════════════════════════════════
  ✓  SDA periods computed: 2
  ✓  MC years computed: 3
  ✓  Supply-chain years computed: 3
  ✓  Outputs written to:
  ✓    SDA:          /Users/kumar.aniket/Documents/personal/research/tourism-water-footprint/twf-calculation/3-final-results/sda
  ✓    Monte Carlo:  /Users/kumar.aniket/Documents/personal/research/tourism-water-footprint/twf-calculation/3-final-results/monte-carlo
  ✓    Supply-chain: /Users/kumar.aniket/Documents/personal/research/tourism-water-footprint/twf-calculation/3-final-results/supply-chain
  ✓  Done in 0.3s

──────────────────────────────────────────────────────────────────────
  Step 'calculate_sda_mc' finished  |  elapsed: 0.3s
  Warnings: 0  |  Errors: 0
