# Log started: 2026-02-28T13:11:25.077269

======================================================================
  CALCULATE DIRECT TWF (Activity-Based)
======================================================================

======================================================================
  Direct TWF — 2015
======================================================================
  ✓ BASE: Hotels=32.69M m³  Restaurants=388.54M m³  Rail=100.62M m³  Air=0.92M m³
  ✓ BASE TOTAL: 0.5228 billion m³
  ✓ Sensitivity range: 0.3593 – 0.7574 billion m³  (BASE = 0.5228)
  ✓ Saved Direct TWF 2015  (3 rows)
  ✓ Summary: direct_twf_2015_summary.txt

======================================================================
  Direct TWF — 2019
======================================================================
  ✓ BASE: Hotels=31.20M m³  Restaurants=774.12M m³  Rail=123.38M m³  Air=1.57M m³
  ✓ BASE TOTAL: 0.9303 billion m³
  ✓ Sensitivity range: 0.6141 – 1.3245 billion m³  (BASE = 0.9303)
  ✓ Saved Direct TWF 2019  (3 rows)
  ✓ Summary: direct_twf_2019_summary.txt

======================================================================
  Direct TWF — 2022
======================================================================
  ✓ BASE: Hotels=30.14M m³  Restaurants=706.47M m³  Rail=118.12M m³  Air=1.40M m³
  ✓ BASE TOTAL: 0.8561 billion m³
  ✓ Sensitivity range: 0.5486 – 1.1897 billion m³  (BASE = 0.8561)
  ✓ Saved Direct TWF 2022  (3 rows)
  ✓ Summary: direct_twf_2022_summary.txt
  ✓ Saved Direct TWF all years  (9 rows)

======================================================================
  Cross-Year Direct TWF Comparison
======================================================================

  Direct TWF BASE (billion m³)
  Year               Value       Abs_Chg     Pct_Chg          CAGR
  ──────────────────────────────────────────────────────────────
  2015              0.5228 bn m³        (base)
  2019              0.9303 bn m³  ↑    0.4075      +77.9%      +15.5%/yr
  2022              0.8561 bn m³  ↑    0.3333      +63.8%       +7.3%/yr
  ✓ Hotel water efficiency: 1251.0 → 818.0 L/room/night  (-34.6% change  2015→2022)
  ✓ Done in 0.0s
