# Log started: 2026-02-23T10:25:32.784324

======================================================================
  CALCULATE INDIRECT TWF  (W × L × Y)
======================================================================

======================================================================
  Year: 2015
======================================================================
  ✓ Y_tourism 2015 (nominal): ₹929,805 crore, 25/163 non-zero
  ✓ L (2015-16): (140, 140)  diag mean=1.0774
  ✓ Concordance 2015-16: 76 categories
  ✓ SUT water 2015-16: 60/140 non-zero
  ✓ Split demand 2015: inbound ₹235,331 cr  domestic ₹694,474 cr
  ✓ L_2015: shape=(140, 140), non-zero=19044, max=1.7419, neg=0, diag_mean=1.0774
  ✓ Y_140: ₹928,841 crore from ₹929,805 EXIO total (coverage 99.9%)

  Indirect TWF — 2015
  Total:                 12,467,872,921 m³
  Total (bn m³):                12.4679
  Tourism demand:               928,841 crore
  Water intensity:              13423.0 m³/crore

  Top 10 by Total_Water_m3:
  Rank  Category_Name                                     Total_Water_m3        %
  ────────────────────────────────────────────────────────────────────────────────
  1     Processed Fruit/Veg                                3,071,297,833 m³    24.6%
  2     Hotels & Restaurants                               2,029,921,810 m³    16.3%
  3     Beverages                                          1,460,849,678 m³    11.7%
  4     Road Transport                                     1,315,388,827 m³    10.6%
  5     Ready Made Garments                                  789,569,241 m³     6.3%
  6     Other Chemicals                                      747,287,787 m³     6.0%
  7     Air Transport                                        585,015,576 m³     4.7%
  8     Health & Social Work                                 527,683,859 m³     4.2%
  9     Financial Services                                   483,576,562 m³     3.9%
  10    Leather Footwear                                     332,144,934 m³     2.7%

  ── By sector type
      Agriculture         :                0 m³  (0.0%)
      Food Mfg            :    4,827,810,291 m³  (38.7%)
      Manufacturing       :      820,324,816 m³  (6.6%)
      Mining              :                0 m³  (0.0%)
      Services            :    5,577,010,006 m³  (44.7%)
      Textiles            :    1,219,181,395 m³  (9.8%)
      Utilities           :       23,546,414 m³  (0.2%)

  ── Structural decomposition — 2015
  ✓ Saved Structural decomp 2015  (10,640 rows)
  ✓ Saved Water origin 2015  (6 rows)

  Water origin by source sector — 2015
    Agriculture             10,701,917,081 m³  (85.8%)
    Petroleum                1,000,413,044 m³  (8.0%)
    Electricity                532,462,470 m³  (4.3%)
    Manufacturing              233,080,326 m³  (1.9%)
    Mining                               0 m³  (0.0%)
    Services                             0 m³  (0.0%)
  ✓ Saved Sector intensity 2015  (76 rows)

  ── Top 5 most water-intensive tourism spending categories
      Grain Mill & Bakery                         63,788.2 m³/crore  (demand: ₹4,334 cr)
      Beverages                                   39,421.3 m³/crore  (demand: ₹37,057 cr)
      Processed Fruit/Veg                         36,586.6 m³/crore  (demand: ₹83,946 cr)
      Leather Footwear                            17,453.9 m³/crore  (demand: ₹19,030 cr)
      Other Chemicals                             17,351.0 m³/crore  (demand: ₹43,069 cr)
  ✓ Y_140: ₹928,841 crore from ₹929,805 EXIO total (coverage 99.9%)
  ✓ Real-price intensity: 13423.0 m³/crore (2015-16 prices)

  ── Sensitivity (±20% agr./elec./petrol.) — 2015
  ✓ Sensitivity Agriculture: LOW=10.3275 bn m³  BASE=12.4679  HIGH=14.6083
  ✓ Sensitivity Electricity: LOW=12.3614 bn m³  BASE=12.4679  HIGH=12.5744
  ✓ Sensitivity Petroleum: LOW=12.2678 bn m³  BASE=12.4679  HIGH=12.6680
  ✓ Saved Sensitivity 2015  (9 rows)
  ✓ Y_140: ₹235,001 crore from ₹235,331 EXIO total (coverage 99.9%)
  ✓ Y_140: ₹693,840 crore from ₹694,474 EXIO total (coverage 99.9%)
  ✓ Split TWF 2015: inbound=4.0182 bn m³  domestic=8.4497 bn m³
  ✓ Saved Split 2015  (2 rows)
  ✓ Saved SUT results 2015  (140 rows)
  ✓ Saved Category results 2015  (76 rows)
  ✓ Summary: indirect_twf_2015_summary.txt

======================================================================
  Year: 2019
======================================================================
  ✓ Y_tourism 2019 (nominal): ₹1,405,015 crore, 25/163 non-zero
  ✓ L (2019-20): (140, 140)  diag mean=1.1062
  ✓ Concordance 2019-20: 76 categories
  ✓ SUT water 2019-20: 60/140 non-zero
  ✓ Split demand 2019: inbound ₹364,325 cr  domestic ₹1,040,690 cr
  ✓ L_2019: shape=(140, 140), non-zero=19183, max=8.8126, neg=0, diag_mean=1.1062
  ✓ Y_140: ₹1,403,742 crore from ₹1,405,015 EXIO total (coverage 99.9%)

  Indirect TWF — 2019
  Total:                  6,537,352,753 m³
  Total (bn m³):                 6.5374
  Tourism demand:             1,403,742 crore
  Water intensity:               4657.1 m³/crore

  Top 10 by Total_Water_m3:
  Rank  Category_Name                                     Total_Water_m3        %
  ────────────────────────────────────────────────────────────────────────────────
  1     Processed Fruit/Veg                                1,888,268,847 m³    28.9%
  2     Hotels & Restaurants                               1,616,222,902 m³    24.7%
  3     Road Transport                                       547,560,841 m³     8.4%
  4     Beverages                                            538,525,647 m³     8.2%
  5     Ready Made Garments                                  286,976,604 m³     4.4%
  6     Grain Mill & Bakery                                  281,095,334 m³     4.3%
  7     Health & Social Work                                 274,434,877 m³     4.2%
  8     Air Transport                                        258,035,014 m³     3.9%
  9     Other Services                                       189,033,644 m³     2.9%
  10    Financial Services                                   165,697,997 m³     2.5%

  ── By sector type
      Agriculture         :                0 m³  (0.0%)
      Food Mfg            :    2,717,433,638 m³  (41.6%)
      Manufacturing       :      197,151,533 m³  (3.0%)
      Mining              :                0 m³  (0.0%)
      Services            :    3,224,129,721 m³  (49.3%)
      Textiles            :      377,973,379 m³  (5.8%)
      Utilities           :       20,664,483 m³  (0.3%)

  ── Structural decomposition — 2019
  ✓ Saved Structural decomp 2019  (10,640 rows)
  ✓ Saved Water origin 2019  (6 rows)

  Water origin by source sector — 2019
    Agriculture              5,205,300,199 m³  (79.6%)
    Electricity                529,260,916 m³  (8.1%)
    Petroleum                  496,593,554 m³  (7.6%)
    Manufacturing              306,198,084 m³  (4.7%)
    Mining                               0 m³  (0.0%)
    Services                             0 m³  (0.0%)
  ✓ Saved Sector intensity 2019  (76 rows)

  ── Top 5 most water-intensive tourism spending categories
      Grain Mill & Bakery                         46,506.7 m³/crore  (demand: ₹6,044 cr)
      Processed Fruit/Veg                         14,265.7 m³/crore  (demand: ₹132,364 cr)
      Beverages                                    8,703.0 m³/crore  (demand: ₹61,878 cr)
      Electricity, Heat & Energy                   7,717.8 m³/crore  (demand: ₹2,678 cr)
      Hotels & Restaurants                         7,538.4 m³/crore  (demand: ₹214,398 cr)
  ✓ Y_140: ₹1,196,491 crore from ₹1,197,576 EXIO total (coverage 99.9%)
  ✓ Real-price intensity: 4657.1 m³/crore (2015-16 prices)

  ── Sensitivity (±20% agr./elec./petrol.) — 2019
  ✓ Sensitivity Agriculture: LOW=5.4963 bn m³  BASE=6.5374  HIGH=7.5784
  ✓ Sensitivity Electricity: LOW=6.4315 bn m³  BASE=6.5374  HIGH=6.6432
  ✓ Sensitivity Petroleum: LOW=6.4380 bn m³  BASE=6.5374  HIGH=6.6367
  ✓ Saved Sensitivity 2019  (9 rows)
  ✓ Y_140: ₹363,890 crore from ₹364,325 EXIO total (coverage 99.9%)
  ✓ Y_140: ₹1,039,853 crore from ₹1,040,690 EXIO total (coverage 99.9%)
  ✓ Split TWF 2019: inbound=2.2371 bn m³  domestic=4.3002 bn m³
  ✓ Saved Split 2019  (2 rows)
  ✓ Saved SUT results 2019  (140 rows)
  ✓ Saved Category results 2019  (76 rows)
  ✓ Summary: indirect_twf_2019_summary.txt

======================================================================
  Year: 2022
======================================================================
  ✓ Y_tourism 2022 (nominal): ₹1,499,192 crore, 25/163 non-zero
  ✓ L (2021-22): (140, 140)  diag mean=1.0447
  ✓ Concordance 2021-22: 76 categories
  ✓ SUT water 2021-22: 60/140 non-zero
  ✓ Split demand 2022: inbound ₹367,018 cr  domestic ₹1,132,174 cr
  ✓ L_2022: shape=(140, 140), non-zero=18909, max=1.5742, neg=0, diag_mean=1.0447
  ✓ Y_140: ₹1,497,873 crore from ₹1,499,192 EXIO total (coverage 99.9%)

  Indirect TWF — 2022
  Total:                  5,334,243,354 m³
  Total (bn m³):                 5.3342
  Tourism demand:             1,497,873 crore
  Water intensity:               3561.2 m³/crore

  Top 10 by Total_Water_m3:
  Rank  Category_Name                                     Total_Water_m3        %
  ────────────────────────────────────────────────────────────────────────────────
  1     Processed Fruit/Veg                                2,262,375,568 m³    42.4%
  2     Hotels & Restaurants                                 495,837,069 m³     9.3%
  3     Road Transport                                       454,019,330 m³     8.5%
  4     Beverages                                            446,672,930 m³     8.4%
  5     Grain Mill & Bakery                                  243,306,209 m³     4.6%
  6     Ready Made Garments                                  241,717,614 m³     4.5%
  7     Other Chemicals                                      222,776,749 m³     4.2%
  8     Other Services                                       222,665,753 m³     4.2%
  9     Air Transport                                        172,877,282 m³     3.2%
  10    Health & Social Work                                 143,003,689 m³     2.7%

  ── By sector type
      Agriculture         :                0 m³  (0.0%)
      Food Mfg            :    2,961,793,040 m³  (55.5%)
      Manufacturing       :      269,770,871 m³  (5.1%)
      Mining              :                0 m³  (0.0%)
      Services            :    1,726,755,275 m³  (32.4%)
      Textiles            :      356,185,219 m³  (6.7%)
      Utilities           :       19,738,949 m³  (0.4%)

  ── Structural decomposition — 2022
  ✓ Saved Structural decomp 2022  (10,640 rows)
  ✓ Saved Water origin 2022  (6 rows)

  Water origin by source sector — 2022
    Agriculture              4,078,830,181 m³  (76.5%)
    Petroleum                  649,895,336 m³  (12.2%)
    Manufacturing              375,615,117 m³  (7.0%)
    Electricity                229,902,721 m³  (4.3%)
    Mining                               0 m³  (0.0%)
    Services                             0 m³  (0.0%)
  ✓ Saved Sector intensity 2022  (76 rows)

  ── Top 5 most water-intensive tourism spending categories
      Grain Mill & Bakery                         37,614.9 m³/crore  (demand: ₹6,468 cr)
      Processed Fruit/Veg                         16,513.7 m³/crore  (demand: ₹137,000 cr)
      Beverages                                    7,076.8 m³/crore  (demand: ₹63,118 cr)
      Electricity, Heat & Energy                   5,657.6 m³/crore  (demand: ₹3,489 cr)
      Textiles                                     4,891.5 m³/crore  (demand: ₹10,467 cr)
  ✓ Y_140: ₹1,140,322 crore from ₹1,141,327 EXIO total (coverage 99.9%)
  ✓ Real-price intensity: 3561.2 m³/crore (2015-16 prices)

  ── Sensitivity (±20% agr./elec./petrol.) — 2022
  ✓ Sensitivity Agriculture: LOW=4.5185 bn m³  BASE=5.3342  HIGH=6.1500
  ✓ Sensitivity Electricity: LOW=5.2883 bn m³  BASE=5.3342  HIGH=5.3802
  ✓ Sensitivity Petroleum: LOW=5.2043 bn m³  BASE=5.3342  HIGH=5.4642
  ✓ Saved Sensitivity 2022  (9 rows)
  ✓ Y_140: ₹366,567 crore from ₹367,018 EXIO total (coverage 99.9%)
  ✓ Y_140: ₹1,131,307 crore from ₹1,132,174 EXIO total (coverage 99.9%)
  ✓ Split TWF 2022: inbound=1.5864 bn m³  domestic=3.7479 bn m³
  ✓ Saved Split 2022  (2 rows)
  ✓ Saved SUT results 2022  (140 rows)
  ✓ Saved Category results 2022  (76 rows)
  ✓ Summary: indirect_twf_2022_summary.txt

======================================================================
  Cross-Year Indirect TWF Comparison
======================================================================

  Indirect TWF (billion m³)
  Year               Value       Abs_Chg     Pct_Chg          CAGR
  ──────────────────────────────────────────────────────────────
  2015             12.4679 bn m³        (base)
  2019              6.5374 bn m³  ↓    5.9305      -47.6%      -14.9%/yr
  2022              5.3342 bn m³  ↓    7.1336      -57.2%      -11.4%/yr

  Water intensity nominal (m³/crore)
  Year               Value       Abs_Chg     Pct_Chg          CAGR
  ──────────────────────────────────────────────────────────────
  2015          13423.0433 m³/cr        (base)
  2019           4657.0889 m³/cr  ↓ 8765.9544      -65.3%      -23.3%/yr
  2022           3561.2109 m³/cr  ↓ 9861.8324      -73.5%      -17.3%/yr

  Water intensity real 2015-16 (m³/crore)
  Year               Value       Abs_Chg     Pct_Chg          CAGR
  ──────────────────────────────────────────────────────────────
  2015          13423.0433 m³/cr        (base)
  2019           4657.0889 m³/cr  ↓ 8765.9544      -65.3%      -23.3%/yr
  2022           3561.2109 m³/cr  ↓ 9861.8324      -73.5%      -17.3%/yr

  Agriculture share of water origin (%)
  Year               Value       Abs_Chg     Pct_Chg          CAGR
  ──────────────────────────────────────────────────────────────
  2015             85.8359%        (base)
  2019             79.6240%  ↓    6.2120       -7.2%       -1.9%/yr
  2022             76.4650%  ↓    9.3709      -10.9%       -1.6%/yr
  ✓ Saved All-year summary  (3 rows)
  ✓ Done in 0.5s
