# Log started: 2026-02-23T11:16:43.489003

======================================================================
  CROSS-YEAR TWF COMPARISON
======================================================================

  Indirect TWF (bn m³)
  Year               Value       Abs_Chg     Pct_Chg          CAGR
  ──────────────────────────────────────────────────────────────
  2015             27.3739 bn m³        (base)
  2019             33.6651 bn m³  ↑    6.2912      +23.0%       +5.3%/yr
  2022             28.1133 bn m³  ↑    0.7394       +2.7%       +0.4%/yr

  Direct TWF BASE (bn m³)
  Year               Value       Abs_Chg     Pct_Chg          CAGR
  ──────────────────────────────────────────────────────────────
  2015              1.2101 bn m³        (base)
  2019              2.3245 bn m³  ↑    1.1144      +92.1%      +17.7%/yr
  2022              2.1576 bn m³  ↑    0.9475      +78.3%       +8.6%/yr

  Total TWF (bn m³)
  Year               Value       Abs_Chg     Pct_Chg          CAGR
  ──────────────────────────────────────────────────────────────
  2015             28.5840 bn m³        (base)
  2019             35.9896 bn m³  ↑    7.4056      +25.9%       +5.9%/yr
  2022             30.2708 bn m³  ↑    1.6868       +5.9%       +0.8%/yr

  L/tourist/day (all tourists)
  Year               Value       Abs_Chg     Pct_Chg          CAGR
  ──────────────────────────────────────────────────────────────
  2015           1973.0000 L/day        (base)
  2019           1281.0000 L/day  ↓  692.0000      -35.1%      -10.2%/yr
  2022           1199.0000 L/day  ↓  774.0000      -39.2%       -6.9%/yr

======================================================================
  DATA QUALITY FLAGS
======================================================================

  ── Check 1 — Per-tourist intensity year-on-year change
    2015 → 2019: intensity 1,973 → 1,281 L/day  (-35.1%)
    ⚠ WARNING: intensity drop of -35.1% exceeds 30% threshold.
    Decomposition:
      Total TWF change:    +25.9%  (28.58 → 35.99 bn m³)
      Tourist-days change: +93.9%  (14488M → 28092M days)
    If tourist-days grew much faster than TWF, the likely cause is
    a methodology change in domestic tourist counting between survey
    rounds — NOT a genuine efficiency improvement.
    ACTION: Verify domestic_tourists_M definitions are comparable
    across years in reference_data.md § ACTIVITY_DATA.
    2019 → 2022: intensity 1,281 → 1,199 L/day  (-6.4%)
    ✓ Change within ±30% — plausible year-on-year variation.

  ── Check 2 — Total TWF numerator consistency (indirect + direct)
    ✓ 2015: indirect + direct = total  (27.374 + 1.210 = 28.584 bn m³)
    ✓ 2019: indirect + direct = total  (33.665 + 2.325 = 35.990 bn m³)
    ✓ 2022: indirect + direct = total  (28.113 + 2.158 = 30.271 bn m³)

  ── Check 3 — Domestic vs inbound tourist-days ratio
    ✓ 2015: dom 1432M × 10.0d = 14320M days  |  inb 8.03M × 21.0d = 169M days  |  ratio 85:1
    ✓ 2019: dom 2321M × 12.0d = 27852M days  |  inb 10.93M × 22.0d = 240M days  |  ratio 116:1
    ✓ 2022: dom 1731M × 14.5d = 25100M days  |  inb 8.58M × 17.5d = 150M days  |  ratio 167:1

  ── Check 4 — avg_stay_days data source and values
    ✓ AVG_STAY_DAYS contains non-default values.
    2015: domestic=10.0d  inbound=21.0d
    2019: domestic=12.0d  inbound=22.0d
    2022: domestic=14.5d  inbound=17.5d

  Indirect TWF by category — sector trends (2015 → 2022)
  Top 5 improved (fell most):
    Public Administration                          -65.8%
    Hotels & Restaurants                           -55.1%
    Financial Services                             -54.6%
    Health & Social Work                           -20.4%
    Railway Transport                              -13.7%
  Top 5 worsened (rose most):
    Leather Footwear                               +84.4%
    Other Services                                 +77.8%
    Beverages                                      +64.9%
    Electricity, Heat & Energy                     +56.3%
    Tobacco Products                               +55.6%

  ── Type I Water Multipliers (WL diagonal)
  ✓ Saved Total TWF  (3 rows)
  ✓ Saved Per-tourist  (3 rows)
  ✓ Saved Sector trends  (76 rows)
  ✓ Report written: /Users/kumar.aniket/Downloads/surveydata/tourism-water-footprint/twf-calculation/3-final-results/comparison/twf_comparison_report.txt
  ✓ Report written: /Users/kumar.aniket/Downloads/surveydata/tourism-water-footprint/twf-calculation/3-final-results/comparison/run_report_1771813000.md
  ✓ Done in 0.1s
