══════════════════════════════════════════════════════════════════════
  Log started : 2026-03-04 06:44:00
  Step        : compare_years
  Log file    : /Users/kumar.aniket/Documents/personal/research/tourism-water-footprint/twf-calculation/logs/compare_years_20260304_064400.log
══════════════════════════════════════════════════════════════════════

══════════════════════════════════════════════════════════════════════
  CROSS-YEAR TWF COMPARISON
══════════════════════════════════════════════════════════════════════

  Indirect TWF (bn m³)
  Year               Value       Abs_Chg     Pct_Chg          CAGR
  ──────────────────────────────────────────────────────────────
  2015              5.1534 bn m³        (base)
  2019              5.7608 bn m³  ↑    0.6074      +11.8%       +2.8%/yr
  2022              5.3846 bn m³  ↑    0.2312       +4.5%       +0.6%/yr

  Direct TWF BASE (bn m³)
  Year               Value       Abs_Chg     Pct_Chg          CAGR
  ──────────────────────────────────────────────────────────────
  2015              6.9709 bn m³        (base)
  2019             10.8877 bn m³  ↑    3.9168      +56.2%      +11.8%/yr
  2022              8.0497 bn m³  ↑    1.0788      +15.5%       +2.1%/yr

  Total TWF (bn m³)
  Year               Value       Abs_Chg     Pct_Chg          CAGR
  ──────────────────────────────────────────────────────────────
  2015             12.1243 bn m³        (base)
  2019             16.6485 bn m³  ↑    4.5242      +37.3%       +8.3%/yr
  2022             13.4343 bn m³  ↑    1.3100      +10.8%       +1.5%/yr

  Scarce TWF (bn m³; blue×WSI)
  Year               Value       Abs_Chg     Pct_Chg          CAGR
  ──────────────────────────────────────────────────────────────
  2015              2.7719 bn m³        (base)
  2019              2.6970 bn m³  ↓    0.0749       -2.7%       -0.7%/yr
  2022              2.8653 bn m³  ↑    0.0934       +3.4%       +0.5%/yr

  Outbound TWF (bn m³; PLACEHOLDER)
  Year               Value       Abs_Chg     Pct_Chg          CAGR
  ──────────────────────────────────────────────────────────────
  2015              1.8848 bn m³        (base)
  2019              2.5351 bn m³  ↑    0.6503      +34.5%       +7.7%/yr
  2022              0.6126 bn m³  ↓    1.2723      -67.5%      -14.8%/yr

  Net TWF balance (bn m³; +→importer)
  Year               Value       Abs_Chg     Pct_Chg          CAGR
  ──────────────────────────────────────────────────────────────
  2015              0.4470 bn m³        (base)
  2019              0.8653 bn m³  ↑    0.4184      +93.6%      +18.0%/yr
  2022             -1.0060 bn m³  ↓    1.4530     -325.1%    sign-cross
  WSI weights (Aqueduct 4.0): Agriculture=0.827  Industry=0.814  Services=0.000
  USD/INR rates used: 2015: ₹65.00/USD  |  2019: ₹70.00/USD  |  2022: ₹79.50/USD

  Total L/tourist/day (all)
  Year               Value       Abs_Chg     Pct_Chg          CAGR
  ──────────────────────────────────────────────────────────────
  2015           2340.0000 L/day        (base)
  2019           1667.0000 L/day  ↓  673.0000      -28.8%       -8.1%/yr
  2022           1521.0000 L/day  ↓  819.0000      -35.0%       -6.0%/yr

  Total L/tourist/day (domestic)
  Year               Value       Abs_Chg     Pct_Chg          CAGR
  ──────────────────────────────────────────────────────────────
  2015           2087.0000 L/day        (base)
  2019           1510.0000 L/day  ↓  577.0000      -27.6%       -7.8%/yr
  2022           1347.0000 L/day  ↓  740.0000      -35.5%       -6.1%/yr

  Total L/tourist/day (inbound)
  Year               Value       Abs_Chg     Pct_Chg          CAGR
  ──────────────────────────────────────────────────────────────
  2015           9872.0000 L/day        (base)
  2019           8034.0000 L/day  ↓ 1838.0000      -18.6%       -5.0%/yr
  2022          10114.0000 L/day  ↑  242.0000       +2.5%       +0.3%/yr

══════════════════════════════════════════════════════════════════════
  DATA QUALITY FLAGS
══════════════════════════════════════════════════════════════════════

  ── Check 1 — Per-tourist intensity change ──
       2015 → 2019: 2,340 → 1,667 L/day  (-28.8%)
       ✓ Change within ±30%
       2019 → 2022: 1,667 → 1,521 L/day  (-8.8%)
       ✓ Change within ±30%

  ── Check 2 — Total = indirect + direct ──
       ✓ 2015: 5.153 + 6.971 = 12.124 bn m³
       ✓ 2019: 5.761 + 10.888 = 16.648 bn m³
       ✓ 2022: 5.385 + 8.050 = 13.434 bn m³

  ── Check 3 — Domestic/inbound ratio ──
       ✓ 2015: dom 1432M × 3.5d  |  inb 8.03M × 21.0d  |  ratio 30:1
       ✓ 2019: dom 2321M × 4.2d  |  inb 10.93M × 22.0d  |  ratio 41:1
       ✓ 2022: dom 1731M × 5.0d  |  inb 8.58M × 20.5d  |  ratio 49:1

  ── Check 4 — avg_stay_days source ──
       2015: domestic=3.5d  inbound=21.0d
       2019: domestic=4.2d  inbound=22.0d
       2022: domestic=5.0d  inbound=20.5d

  Indirect TWF by category — sector trends (2015 → 2022)
  Top 5 improved (fell most):
    Railway Transport                              -79.0%
    Machinery Rental                               -57.7%
    Real Estate                                    -37.4%
    Public Admin & Education                       -22.9%
    Health & Social Work                           -18.5%
  Top 5 worsened (rose most):
    Leather Footwear                               +68.6%
    Other Services                                 +57.3%
    Other Chemicals                                +56.5%
    Paper Products                                 +53.6%
    Electricity, Heat & Energy                     +53.3%

══════════════════════════════════════════════════════════════════════
  TYPE I WATER MULTIPLIERS (WL diagonal — m³/₹ crore)
══════════════════════════════════════════════════════════════════════

  ── ⚠ 1 product(s) multiplier→zero in 2022 (EXIOBASE artefacts) ──
       ID     Product Name                                  2015          2022      Chg%
       ──────────────────────────────────────────────────────────────────────────────
       39     Mica                                       2799.41          0.00   -100.0%

  ── Genuine improvements (2015→2022) ──
       139    Community, social and personal serv        1392.31        201.10    -85.6%
       119    Hotels & Restaurant                       14690.79       2514.08    -82.9%
       140    Recreation, entertainment and radio        2475.38        426.02    -82.8%
       130    Real estate services                       1389.75        253.54    -81.8%
       125    Storage and warehousing                    3838.74       1185.91    -69.1%

  ── Genuine deteriorations (2015→2022) ──
       112    Miscellaneous manufacturing                2634.41       4723.15    +79.3%
       72     Coal tar products                          4086.94       6260.13    +53.2%
       32     Crude petroleum                            1377.13       2072.35    +50.5%
       71     Petroleum products                         3507.86       5206.68    +48.4%
       111    Gems & jewellery                            476.12        698.59    +46.7%

  ── Water Multiplier Ratio (WL[j] / economy-average) ──
       2015: 3 above avg, 21 below — max=3.83× min=0.04×

    Category_Name               Ratio (×avg)
    ──────────────────────────  ────────────
    Grain Mill & Bakery         3.833×      
    Processed Fruit/Veg         2.667×      
    Railway Transport           1.344×      
    Beverages                   0.777×      
    Electricity, Heat & Energy  0.549×      

       2019: 2 above avg, 22 below — max=4.46× min=0.05×

    Category_Name               Ratio (×avg)
    ──────────────────────────  ────────────
    Grain Mill & Bakery         4.458×      
    Processed Fruit/Veg         1.367×      
    Beverages                   0.834×      
    Electricity, Heat & Energy  0.740×      
    Railway Transport           0.723×      

       2022: 2 above avg, 22 below — max=4.14× min=0.03×

    Category_Name               Ratio (×avg)
    ──────────────────────────  ────────────
    Grain Mill & Bakery         4.145×      
    Processed Fruit/Veg         1.806×      
    Beverages                   0.770×      
    Electricity, Heat & Energy  0.607×      
    Textiles                    0.512×      

  ✓  Saved Total TWF  (3 rows → twf_total_all_years.csv)
  ✓  Saved Per-tourist  (3 rows → twf_per_tourist_intensity.csv)
  ✓  Saved Sector trends  (76 rows → twf_sector_trends.csv)
  ✓  Saved Type I multipliers  (140 rows → twf_type1_multipliers.csv)
  ✓  Saved Multiplier artefacts  (1 rows → twf_multiplier_artifacts.csv)
  ✓  Saved Multiplier ratios  (72 rows → twf_multiplier_ratio_all.csv)
  ✓  Report written: /Users/kumar.aniket/Documents/personal/research/tourism-water-footprint/twf-calculation/3-final-results/comparison/twf_comparison_report.txt
  ✓  Report written: /Users/kumar.aniket/Documents/personal/research/tourism-water-footprint/twf-calculation/3-final-results/comparison/run_report_1772574236.md
  ✓  Done in 0.1s

──────────────────────────────────────────────────────────────────────
  Step 'compare_years' finished  |  elapsed: 0.1s
  Warnings: 0  |  Errors: 0
