# Log started: 2026-02-23T14:31:59.192329

======================================================================
  CROSS-YEAR TWF COMPARISON
======================================================================

  Indirect TWF (bn m³)
  Year               Value       Abs_Chg     Pct_Chg          CAGR
  ──────────────────────────────────────────────────────────────
  2015             12.3871 bn m³        (base)
  2019              6.5374 bn m³  ↓    5.8497      -47.2%      -14.8%/yr
  2022              5.1515 bn m³  ↓    7.2356      -58.4%      -11.8%/yr

  Direct TWF BASE (bn m³)
  Year               Value       Abs_Chg     Pct_Chg          CAGR
  ──────────────────────────────────────────────────────────────
  2015              1.2101 bn m³        (base)
  2019              2.3245 bn m³  ↑    1.1144      +92.1%      +17.7%/yr
  2022              2.1576 bn m³  ↑    0.9475      +78.3%       +8.6%/yr

  Total TWF (bn m³)
  Year               Value       Abs_Chg     Pct_Chg          CAGR
  ──────────────────────────────────────────────────────────────
  2015             13.5971 bn m³        (base)
  2019              8.8619 bn m³  ↓    4.7352      -34.8%      -10.1%/yr
  2022              7.3091 bn m³  ↓    6.2880      -46.2%       -8.5%/yr

  L/tourist/day (all tourists)
  Year               Value       Abs_Chg     Pct_Chg          CAGR
  ──────────────────────────────────────────────────────────────
  2015            938.0000 L/day        (base)
  2019            315.0000 L/day  ↓  623.0000      -66.4%      -23.9%/yr
  2022            289.0000 L/day  ↓  649.0000      -69.2%      -15.5%/yr

======================================================================
  DATA QUALITY FLAGS
======================================================================

  ── Check 1 — Per-tourist intensity year-on-year change
    2015 → 2019: intensity 938 → 315 L/day  (-66.4%)
    ⚠ WARNING: intensity drop of -66.4% exceeds 30% threshold.
    Decomposition:
      Total TWF change:    -34.8%  (13.60 → 8.86 bn m³)
      Tourist-days change: +93.9%  (14488M → 28092M days)
    If tourist-days grew much faster than TWF, the likely cause is
    a methodology change in domestic tourist counting between survey
    rounds — NOT a genuine efficiency improvement.
    ACTION: Verify domestic_tourists_M definitions are comparable
    across years in reference_data.md § ACTIVITY_DATA.
    2019 → 2022: intensity 315 → 289 L/day  (-8.3%)
    ✓ Change within ±30% — plausible year-on-year variation.

  ── Check 2 — Total TWF numerator consistency (indirect + direct)
    ✓ 2015: indirect + direct = total  (12.387 + 1.210 = 13.597 bn m³)
    ✓ 2019: indirect + direct = total  (6.537 + 2.325 = 8.862 bn m³)
    ✓ 2022: indirect + direct = total  (5.151 + 2.158 = 7.309 bn m³)

  ── Check 3 — Domestic vs inbound tourist-days ratio
    ✓ 2015: dom 1432M × 10.0d = 14320M days  |  inb 8.03M × 21.0d = 169M days  |  ratio 85:1
    ✓ 2019: dom 2321M × 12.0d = 27852M days  |  inb 10.93M × 22.0d = 240M days  |  ratio 116:1
    ✓ 2022: dom 1731M × 14.5d = 25100M days  |  inb 8.58M × 17.5d = 150M days  |  ratio 167:1

  ── Check 4 — avg_stay_days data source and values
    ✓ AVG_STAY_DAYS contains non-default values.
    2015: domestic=10.0d  inbound=21.0d
    2019: domestic=12.0d  inbound=22.0d
    2022: domestic=14.5d  inbound=17.5d

  Indirect TWF by category — sector trends (2015 → 2022)
  Top 5 improved (fell most):
    Public Administration                          -94.7%
    Pipeline/Water Transport                       -90.7%
    Cultural & Rec Services                        -85.5%
    Financial Services                             -82.8%
    Leather Footwear                               -81.8%
  Top 5 worsened (rose most):
    Other Services                                  +7.0%
    Grain Mill & Bakery                            -12.2%
    Electricity, Heat & Energy                     -18.4%
    Processed Fruit/Veg                            -27.0%
    Printing/Publishing                            -35.3%

  ── Type I Water Multipliers (WL diagonal)
  ✓ Saved Total TWF  (3 rows)
  ✓ Saved Per-tourist  (3 rows)
  ✓ Saved Sector trends  (76 rows)
  ✓ Report written: /Users/kumar.aniket/Downloads/surveydata/tourism-water-footprint/twf-calculation/3-final-results/comparison/twf_comparison_report.txt
  ✓ Report written: /Users/kumar.aniket/Downloads/surveydata/tourism-water-footprint/twf-calculation/3-final-results/comparison/run_report_1771824716.md
  ✓ Done in 0.1s
