══════════════════════════════════════════════════════════════════════
  Log started : 2026-03-01 11:53:40
  Step        : compare_years
  Log file    : /Users/kumar.aniket/Documents/personal/research/tourism-water-footprint/twf-calculation/logs/compare_years_20260301_115340.log
══════════════════════════════════════════════════════════════════════

══════════════════════════════════════════════════════════════════════
  CROSS-YEAR TWF COMPARISON
══════════════════════════════════════════════════════════════════════

  Indirect TWF (bn m³)
  Year               Value       Abs_Chg     Pct_Chg          CAGR
  ──────────────────────────────────────────────────────────────
  2015              6.4591 bn m³        (base)
  2019              6.5898 bn m³  ↑    0.1307       +2.0%       +0.5%/yr
  2022              5.2168 bn m³  ↓    1.2423      -19.2%       -3.0%/yr

  Direct TWF BASE (bn m³)
  Year               Value       Abs_Chg     Pct_Chg          CAGR
  ──────────────────────────────────────────────────────────────
  2015              0.5228 bn m³        (base)
  2019              0.9303 bn m³  ↑    0.4075      +77.9%      +15.5%/yr
  2022              0.8561 bn m³  ↑    0.3333      +63.8%       +7.3%/yr

  Total TWF (bn m³)
  Year               Value       Abs_Chg     Pct_Chg          CAGR
  ──────────────────────────────────────────────────────────────
  2015              6.9818 bn m³        (base)
  2019              7.5201 bn m³  ↑    0.5383       +7.7%       +1.9%/yr
  2022              6.0729 bn m³  ↓    0.9089      -13.0%       -2.0%/yr
  USD/INR rates used: 2015: ₹65.00/USD  |  2019: ₹70.00/USD  |  2022: ₹79.50/USD

  Total L/tourist/day (all)
  Year               Value       Abs_Chg     Pct_Chg          CAGR
  ──────────────────────────────────────────────────────────────
  2015           1348.0000 L/day        (base)
  2019            753.0000 L/day  ↓  595.0000      -44.1%      -13.5%/yr
  2022            688.0000 L/day  ↓  660.0000      -49.0%       -9.2%/yr

  Total L/tourist/day (domestic)
  Year               Value       Abs_Chg     Pct_Chg          CAGR
  ──────────────────────────────────────────────────────────────
  2015            922.0000 L/day        (base)
  2019            534.0000 L/day  ↓  388.0000      -42.1%      -12.8%/yr
  2022            515.0000 L/day  ↓  407.0000      -44.1%       -8.0%/yr

  Total L/tourist/day (inbound)
  Year               Value       Abs_Chg     Pct_Chg          CAGR
  ──────────────────────────────────────────────────────────────
  2015          13768.0000 L/day        (base)
  2019           9400.0000 L/day  ↓ 4368.0000      -31.7%       -9.1%/yr
  2022           8843.0000 L/day  ↓ 4925.0000      -35.8%       -6.1%/yr

  Indirect L/tourist/day (all)
  Year               Value       Abs_Chg     Pct_Chg          CAGR
  ──────────────────────────────────────────────────────────────
  2015           1247.0000 L/day        (base)
  2019            660.0000 L/day  ↓  587.0000      -47.1%      -14.7%/yr
  2022            591.0000 L/day  ↓  656.0000      -52.6%      -10.1%/yr

  Direct L/tourist/day (all)
  Year               Value       Abs_Chg     Pct_Chg          CAGR
  ──────────────────────────────────────────────────────────────
  2015            101.0000 L/day        (base)
  2019             93.0000 L/day  ↓    8.0000       -7.9%       -2.0%/yr
  2022             97.0000 L/day  ↓    4.0000       -4.0%       -0.6%/yr

  NOTE — why L/tourist/day < hotel L/room/night coefficient:
  The denominator includes ALL tourist-days: day-trippers, pilgrims,
  VFR, business travellers — most of whom never stay in a classified
  hotel. Only ~50-80M hotel room-nights/yr exist vs 3-5 billion
  domestic tourist-days. The dilution is structural, not an error.
  To validate hotel coefficients independently, check:
    direct_twf_{year}.csv → Hotel_m3
  ÷ (classified_rooms × occupancy_rate × nights_per_year) in config.

══════════════════════════════════════════════════════════════════════
  DATA QUALITY FLAGS
══════════════════════════════════════════════════════════════════════

  ── Check 1 — Per-tourist intensity year-on-year change ──
       2015 → 2019: intensity 1,348 → 753 L/day  (-44.1%)
       ⚠ WARNING: intensity drop of -44.1% exceeds 30% threshold.
    Decomposition:
      Total TWF change:    +7.7%  (6.98 → 7.52 bn m³)
      Tourist-days change: +92.8%  (5181M → 9989M days)
    If tourist-days grew much faster than TWF, the likely cause is
    a methodology change in domestic tourist counting between survey
    rounds — NOT a genuine efficiency improvement.
    ACTION: Verify domestic_tourists_M definitions are comparable
    across years in reference_data.md § ACTIVITY_DATA.
       2019 → 2022: intensity 753 → 688 L/day  (-8.6%)
       ✓ Change within ±30% — plausible year-on-year variation.

  ── Check 2 — Total TWF numerator consistency (indirect + direct) ──
       ✓ 2015: indirect + direct = total  (6.459 + 0.523 = 6.982 bn m³)
       ✓ 2019: indirect + direct = total  (6.590 + 0.930 = 7.520 bn m³)
       ✓ 2022: indirect + direct = total  (5.217 + 0.856 = 6.073 bn m³)

  ── Check 3 — Domestic vs inbound tourist-days ratio ──
       ✓ 2015: dom 1432M × 3.5d = 5012M days  |  inb 8.03M × 21.0d = 169M days  |  ratio 30:1
       ✓ 2019: dom 2321M × 4.2d = 9748M days  |  inb 10.93M × 22.0d = 240M days  |  ratio 41:1
       ✓ 2022: dom 1731M × 5.0d = 8655M days  |  inb 8.58M × 20.5d = 176M days  |  ratio 49:1

  ── Check 4 — avg_stay_days data source and values ──
       ✓ AVG_STAY_DAYS contains non-default values.
       2015: domestic=3.5d  inbound=21.0d
       2019: domestic=4.2d  inbound=22.0d
       2022: domestic=5.0d  inbound=20.5d

  Indirect TWF by category — sector trends (2015 → 2022)
  Top 5 improved (fell most):
    Hotels & Restaurants                           -74.0%
    Public Administration                          -66.1%
    Financial Services                             -49.9%
    Health & Social Work                           -18.5%
    Processed Fruit/Veg                             -8.6%
  Top 5 worsened (rose most):
    Leather Footwear                               +67.3%
    Machinery Rental                               +67.3%
    Other Services                                 +57.3%
    Other Chemicals                                +56.5%
    Paper Products                                 +53.6%

  ── Type I Water Multipliers (WL diagonal) ──

  ── WARNING: 1 product(s) multiplier went to zero in 2022 — EXIOBASE data artefacts, NOT efficiency gains ──
       A genuine improvement would stay > 0 in both years.  These products were revised to zero in EXIOBASE and must NOT  be reported as efficiency improvements in publications.  Cross-check F.txt in IOT_2022_ixi for the EXIOBASE codes below.
     
  ID     Product Name                          EXIOBASE Code(s)              2015          2022      Chg%
       ──────────────────────────────────────────────────────────────────────────────────────────────────────
       39     Mica                                  IN.27, IN.28, IN.29        2799.41          0.00   -100.0%

  ── Genuine improvements (2015→2022, multiplier > 0 in both years) ──
       ID     Product Name                                  2015          2022      Chg%
       ──────────────────────────────────────────────────────────────────────────────
       139    Community, social and personal serv        1392.31        201.10    -85.6%
       119    Hotels & Restaurant                       14690.79       2514.08    -82.9%
       140    Recreation, entertainment and radio        2475.38        426.02    -82.8%
       130    Real estate services                       1389.75        253.54    -81.8%
       125    Storage and warehousing                    3838.74       1185.91    -69.1%

  ── Genuine deteriorations (2015→2022, multiplier increased) ──
       ID     Product Name                                  2015          2022      Chg%
       ──────────────────────────────────────────────────────────────────────────────
       112    Miscellaneous manufacturing                2634.41       4723.15    +79.3%
       72     Coal tar products                          4086.94       6260.13    +53.2%
       32     Crude petroleum                            1377.13       2072.35    +50.5%
       71     Petroleum products                         3507.86       5206.68    +48.4%
       111    Gems & jewellery                            476.12        698.59    +46.7%
  ✓  Saved Total TWF  (3 rows → twf_total_all_years.csv)
  ✓  Saved Per-tourist  (3 rows → twf_per_tourist_intensity.csv)
  ✓  Saved Sector trends  (78 rows → twf_sector_trends.csv)
  ✓  Saved Type I multipliers  (140 rows → twf_type1_multipliers.csv)
  ✓  Saved Multiplier artefacts  (1 rows → twf_multiplier_artifacts.csv)
  ✓  Report written: /Users/kumar.aniket/Documents/personal/research/tourism-water-footprint/twf-calculation/3-final-results/comparison/twf_comparison_report.txt
  ✓  Report written: /Users/kumar.aniket/Documents/personal/research/tourism-water-footprint/twf-calculation/3-final-results/comparison/run_report_1772333618.md
  ✓  Done in 0.1s

──────────────────────────────────────────────────────────────────────
  Step 'compare_years' finished  |  elapsed: 0.1s
  Warnings: 0  |  Errors: 0
