# Log started: 2026-02-23T07:38:39.991457

======================================================================
  CROSS-YEAR TWF COMPARISON
======================================================================

  Indirect TWF (bn m³)
  Year               Value       Abs_Chg     Pct_Chg          CAGR
  ──────────────────────────────────────────────────────────────
  2015             64.4741 bn m³        (base)
  2019             33.6651 bn m³  ↓   30.8090      -47.8%      -15.0%/yr
  2022             29.0966 bn m³  ↓   35.3775      -54.9%      -10.7%/yr

  Direct TWF BASE (bn m³)
  Year               Value       Abs_Chg     Pct_Chg          CAGR
  ──────────────────────────────────────────────────────────────
  2015              1.2101 bn m³        (base)
  2019              2.3245 bn m³  ↑    1.1144      +92.1%      +17.7%/yr
  2022              2.1576 bn m³  ↑    0.9475      +78.3%       +8.6%/yr

  Total TWF (bn m³)
  Year               Value       Abs_Chg     Pct_Chg          CAGR
  ──────────────────────────────────────────────────────────────
  2015             65.6842 bn m³        (base)
  2019             35.9896 bn m³  ↓   29.6946      -45.2%      -14.0%/yr
  2022             31.2542 bn m³  ↓   34.4300      -52.4%      -10.1%/yr

  L/tourist/day (all tourists)
  Year               Value       Abs_Chg     Pct_Chg          CAGR
  ──────────────────────────────────────────────────────────────
  2015           4534.0000 L/day        (base)
  2019           1281.0000 L/day  ↓ 3253.0000      -71.7%      -27.1%/yr
  2022           1238.0000 L/day  ↓ 3296.0000      -72.7%      -16.9%/yr

======================================================================
  DATA QUALITY FLAGS
======================================================================

  ── Check 1 — Per-tourist intensity year-on-year change
    2015 → 2019: intensity 4,534 → 1,281 L/day  (-71.7%)
    ⚠ WARNING: intensity drop of -71.7% exceeds 30% threshold.
    Decomposition:
      Total TWF change:    -45.2%  (65.68 → 35.99 bn m³)
      Tourist-days change: +93.9%  (14488M → 28092M days)
    If tourist-days grew much faster than TWF, the likely cause is
    a methodology change in domestic tourist counting between survey
    rounds — NOT a genuine efficiency improvement.
    ACTION: Verify domestic_tourists_M definitions are comparable
    across years in reference_data.md § ACTIVITY_DATA.
    2019 → 2022: intensity 1,281 → 1,238 L/day  (-3.4%)
    ✓ Change within ±30% — plausible year-on-year variation.

  ── Check 2 — Total TWF numerator consistency (indirect + direct)
    ✓ 2015: indirect + direct = total  (64.474 + 1.210 = 65.684 bn m³)
    ✓ 2019: indirect + direct = total  (33.665 + 2.325 = 35.990 bn m³)
    ✓ 2022: indirect + direct = total  (29.097 + 2.158 = 31.254 bn m³)

  ── Check 3 — Domestic vs inbound tourist-days ratio
    ✓ 2015: dom 1432M × 10.0d = 14320M days  |  inb 8.03M × 21.0d = 169M days  |  ratio 85:1
    ✓ 2019: dom 2321M × 12.0d = 27852M days  |  inb 10.93M × 22.0d = 240M days  |  ratio 116:1
    ✓ 2022: dom 1731M × 14.5d = 25100M days  |  inb 8.58M × 17.5d = 150M days  |  ratio 167:1

  ── Check 4 — avg_stay_days data source and values
    ✓ AVG_STAY_DAYS contains non-default values.
    2015: domestic=10.0d  inbound=21.0d
    2019: domestic=12.0d  inbound=22.0d
    2022: domestic=14.5d  inbound=17.5d

  Indirect TWF by category — sector trends (2015 → 2022)
  Top 5 improved (fell most):
    Public Administration                          -94.8%
    Pipeline/Water Transport                       -90.7%
    Cultural & Rec Services                        -84.9%
    Financial Services                             -82.1%
    Leather Footwear                               -74.5%
  Top 5 worsened (rose most):
    Other Services                                  +0.4%
    Grain Mill & Bakery                            -18.4%
    Processed Fruit/Veg                            -20.2%
    Electricity, Heat & Energy                     -23.7%
    Printing/Publishing                            -33.1%

  ── Type I Water Multipliers (WL diagonal)
  ✓ Saved Total TWF  (3 rows)
  ✓ Saved Per-tourist  (3 rows)
  ✓ Saved Sector trends  (76 rows)
  ✓ Report written: /Users/kumar.aniket/Downloads/surveydata/tourism-water-footprint/twf-calculation/3-final-results/comparison/twf_comparison_report.txt
  ✓ Report written: /Users/kumar.aniket/Downloads/surveydata/tourism-water-footprint/twf-calculation/3-final-results/comparison/run_report_1771799916.md
  ✓ Done in 0.1s
