# Log started: 2026-02-22T14:52:49.502396

======================================================================
  CROSS-YEAR TWF COMPARISON
======================================================================

  Indirect TWF (bn m³)
  Year               Value       Abs_Chg     Pct_Chg          CAGR
  ──────────────────────────────────────────────────────────────
  2015            133.2165 bn m³        (base)
  2019             71.9044 bn m³  ↓   61.3121      -46.0%      -14.3%/yr
  2022             64.7147 bn m³  ↓   68.5018      -51.4%       -9.8%/yr

  Direct TWF BASE (bn m³)
  Year               Value       Abs_Chg     Pct_Chg          CAGR
  ──────────────────────────────────────────────────────────────
  2015              1.2101 bn m³        (base)
  2019              2.3245 bn m³  ↑    1.1144      +92.1%      +17.7%/yr
  2022              2.1576 bn m³  ↑    0.9475      +78.3%       +8.6%/yr

  Total TWF (bn m³)
  Year               Value       Abs_Chg     Pct_Chg          CAGR
  ──────────────────────────────────────────────────────────────
  2015            134.4265 bn m³        (base)
  2019             74.2289 bn m³  ↓   60.1976      -44.8%      -13.8%/yr
  2022             66.8723 bn m³  ↓   67.5542      -50.3%       -9.5%/yr

  L/tourist/day (all tourists)
  Year               Value       Abs_Chg     Pct_Chg          CAGR
  ──────────────────────────────────────────────────────────────
  2015           9278.0000 L/day        (base)
  2019           2642.0000 L/day  ↓ 6636.0000      -71.5%      -27.0%/yr
  2022           2648.0000 L/day  ↓ 6630.0000      -71.5%      -16.4%/yr

======================================================================
  DATA QUALITY FLAGS
======================================================================

  ── Check 1 — Per-tourist intensity year-on-year change
    2015 → 2019: intensity 9,278 → 2,642 L/day  (-71.5%)
    ⚠ WARNING: intensity drop of -71.5% exceeds 30% threshold.
    Decomposition:
      Total TWF change:    -44.8%  (134.43 → 74.23 bn m³)
      Tourist-days change: +93.9%  (14488M → 28092M days)
    If tourist-days grew much faster than TWF, the likely cause is
    a methodology change in domestic tourist counting between survey
    rounds — NOT a genuine efficiency improvement.
    ACTION: Verify domestic_tourists_M definitions are comparable
    across years in reference_data.md § ACTIVITY_DATA.
    2019 → 2022: intensity 2,642 → 2,648 L/day  (+0.2%)
    ✓ Change within ±30% — plausible year-on-year variation.

  ── Check 2 — Total TWF numerator consistency (indirect + direct)
    ✓ 2015: indirect + direct = total  (133.216 + 1.210 = 134.427 bn m³)
    ✓ 2019: indirect + direct = total  (71.904 + 2.325 = 74.229 bn m³)
    ✓ 2022: indirect + direct = total  (64.715 + 2.158 = 66.872 bn m³)

  ── Check 3 — Domestic vs inbound tourist-days ratio
    ✓ 2015: dom 1432M × 10.0d = 14320M days  |  inb 8.03M × 21.0d = 169M days  |  ratio 85:1
    ✓ 2019: dom 2321M × 12.0d = 27852M days  |  inb 10.93M × 22.0d = 240M days  |  ratio 116:1
    ✓ 2022: dom 1731M × 14.5d = 25100M days  |  inb 8.58M × 17.5d = 150M days  |  ratio 167:1

  ── Check 4 — avg_stay_days data source and values
    ✓ AVG_STAY_DAYS contains non-default values.
    2015: domestic=10.0d  inbound=21.0d
    2019: domestic=12.0d  inbound=22.0d
    2022: domestic=14.5d  inbound=17.5d

  Indirect TWF by category — sector trends (2015 → 2022)
  Top 5 improved (fell most):
    Public Administration                          -94.3%
    Pipeline/Water Transport                       -90.8%
    Cultural & Rec Services                        -83.9%
    Financial Services                             -82.7%
    Health & Social Work                           -75.5%
  Top 5 worsened (rose most):
    Other Services                                  +6.0%
    Grain Mill & Bakery                             -3.3%
    Processed Fruit/Veg                            -23.1%
    Electricity, Heat & Energy                     -24.1%
    Printing/Publishing                            -42.7%

  ── Type I Water Multipliers (WL diagonal)
  ✓ Saved Total TWF  (3 rows)
  ✓ Saved Per-tourist  (3 rows)
  ✓ Saved Sector trends  (76 rows)
  ✓ Report written: /Users/kumar.aniket/Downloads/surveydata/tourism-water-footprint/twf-calculation/3-final-results/comparison/twf_comparison_report.txt
  ✓ Report written: /Users/kumar.aniket/Downloads/surveydata/tourism-water-footprint/twf-calculation/3-final-results/comparison/run_report_1771739566.md
  ✓ Done in 0.0s
