# Log started: 2026-02-22T13:52:13.287508

======================================================================
  CROSS-YEAR TWF COMPARISON
======================================================================

  Indirect TWF (bn m³)
  Year               Value       Abs_Chg     Pct_Chg          CAGR
  ──────────────────────────────────────────────────────────────
  2015             55.2542 bn m³        (base)
  2019             33.7506 bn m³  ↓   21.5036      -38.9%      -11.6%/yr
  2022             31.2127 bn m³  ↓   24.0415      -43.5%       -7.8%/yr

  Direct TWF BASE (bn m³)
  Year               Value       Abs_Chg     Pct_Chg          CAGR
  ──────────────────────────────────────────────────────────────
  2015              1.2101 bn m³        (base)
  2019              2.3245 bn m³  ↑    1.1144      +92.1%      +17.7%/yr
  2022              2.1576 bn m³  ↑    0.9475      +78.3%       +8.6%/yr

  Total TWF (bn m³)
  Year               Value       Abs_Chg     Pct_Chg          CAGR
  ──────────────────────────────────────────────────────────────
  2015             56.4642 bn m³        (base)
  2019             36.0751 bn m³  ↓   20.3891      -36.1%      -10.6%/yr
  2022             33.3703 bn m³  ↓   23.0939      -40.9%       -7.2%/yr

  L/tourist/day (all tourists)
  Year               Value       Abs_Chg     Pct_Chg          CAGR
  ──────────────────────────────────────────────────────────────
  2015           3897.0000 L/day        (base)
  2019           1284.0000 L/day  ↓ 2613.0000      -67.1%      -24.2%/yr
  2022           1322.0000 L/day  ↓ 2575.0000      -66.1%      -14.3%/yr

======================================================================
  DATA QUALITY FLAGS
======================================================================

  ── Check 1 — Per-tourist intensity year-on-year change
    2015 → 2019: intensity 3,897 → 1,284 L/day  (-67.1%)
    ⚠ WARNING: intensity drop of -67.1% exceeds 30% threshold.
    Decomposition:
      Total TWF change:    -36.1%  (56.46 → 36.08 bn m³)
      Tourist-days change: +93.9%  (14488M → 28092M days)
    If tourist-days grew much faster than TWF, the likely cause is
    a methodology change in domestic tourist counting between survey
    rounds — NOT a genuine efficiency improvement.
    ACTION: Verify domestic_tourists_M definitions are comparable
    across years in reference_data.md § ACTIVITY_DATA.
    2019 → 2022: intensity 1,284 → 1,322 L/day  (+3.0%)
    ✓ Change within ±30% — plausible year-on-year variation.

  ── Check 2 — Total TWF numerator consistency (indirect + direct)
    ✓ 2015: indirect + direct = total  (55.254 + 1.210 = 56.464 bn m³)
    ✓ 2019: indirect + direct = total  (33.751 + 2.325 = 36.075 bn m³)
    ✓ 2022: indirect + direct = total  (31.213 + 2.158 = 33.370 bn m³)

  ── Check 3 — Domestic vs inbound tourist-days ratio
    ✓ 2015: dom 1432M × 10.0d = 14320M days  |  inb 8.03M × 21.0d = 169M days  |  ratio 85:1
    ✓ 2019: dom 2321M × 12.0d = 27852M days  |  inb 10.93M × 22.0d = 240M days  |  ratio 116:1
    ✓ 2022: dom 1731M × 14.5d = 25100M days  |  inb 8.58M × 17.5d = 150M days  |  ratio 167:1

  ── Check 4 — avg_stay_days data source and values
    ✓ AVG_STAY_DAYS contains non-default values.
    2015: domestic=10.0d  inbound=21.0d
    2019: domestic=12.0d  inbound=22.0d
    2022: domestic=14.5d  inbound=17.5d

  Indirect TWF by category — sector trends (2015 → 2022)
  Top 5 improved (fell most):
    Public Administration                          -93.1%
    Pipeline/Water Transport                       -87.6%
    Cultural & Rec Services                        -79.9%
    Financial Services                             -76.5%
    Leather Footwear                               -69.0%
  Top 5 worsened (rose most):
    Other Services                                 +26.8%
    Electricity, Heat & Energy                     +12.7%
    Grain Mill & Bakery                             +5.8%
    Processed Fruit/Veg                             -6.7%
    Printing/Publishing                             -8.7%

  ── Type I Water Multipliers (WL diagonal)
  ✓ Saved Total TWF  (3 rows)
  ✓ Saved Per-tourist  (3 rows)
  ✓ Saved Sector trends  (76 rows)
  ✓ Report written: /Users/kumar.aniket/Downloads/surveydata/tourism-water-footprint/twf-calculation/3-final-results/comparison/twf_comparison_report.txt
  ✓ Report written: /Users/kumar.aniket/Downloads/surveydata/tourism-water-footprint/twf-calculation/3-final-results/comparison/run_report_1771735930.md
  ✓ Done in 0.1s
