# Log started: 2026-02-23T06:42:48.877978

======================================================================
  CROSS-YEAR TWF COMPARISON
======================================================================

  Indirect TWF (bn m³)
  Year               Value       Abs_Chg     Pct_Chg          CAGR
  ──────────────────────────────────────────────────────────────
  2015            604.1820 bn m³        (base)
  2019             33.6651 bn m³  ↓  570.5169      -94.4%      -51.4%/yr
  2022             29.0966 bn m³  ↓  575.0854      -95.2%      -35.2%/yr

  Direct TWF BASE (bn m³)
  Year               Value       Abs_Chg     Pct_Chg          CAGR
  ──────────────────────────────────────────────────────────────
  2015              1.2101 bn m³        (base)
  2019              2.3245 bn m³  ↑    1.1144      +92.1%      +17.7%/yr
  2022              2.1576 bn m³  ↑    0.9475      +78.3%       +8.6%/yr

  Total TWF (bn m³)
  Year               Value       Abs_Chg     Pct_Chg          CAGR
  ──────────────────────────────────────────────────────────────
  2015            605.3921 bn m³        (base)
  2019             35.9896 bn m³  ↓  569.4025      -94.1%      -50.6%/yr
  2022             31.2542 bn m³  ↓  574.1379      -94.8%      -34.5%/yr

  L/tourist/day (all tourists)
  Year               Value       Abs_Chg     Pct_Chg          CAGR
  ──────────────────────────────────────────────────────────────
  2015          41785.0000 L/day        (base)
  2019           1281.0000 L/day  ↓40504.0000      -96.9%      -58.2%/yr
  2022           1238.0000 L/day  ↓40547.0000      -97.0%      -39.5%/yr

======================================================================
  DATA QUALITY FLAGS
======================================================================

  ── Check 1 — Per-tourist intensity year-on-year change
    2015 → 2019: intensity 41,785 → 1,281 L/day  (-96.9%)
    ⚠ WARNING: intensity drop of -96.9% exceeds 30% threshold.
    Decomposition:
      Total TWF change:    -94.1%  (605.39 → 35.99 bn m³)
      Tourist-days change: +93.9%  (14488M → 28092M days)
    If tourist-days grew much faster than TWF, the likely cause is
    a methodology change in domestic tourist counting between survey
    rounds — NOT a genuine efficiency improvement.
    ACTION: Verify domestic_tourists_M definitions are comparable
    across years in reference_data.md § ACTIVITY_DATA.
    2019 → 2022: intensity 1,281 → 1,238 L/day  (-3.4%)
    ✓ Change within ±30% — plausible year-on-year variation.

  ── Check 2 — Total TWF numerator consistency (indirect + direct)
    ✓ 2015: indirect + direct = total  (604.182 + 1.210 = 605.392 bn m³)
    ✓ 2019: indirect + direct = total  (33.665 + 2.325 = 35.990 bn m³)
    ✓ 2022: indirect + direct = total  (29.097 + 2.158 = 31.254 bn m³)

  ── Check 3 — Domestic vs inbound tourist-days ratio
    ✓ 2015: dom 1432M × 10.0d = 14320M days  |  inb 8.03M × 21.0d = 169M days  |  ratio 85:1
    ✓ 2019: dom 2321M × 12.0d = 27852M days  |  inb 10.93M × 22.0d = 240M days  |  ratio 116:1
    ✓ 2022: dom 1731M × 14.5d = 25100M days  |  inb 8.58M × 17.5d = 150M days  |  ratio 167:1

  ── Check 4 — avg_stay_days data source and values
    ✓ AVG_STAY_DAYS contains non-default values.
    2015: domestic=10.0d  inbound=21.0d
    2019: domestic=12.0d  inbound=22.0d
    2022: domestic=14.5d  inbound=17.5d

  Indirect TWF by category — sector trends (2015 → 2022)
  Top 5 improved (fell most):
    Public Administration                          -99.5%
    Cultural & Rec Services                        -99.4%
    Pipeline/Water Transport                       -99.3%
    Health & Social Work                           -98.4%
    Real Estate                                    -98.3%
  Top 5 worsened (rose most):
    Grain Mill & Bakery                            -66.7%
    Processed Fruit/Veg                            -79.4%
    Electricity, Heat & Energy                     -88.2%
    Beverages                                      -91.5%
    Textiles                                       -93.0%

  ── Type I Water Multipliers (WL diagonal)
  ✓ Saved Total TWF  (3 rows)
  ✓ Saved Per-tourist  (3 rows)
  ✓ Saved Sector trends  (76 rows)
  ✓ Report written: /Users/kumar.aniket/Downloads/surveydata/tourism-water-footprint/twf-calculation/3-final-results/comparison/twf_comparison_report.txt
  ✓ Report written: /Users/kumar.aniket/Downloads/surveydata/tourism-water-footprint/twf-calculation/3-final-results/comparison/run_report_1771796565.md
  ✓ Done in 0.1s
