# Log started: 2026-02-23T10:52:40.637370

======================================================================
  CROSS-YEAR TWF COMPARISON
======================================================================

  Indirect TWF (bn m³)
  Year               Value       Abs_Chg     Pct_Chg          CAGR
  ──────────────────────────────────────────────────────────────
  2015             12.4370 bn m³        (base)
  2019              6.5374 bn m³  ↓    5.8996      -47.4%      -14.9%/yr
  2022              5.1515 bn m³  ↓    7.2855      -58.6%      -11.8%/yr

  Direct TWF BASE (bn m³)
  Year               Value       Abs_Chg     Pct_Chg          CAGR
  ──────────────────────────────────────────────────────────────
  2015              1.2101 bn m³        (base)
  2019              2.3245 bn m³  ↑    1.1144      +92.1%      +17.7%/yr
  2022              2.1576 bn m³  ↑    0.9475      +78.3%       +8.6%/yr

  Total TWF (bn m³)
  Year               Value       Abs_Chg     Pct_Chg          CAGR
  ──────────────────────────────────────────────────────────────
  2015             13.6471 bn m³        (base)
  2019              8.8619 bn m³  ↓    4.7852      -35.1%      -10.2%/yr
  2022              7.3091 bn m³  ↓    6.3380      -46.4%       -8.5%/yr

  L/tourist/day (all tourists)
  Year               Value       Abs_Chg     Pct_Chg          CAGR
  ──────────────────────────────────────────────────────────────
  2015            942.0000 L/day        (base)
  2019            315.0000 L/day  ↓  627.0000      -66.6%      -24.0%/yr
  2022            289.0000 L/day  ↓  653.0000      -69.3%      -15.5%/yr

======================================================================
  DATA QUALITY FLAGS
======================================================================

  ── Check 1 — Per-tourist intensity year-on-year change
    2015 → 2019: intensity 942 → 315 L/day  (-66.6%)
    ⚠ WARNING: intensity drop of -66.6% exceeds 30% threshold.
    Decomposition:
      Total TWF change:    -35.1%  (13.65 → 8.86 bn m³)
      Tourist-days change: +93.9%  (14488M → 28092M days)
    If tourist-days grew much faster than TWF, the likely cause is
    a methodology change in domestic tourist counting between survey
    rounds — NOT a genuine efficiency improvement.
    ACTION: Verify domestic_tourists_M definitions are comparable
    across years in reference_data.md § ACTIVITY_DATA.
    2019 → 2022: intensity 315 → 289 L/day  (-8.3%)
    ✓ Change within ±30% — plausible year-on-year variation.

  ── Check 2 — Total TWF numerator consistency (indirect + direct)
    ✓ 2015: indirect + direct = total  (12.437 + 1.210 = 13.647 bn m³)
    ✓ 2019: indirect + direct = total  (6.537 + 2.325 = 8.862 bn m³)
    ✓ 2022: indirect + direct = total  (5.151 + 2.158 = 7.309 bn m³)

  ── Check 3 — Domestic vs inbound tourist-days ratio
    ✓ 2015: dom 1432M × 10.0d = 14320M days  |  inb 8.03M × 21.0d = 169M days  |  ratio 85:1
    ✓ 2019: dom 2321M × 12.0d = 27852M days  |  inb 10.93M × 22.0d = 240M days  |  ratio 116:1
    ✓ 2022: dom 1731M × 14.5d = 25100M days  |  inb 8.58M × 17.5d = 150M days  |  ratio 167:1

  ── Check 4 — avg_stay_days data source and values
    ✓ AVG_STAY_DAYS contains non-default values.
    2015: domestic=10.0d  inbound=21.0d
    2019: domestic=12.0d  inbound=22.0d
    2022: domestic=14.5d  inbound=17.5d

  Indirect TWF by category — sector trends (2015 → 2022)
  Top 5 improved (fell most):
    Public Administration                          -94.7%
    Pipeline/Water Transport                       -90.7%
    Cultural & Rec Services                        -85.5%
    Financial Services                             -82.9%
    Leather Footwear                               -81.9%
  Top 5 worsened (rose most):
    Other Services                                  +6.9%
    Grain Mill & Bakery                            -12.3%
    Electricity, Heat & Energy                     -18.5%
    Processed Fruit/Veg                            -27.1%
    Printing/Publishing                            -35.8%

  ── Type I Water Multipliers (WL diagonal)
  ✓ Saved Total TWF  (3 rows)
  ✓ Saved Per-tourist  (3 rows)
  ✓ Saved Sector trends  (76 rows)
  ✓ Report written: /Users/kumar.aniket/Downloads/surveydata/tourism-water-footprint/twf-calculation/3-final-results/comparison/twf_comparison_report.txt
  ✓ Report written: /Users/kumar.aniket/Downloads/surveydata/tourism-water-footprint/twf-calculation/3-final-results/comparison/run_report_1771811557.md
  ✓ Done in 0.1s
