# Log started: 2026-02-23T11:00:29.958943

======================================================================
  CROSS-YEAR TWF COMPARISON
======================================================================

  Indirect TWF (bn m³)
  Year               Value       Abs_Chg     Pct_Chg          CAGR
  ──────────────────────────────────────────────────────────────
  2015              0.2351 bn m³        (base)
  2019              6.5374 bn m³  ↑    6.3023    +2680.7%     +129.6%/yr
  2022              5.1515 bn m³  ↑    4.9164    +2091.2%      +55.4%/yr

  Direct TWF BASE (bn m³)
  Year               Value       Abs_Chg     Pct_Chg          CAGR
  ──────────────────────────────────────────────────────────────
  2015              1.2101 bn m³        (base)
  2019              2.3245 bn m³  ↑    1.1144      +92.1%      +17.7%/yr
  2022              2.1576 bn m³  ↑    0.9475      +78.3%       +8.6%/yr

  Total TWF (bn m³)
  Year               Value       Abs_Chg     Pct_Chg          CAGR
  ──────────────────────────────────────────────────────────────
  2015              1.4452 bn m³        (base)
  2019              8.8619 bn m³  ↑    7.4167     +513.2%      +57.4%/yr
  2022              7.3091 bn m³  ↑    5.8639     +405.8%      +26.1%/yr

  L/tourist/day (all tourists)
  Year               Value       Abs_Chg     Pct_Chg          CAGR
  ──────────────────────────────────────────────────────────────
  2015            100.0000 L/day        (base)
  2019            315.0000 L/day  ↑  215.0000     +215.0%      +33.2%/yr
  2022            289.0000 L/day  ↑  189.0000     +189.0%      +16.4%/yr

======================================================================
  DATA QUALITY FLAGS
======================================================================

  ── Check 1 — Per-tourist intensity year-on-year change
    2015 → 2019: intensity 100 → 315 L/day  (+215.0%)
    ⚠ WARNING: intensity RISE of 215.0% exceeds 30% threshold.
    Check whether tourist volumes dropped due to COVID or data revision.
    2019 → 2022: intensity 315 → 289 L/day  (-8.3%)
    ✓ Change within ±30% — plausible year-on-year variation.

  ── Check 2 — Total TWF numerator consistency (indirect + direct)
    ✓ 2015: indirect + direct = total  (0.235 + 1.210 = 1.445 bn m³)
    ✓ 2019: indirect + direct = total  (6.537 + 2.325 = 8.862 bn m³)
    ✓ 2022: indirect + direct = total  (5.151 + 2.158 = 7.309 bn m³)

  ── Check 3 — Domestic vs inbound tourist-days ratio
    ✓ 2015: dom 1432M × 10.0d = 14320M days  |  inb 8.03M × 21.0d = 169M days  |  ratio 85:1
    ✓ 2019: dom 2321M × 12.0d = 27852M days  |  inb 10.93M × 22.0d = 240M days  |  ratio 116:1
    ✓ 2022: dom 1731M × 14.5d = 25100M days  |  inb 8.58M × 17.5d = 150M days  |  ratio 167:1

  ── Check 4 — avg_stay_days data source and values
    ✓ AVG_STAY_DAYS contains non-default values.
    2015: domestic=10.0d  inbound=21.0d
    2019: domestic=12.0d  inbound=22.0d
    2022: domestic=14.5d  inbound=17.5d

  Indirect TWF by category — sector trends (2015 → 2022)
  Top 5 improved (fell most):
    Electricity, Heat & Energy                     +72.3%
    Beverages                                     +168.8%
    Paper Products                                +411.4%
    Printing/Publishing                           +676.2%
    Grain Mill & Bakery                          +1435.8%
  Top 5 worsened (rose most):
    Tobacco Products                            +264037.5%
    Processed Fruit/Veg                         +16566.7%
    Leather Footwear                             +9718.1%
    Textiles                                     +2224.7%
    Ready Made Garments                          +1905.5%

  ── Type I Water Multipliers (WL diagonal)
  ✓ Saved Total TWF  (3 rows)
  ✓ Saved Per-tourist  (3 rows)
  ✓ Saved Sector trends  (76 rows)
  ✓ Report written: /Users/kumar.aniket/Downloads/surveydata/tourism-water-footprint/twf-calculation/3-final-results/comparison/twf_comparison_report.txt
  ✓ Report written: /Users/kumar.aniket/Downloads/surveydata/tourism-water-footprint/twf-calculation/3-final-results/comparison/run_report_1771812026.md
  ✓ Done in 0.1s
