══════════════════════════════════════════════════════════════════════
  Log started : 2026-03-03 21:06:50
  Step        : compare_years
  Log file    : /Users/kumar.aniket/Documents/personal/research/tourism-water-footprint/twf-calculation/logs/compare_years_20260303_210650.log
══════════════════════════════════════════════════════════════════════

══════════════════════════════════════════════════════════════════════
  CROSS-YEAR TWF COMPARISON
══════════════════════════════════════════════════════════════════════

  Indirect TWF (bn m³)
  Year               Value       Abs_Chg     Pct_Chg          CAGR
  ──────────────────────────────────────────────────────────────
  2015              5.1534 bn m³        (base)
  2019              5.7608 bn m³  ↑    0.6074      +11.8%       +2.8%/yr
  2022              5.3846 bn m³  ↑    0.2312       +4.5%       +0.6%/yr

  Direct TWF BASE (bn m³)
  Year               Value       Abs_Chg     Pct_Chg          CAGR
  ──────────────────────────────────────────────────────────────
  2015              0.5228 bn m³        (base)
  2019              0.9303 bn m³  ↑    0.4075      +77.9%      +15.5%/yr
  2022              0.8561 bn m³  ↑    0.3333      +63.8%       +7.3%/yr

  Total TWF (bn m³)
  Year               Value       Abs_Chg     Pct_Chg          CAGR
  ──────────────────────────────────────────────────────────────
  2015              5.6762 bn m³        (base)
  2019              6.6911 bn m³  ↑    1.0149      +17.9%       +4.2%/yr
  2022              6.2407 bn m³  ↑    0.5645       +9.9%       +1.4%/yr

  Scarce TWF (bn m³; blue×WSI)
  Year               Value       Abs_Chg     Pct_Chg          CAGR
  ──────────────────────────────────────────────────────────────
  2015              2.7719 bn m³        (base)
  2019              2.6970 bn m³  ↓    0.0749       -2.7%       -0.7%/yr
  2022              2.8653 bn m³  ↑    0.0934       +3.4%       +0.5%/yr

  Outbound TWF (bn m³; PLACEHOLDER)
  Year               Value       Abs_Chg     Pct_Chg          CAGR
  ──────────────────────────────────────────────────────────────
  2015              1.8848 bn m³        (base)
  2019              2.5351 bn m³  ↑    0.6503      +34.5%       +7.7%/yr
  2022              0.6126 bn m³  ↓    1.2723      -67.5%      -14.8%/yr

  Net TWF balance (bn m³; +→importer)
  Year               Value       Abs_Chg     Pct_Chg          CAGR
  ──────────────────────────────────────────────────────────────
  2015              0.4470 bn m³        (base)
  2019              0.8653 bn m³  ↑    0.4184      +93.6%      +18.0%/yr
  2022             -1.0060 bn m³  ↓    1.4530     -325.1%    sign-cross
  WSI weights (Aqueduct 4.0): Agriculture=0.827  Industry=0.814  Services=0.000
  USD/INR rates used: 2015: ₹65.00/USD  |  2019: ₹70.00/USD  |  2022: ₹79.50/USD

  Total L/tourist/day (all)
  Year               Value       Abs_Chg     Pct_Chg          CAGR
  ──────────────────────────────────────────────────────────────
  2015           1096.0000 L/day        (base)
  2019            670.0000 L/day  ↓  426.0000      -38.9%      -11.6%/yr
  2022            707.0000 L/day  ↓  389.0000      -35.5%       -6.1%/yr

  Total L/tourist/day (domestic)
  Year               Value       Abs_Chg     Pct_Chg          CAGR
  ──────────────────────────────────────────────────────────────
  2015            842.0000 L/day        (base)
  2019            513.0000 L/day  ↓  329.0000      -39.1%      -11.7%/yr
  2022            532.0000 L/day  ↓  310.0000      -36.8%       -6.3%/yr

  Total L/tourist/day (inbound)
  Year               Value       Abs_Chg     Pct_Chg          CAGR
  ──────────────────────────────────────────────────────────────
  2015           8628.0000 L/day        (base)
  2019           7037.0000 L/day  ↓ 1591.0000      -18.4%       -5.0%/yr
  2022           9299.0000 L/day  ↑  671.0000       +7.8%       +1.1%/yr

══════════════════════════════════════════════════════════════════════
  DATA QUALITY FLAGS
══════════════════════════════════════════════════════════════════════

  ── Check 1 — Per-tourist intensity change ──
       2015 → 2019: 1,096 → 670 L/day  (-38.9%)
       ⚠ WARNING: intensity DROP of -38.9% > 30%
         TWF change: +17.9%  |  Tourist-days change: +92.8%
       2019 → 2022: 670 → 707 L/day  (+5.5%)
       ✓ Change within ±30%

  ── Check 2 — Total = indirect + direct ──
       ✓ 2015: 5.153 + 0.523 = 5.676 bn m³
       ✓ 2019: 5.761 + 0.930 = 6.691 bn m³
       ✓ 2022: 5.385 + 0.856 = 6.241 bn m³

  ── Check 3 — Domestic/inbound ratio ──
       ✓ 2015: dom 1432M × 3.5d  |  inb 8.03M × 21.0d  |  ratio 30:1
       ✓ 2019: dom 2321M × 4.2d  |  inb 10.93M × 22.0d  |  ratio 41:1
       ✓ 2022: dom 1731M × 5.0d  |  inb 8.58M × 20.5d  |  ratio 49:1

  ── Check 4 — avg_stay_days source ──
       2015: domestic=3.5d  inbound=21.0d
       2019: domestic=4.2d  inbound=22.0d
       2022: domestic=5.0d  inbound=20.5d

  Indirect TWF by category — sector trends (2015 → 2022)
  Top 5 improved (fell most):
    Railway Transport                              -79.0%
    Machinery Rental                               -57.7%
    Real Estate                                    -37.4%
    Public Admin & Education                       -22.9%
    Health & Social Work                           -18.5%
  Top 5 worsened (rose most):
    Leather Footwear                               +68.6%
    Other Services                                 +57.3%
    Other Chemicals                                +56.5%
    Paper Products                                 +53.6%
    Electricity, Heat & Energy                     +53.3%

══════════════════════════════════════════════════════════════════════
  TYPE I WATER MULTIPLIERS (WL diagonal — m³/₹ crore)
══════════════════════════════════════════════════════════════════════

  ── ⚠ 1 product(s) multiplier→zero in 2022 (EXIOBASE artefacts) ──
       ID     Product Name                                  2015          2022      Chg%
       ──────────────────────────────────────────────────────────────────────────────
       39     Mica                                       2799.41          0.00   -100.0%

  ── Genuine improvements (2015→2022) ──
       139    Community, social and personal serv        1392.31        201.10    -85.6%
       119    Hotels & Restaurant                       14690.79       2514.08    -82.9%
       140    Recreation, entertainment and radio        2475.38        426.02    -82.8%
       130    Real estate services                       1389.75        253.54    -81.8%
       125    Storage and warehousing                    3838.74       1185.91    -69.1%

  ── Genuine deteriorations (2015→2022) ──
       112    Miscellaneous manufacturing                2634.41       4723.15    +79.3%
       72     Coal tar products                          4086.94       6260.13    +53.2%
       32     Crude petroleum                            1377.13       2072.35    +50.5%
       71     Petroleum products                         3507.86       5206.68    +48.4%
       111    Gems & jewellery                            476.12        698.59    +46.7%

  ── Water Multiplier Ratio (WL[j] / economy-average) ──
       2015: 3 above avg, 21 below — max=3.83× min=0.04×

    Category_Name               Ratio (×avg)
    ──────────────────────────  ────────────
    Grain Mill & Bakery         3.833×      
    Processed Fruit/Veg         2.667×      
    Railway Transport           1.344×      
    Beverages                   0.777×      
    Electricity, Heat & Energy  0.549×      

       2019: 2 above avg, 22 below — max=4.46× min=0.05×

    Category_Name               Ratio (×avg)
    ──────────────────────────  ────────────
    Grain Mill & Bakery         4.458×      
    Processed Fruit/Veg         1.367×      
    Beverages                   0.834×      
    Electricity, Heat & Energy  0.740×      
    Railway Transport           0.723×      

       2022: 2 above avg, 22 below — max=4.14× min=0.03×

    Category_Name               Ratio (×avg)
    ──────────────────────────  ────────────
    Grain Mill & Bakery         4.145×      
    Processed Fruit/Veg         1.806×      
    Beverages                   0.770×      
    Electricity, Heat & Energy  0.607×      
    Textiles                    0.512×      

  ✓  Saved Total TWF  (3 rows → twf_total_all_years.csv)
  ✓  Saved Per-tourist  (3 rows → twf_per_tourist_intensity.csv)
  ✓  Saved Sector trends  (76 rows → twf_sector_trends.csv)
  ✓  Saved Type I multipliers  (140 rows → twf_type1_multipliers.csv)
  ✓  Saved Multiplier artefacts  (1 rows → twf_multiplier_artifacts.csv)
  ✓  Saved Multiplier ratios  (72 rows → twf_multiplier_ratio_all.csv)
  ✓  Report written: /Users/kumar.aniket/Documents/personal/research/tourism-water-footprint/twf-calculation/3-final-results/comparison/twf_comparison_report.txt
  ✓  Report written: /Users/kumar.aniket/Documents/personal/research/tourism-water-footprint/twf-calculation/3-final-results/comparison/run_report_1772539606.md
  ✓  Done in 0.1s

──────────────────────────────────────────────────────────────────────
  Step 'compare_years' finished  |  elapsed: 0.1s
  Warnings: 0  |  Errors: 0
