# Log started: 2026-02-23T21:11:55.401066

======================================================================
  CROSS-YEAR TWF COMPARISON
======================================================================

  Indirect TWF (bn m³)
  Year               Value       Abs_Chg     Pct_Chg          CAGR
  ──────────────────────────────────────────────────────────────
  2015              6.4198 bn m³        (base)
  2019              6.5374 bn m³  ↑    0.1176       +1.8%       +0.5%/yr
  2022              5.1515 bn m³  ↓    1.2683      -19.8%       -3.1%/yr

  Direct TWF BASE (bn m³)
  Year               Value       Abs_Chg     Pct_Chg          CAGR
  ──────────────────────────────────────────────────────────────
  2015              0.5228 bn m³        (base)
  2019              0.9303 bn m³  ↑    0.4075      +77.9%      +15.5%/yr
  2022              0.8561 bn m³  ↑    0.3333      +63.8%       +7.3%/yr

  Total TWF (bn m³)
  Year               Value       Abs_Chg     Pct_Chg          CAGR
  ──────────────────────────────────────────────────────────────
  2015              6.9425 bn m³        (base)
  2019              7.4676 bn m³  ↑    0.5251       +7.6%       +1.8%/yr
  2022              6.0076 bn m³  ↓    0.9349      -13.5%       -2.0%/yr
  USD/INR rates used: 2015: ₹65.00/USD  |  2019: ₹70.00/USD  |  2022: ₹79.50/USD

  L/tourist/day (all tourists)
  Year               Value       Abs_Chg     Pct_Chg          CAGR
  ──────────────────────────────────────────────────────────────
  2015           1340.0000 L/day        (base)
  2019            748.0000 L/day  ↓  592.0000      -44.2%      -13.6%/yr
  2022            680.0000 L/day  ↓  660.0000      -49.3%       -9.2%/yr

======================================================================
  DATA QUALITY FLAGS
======================================================================

  ── Check 1 — Per-tourist intensity year-on-year change
    2015 → 2019: intensity 1,340 → 748 L/day  (-44.2%)
    ⚠ WARNING: intensity drop of -44.2% exceeds 30% threshold.
    Decomposition:
      Total TWF change:    +7.6%  (6.94 → 7.47 bn m³)
      Tourist-days change: +92.8%  (5181M → 9989M days)
    If tourist-days grew much faster than TWF, the likely cause is
    a methodology change in domestic tourist counting between survey
    rounds — NOT a genuine efficiency improvement.
    ACTION: Verify domestic_tourists_M definitions are comparable
    across years in reference_data.md § ACTIVITY_DATA.
    2019 → 2022: intensity 748 → 680 L/day  (-9.1%)
    ✓ Change within ±30% — plausible year-on-year variation.

  ── Check 2 — Total TWF numerator consistency (indirect + direct)
    ✓ 2015: indirect + direct = total  (6.420 + 0.523 = 6.943 bn m³)
    ✓ 2019: indirect + direct = total  (6.537 + 0.930 = 7.468 bn m³)
    ✓ 2022: indirect + direct = total  (5.151 + 0.856 = 6.008 bn m³)

  ── Check 3 — Domestic vs inbound tourist-days ratio
    ✓ 2015: dom 1432M × 3.5d = 5012M days  |  inb 8.03M × 21.0d = 169M days  |  ratio 30:1
    ✓ 2019: dom 2321M × 4.2d = 9748M days  |  inb 10.93M × 22.0d = 240M days  |  ratio 41:1
    ✓ 2022: dom 1731M × 5.0d = 8655M days  |  inb 8.58M × 20.5d = 176M days  |  ratio 49:1

  ── Check 4 — avg_stay_days data source and values
    ✓ AVG_STAY_DAYS contains non-default values.
    2015: domestic=3.5d  inbound=21.0d
    2019: domestic=4.2d  inbound=22.0d
    2022: domestic=5.0d  inbound=20.5d

  Indirect TWF by category — sector trends (2015 → 2022)
  Top 5 improved (fell most):
    Hotels & Restaurants                           -74.0%
    Public Administration                          -66.1%
    Financial Services                             -49.9%
    Health & Social Work                           -18.5%
    Processed Fruit/Veg                             -8.6%
  Top 5 worsened (rose most):
    Leather Footwear                               +68.6%
    Other Services                                 +57.3%
    Other Chemicals                                +56.5%
    Paper Products                                 +53.6%
    Electricity, Heat & Energy                     +53.3%

  ── Type I Water Multipliers (WL diagonal)
  ✓ Saved Total TWF  (3 rows)
  ✓ Saved Per-tourist  (3 rows)
  ✓ Saved Sector trends  (76 rows)
  ✓ Report written: /Users/kumar.aniket/Downloads/surveydata/tourism-water-footprint/twf-calculation/3-final-results/comparison/twf_comparison_report.txt
  ✓ Report written: /Users/kumar.aniket/Downloads/surveydata/tourism-water-footprint/twf-calculation/3-final-results/comparison/run_report_1771848712.md
  ✓ Done in 0.1s
