══════════════════════════════════════════════════════════════════════
  Log started : 2026-03-03 10:41:49
  Step        : outbound_twf
  Log file    : /Users/kumar.aniket/Documents/personal/research/tourism-water-footprint/twf-calculation/logs/outbound_twf_20260303_104149.log
══════════════════════════════════════════════════════════════════════

══════════════════════════════════════════════════════════════════════
  OUTBOUND TOURISM WATER FOOTPRINT & NET BALANCE
══════════════════════════════════════════════════════════════════════
     Source: India Tourism Statistics 2022 destination shares
             × Hoekstra & Mekonnen (2012) national WF
             × tourist multiplier = 1.5
     NOTE: Destination shares are PLACEHOLDER — verify before publication.

  ── Year: 2015 ──
  ✓  Outbound TWF 2015: 20.0M tourists × 7.0 days → 1.8849 bn m³

  ── Top 5 destinations by outbound TWF — 2015 ──

    Country       Share  WF(L)    Tourists(M)  Outbound m³  WSI 
    ────────────  ─────  ───────  ───────────  ───────────  ────
    UAE           30%    5,765.0  6.00         995,054,795  1.00
    Others        22%    2,000.0  4.40         253,150,685  0.40
    USA           12%    2,842.0  2.40         196,214,795  0.35
    Thailand      6%     3,307.0  1.20         114,159,452  0.55
    Saudi Arabia  7%     2,671.0  1.40         107,571,781  1.00


  ── Year: 2019 ──
  ✓  Outbound TWF 2019: 26.9M tourists × 7.0 days → 2.5351 bn m³

  ── Top 5 destinations by outbound TWF — 2019 ──

    Country       Share  WF(L)    Tourists(M)  Outbound m³    WSI 
    ────────────  ─────  ───────  ───────────  ─────────────  ────
    UAE           30%    5,765.0  8.07         1,338,348,699  1.00
    Others        22%    2,000.0  5.92         340,487,671    0.40
    USA           12%    2,842.0  3.23         263,908,899    0.35
    Thailand      6%     3,307.0  1.61         153,544,463    0.55
    Saudi Arabia  7%     2,671.0  1.88         144,684,045    1.00


  ── Year: 2022 ──
  ✓  Outbound TWF 2022: 7.0M tourists × 6.5 days → 0.6126 bn m³

  ── Top 5 destinations by outbound TWF — 2022 ──

    Country       Share  WF(L)    Tourists(M)  Outbound m³  WSI 
    ────────────  ─────  ───────  ───────────  ───────────  ────
    UAE           30%    5,765.0  2.10         323,392,808  1.00
    Others        22%    2,000.0  1.54         82,273,973   0.40
    USA           12%    2,842.0  0.84         63,769,808   0.35
    Thailand      6%     3,307.0  0.42         37,101,822   0.55
    Saudi Arabia  7%     2,671.0  0.49         34,960,829   1.00


  ── Net TWF Balance (Outbound − Inbound) ──

  Year      Outbound (bn m³)    Inbound (bn m³)    Net (bn m³)     Direction
  ────────────────────────────────────────────────────────────────────────
  2015                1.8848             1.4379        +0.4470      importer
  2019                2.5351             1.6698        +0.8653      importer
  2022                0.6126             1.6186        -1.0060      exporter
  ✓  2022: India is a NET EXPORTER of water via tourism. Top destinations UAE/Saudi Arabia face extreme water stress (WSI=1.0) — India's outbound tourism embeds virtual water in water-scarce regions.
  ✓  Saved Outbound TWF all years  (3 rows → outbound_twf_all_years.csv)
  ✓  Saved Outbound TWF by destination  (33 rows → outbound_twf_by_dest.csv)
  ✓  Summary: outbound_twf_summary.txt

  Outbound TWF (billion m³)
  Year               Value       Abs_Chg     Pct_Chg          CAGR
  ──────────────────────────────────────────────────────────────
  2015              1.8848 bn m³        (base)
  2019              2.5351 bn m³  ↑    0.6503      +34.5%       +7.7%/yr
  2022              0.6126 bn m³  ↓    1.2723      -67.5%      -14.8%/yr

  Net TWF balance (billion m³; + = importer)
  Year               Value       Abs_Chg     Pct_Chg          CAGR
  ──────────────────────────────────────────────────────────────
  2015              0.4470 bn m³        (base)
  2019              0.8653 bn m³  ↑    0.4184      +93.6%      +18.0%/yr
  2022             -1.0060 bn m³  ↓    1.4530     -325.1%    sign-cross
  ✓  Done in 0.0s

──────────────────────────────────────────────────────────────────────
  Step 'outbound_twf' finished  |  elapsed: 0.0s
  Warnings: 0  |  Errors: 0
