# Log started: 2026-03-01T09:04:36.054965

======================================================================
  VISUALISE RESULTS — 12 publication-quality charts
======================================================================

  ── 1. SDA waterfall
  ✓ Saved: waterfall_sda.png

  ── 2. MC violin
  ✓ Saved: violin_monte_carlo.png

  ── 3. Water origin stacked
  ✓ Saved: water_origin_stacked.png

  ── 4. Top-10 categories
  ✓ Saved: top10_categories_2015.png
  ✓ Saved: top10_categories_2019.png
  ✓ Saved: top10_categories_2022.png

  ── 5. Slope per tourist
  ✓ Saved: slope_per_tourist.png

  ── 6. Total TWF trend + MC band
  ✓ Saved: total_twf_trend.png

  ── 7. Crop heatmap
  ✓ Saved: crop_heatmap.png

  ── 8. COVID decoupling panel
  ✓ Saved: covid_decoupling_panel.png

  ── 9. HEM dependency bar
  ✓ Saved: hem_dependency.png

  ── 10. Decoupling scatter
  ⚠ Decoupling scatter: no demand column in totals CSV — skipping

  ── 11. Inbound/dom contribution
  ✓ Saved: inbound_dom_contribution.png

  ── 12. Tornado MC variance
  ✓ Saved: tornado_mc_variance.png

======================================================================
  Chart Summary
======================================================================
  ✓   1. SDA waterfall                         ✓
  ✓   2. MC violin                             ✓
  ✓   3. Water origin stacked                  ✓
  ✓   4. Top-10 categories                     ✓
  ✓   5. Slope per tourist                     ✓
  ✓   6. Total TWF trend + MC band             ✓
  ✓   7. Crop heatmap                          ✓
  ✓   8. COVID decoupling panel                ✓
  ✓   9. HEM dependency bar                    ✓
  ✓   10. Decoupling scatter                   ✓
  ✓   11. Inbound/dom contribution             ✓
  ✓   12. Tornado MC variance                  ✓
  ✓ 
12/12 charts generated successfully
  ✓ Output directory: /Users/kumar.aniket/Documents/personal/research/tourism-water-footprint/twf-calculation/3-final-results/visualisation
  ✓ Done in 2.2s
